#
# A fatal error has been detected by the Java Runtime Environment:
#
#  SIGILL (0x4) at pc=0x00007fff343a0aaf, pid=19433, tid=775
#
# JRE version: OpenJDK Runtime Environment (14.0.1+7) (build 14.0.1+7)
# Java VM: OpenJDK 64-Bit Server VM (14.0.1+7, mixed mode, sharing, tiered, compressed oops, g1 gc, bsd-amd64)
# Problematic frame:
# C  [CoreFoundation+0x1b0aaf]  _CFRelease.cold.3+0xe
#
# No core dump will be written. Core dumps have been disabled. To enable core dumping, try "ulimit -c unlimited" before starting Java again
#
# If you would like to submit a bug report, please visit:
#   https://bugreport.java.com/bugreport/crash.jsp
# The crash happened outside the Java Virtual Machine in native code.
# See problematic frame for where to report the bug.
#

---------------  S U M M A R Y ------------

Command Line: -Djava.library.path=/Users/dgoptsii/Game/natives:/Users/dgoptsii/Game/Libary -javaagent:/Applications/IntelliJ IDEA CE.app/Contents/lib/idea_rt.jar=53717:/Applications/IntelliJ IDEA CE.app/Contents/bin -Dfile.encoding=UTF-8 Game.SetupGame

Host: MacBookPro12,1 x86_64 2700 MHz, 4 cores, 8G, Darwin 19.4.0
Time: Sat May 23 13:43:01 2020 EEST elapsed time: 0 seconds (0d 0h 0m 0s)

---------------  T H R E A D  ---------------

Current thread (0x00007fd79e136000):  JavaThread "AppKit Thread" daemon [_thread_in_native, id=775, stack(0x00007ffeec286000,0x00007ffeeca86000)]

Stack: [0x00007ffeec286000,0x00007ffeeca86000],  sp=0x00007ffeeca83188,  free space=8180k
Native frames: (J=compiled Java code, A=aot compiled Java code, j=interpreted, Vv=VM code, C=native code)
C  [CoreFoundation+0x1b0aaf]  _CFRelease.cold.3+0xe
C  [SkyLight+0xd5246]  event_finalize(void const*)+0x43
C  [CoreFoundation+0x14f769]  _CFRelease+0xee
C  [HIToolbox+0x64da]  ReleaseEvent+0xe8
C  [AppKit+0x21ec79]  -[NSEvent dealloc]+0x67
C  [AppKit+0x3f87b]  -[NSApplication(NSEvent) _nextEventMatchingEventMask:untilDate:inMode:dequeue:]+0x8e3
C  [libosxapp.dylib+0x291e]  -[NSApplicationAWT nextEventMatchingMask:untilDate:inMode:dequeue:]+0x79
C  [AppKit+0x311ee]  -[NSApplication run]+0x292
C  [libosxapp.dylib+0x2763]  +[NSApplicationAWT runAWTLoopWithApp:]+0xde
C  [libawt_lwawt.dylib+0x39051]  +[AWTStarter starter:headless:]+0x342
C  [JavaNativeFoundation+0x6ff9]  +[JNFRunLoop _performCopiedBlock:]+0xf
C  [Foundation+0x9b1bd]  __NSThreadPerformPerform+0xcc
C  [CoreFoundation+0x83f12]  __CFRUNLOOP_IS_CALLING_OUT_TO_A_SOURCE0_PERFORM_FUNCTION__+0x11
C  [CoreFoundation+0x83eb1]  __CFRunLoopDoSource0+0x67
C  [CoreFoundation+0x83ccb]  __CFRunLoopDoSources0+0xd1
C  [CoreFoundation+0x829fa]  __CFRunLoopRun+0x39f
C  [CoreFoundation+0x81ffe]  CFRunLoopRunSpecific+0x1ce
C  [libjli.dylib+0x65c1]  CreateExecutionEnvironment+0x18f
C  [libjli.dylib+0x2752]  JLI_Launch+0x54a
C  [java+0xca1]  main+0x177
C  [libdyld.dylib+0x1acc9]  start+0x1


siginfo: si_signo: 4 (SIGILL), si_code: 1 (ILL_ILLOPC), si_addr: 0x00007fff343a0aaf

Register to memory mapping:

RAX=0x00007fff3458abf4: _XMLPlistAppendDataUsingBase64.__CFPLDataEncodeTable+0x2054 in /System/Library/Frameworks/CoreFoundation.framework/Versions/A/CoreFoundation at 0x00007fff341f0000
RBX=0x00007fd79c6de430 points into unknown readable memory: 01 00 1a 00 c6 d3 47 4c
RCX=0x00007fd79c6de430 points into unknown readable memory: 01 00 1a 00 c6 d3 47 4c
RDX=0x00007fff6ce91448: objc_debug_isa_class_mask+0 in /usr/lib/libobjc.A.dylib at 0x00007fff6ce67000
RSP=0x00007ffeeca83188 is pointing into the stack for thread: 0x00007fd79e136000
RBP=0x00007ffeeca831e0 is pointing into the stack for thread: 0x00007fd79e136000
RSI=0x00007fd79e1879cc points into unknown readable memory: 00 00 00 00
RDI=0x00007fd79c6e2f50 points into unknown readable memory: 00 00 00 00 00 00 00 00
R8 =0x00007fd79c55b780 points into unknown readable memory: 54 45 58 54 00 00 00 00
R9 =0x00007fd79c670400 points into unknown readable memory: 00 00 01 00 01 00 00 00
R10=0x0000000000000130 is an unknown value
R11=0x000000274e8fb83c is an unknown value
R12=0x000000000000013a is an unknown value
R13=0x00007fd79c6da1f0 points into unknown readable memory: 89 f1 ee 8b ff ff 1d 00
R14=0xffffffff00000000 is an unknown value
R15=0x0000000100000000 is an unknown value


Registers:
RAX=0x00007fff3458abf4, RBX=0x00007fd79c6de430, RCX=0x00007fd79c6de430, RDX=0x00007fff6ce91448
RSP=0x00007ffeeca83188, RBP=0x00007ffeeca831e0, RSI=0x00007fd79e1879cc, RDI=0x00007fd79c6e2f50
R8 =0x00007fd79c55b780, R9 =0x00007fd79c670400, R10=0x0000000000000130, R11=0x000000274e8fb83c
R12=0x000000000000013a, R13=0x00007fd79c6da1f0, R14=0xffffffff00000000, R15=0x0000000100000000
RIP=0x00007fff343a0aaf, EFLAGS=0x0000000000010207, ERR=0x0000000000000000
  TRAPNO=0x0000000000000006

Top of Stack: (sp=0x00007ffeeca83188)
0x00007ffeeca83188:   00007fff3433fb4d 00007ffeeca831d0
0x00007ffeeca83198:   00007fff32e7c231 0000003000000004
0x00007ffeeca831a8:   000000006d61676e 3148e1b16a9a00ac
0x00007ffeeca831b8:   00007fd79c6da1f0 000000000000013a
0x00007ffeeca831c8:   00007fd79c6da1f0 ffffffff00000000
0x00007ffeeca831d8:   0000000100000000 00007ffeeca83200
0x00007ffeeca831e8:   00007fff63301246 00007fff63301203
0x00007ffeeca831f8:   0000000100013a80 00007ffeeca83260
0x00007ffeeca83208:   00007fff3433f769 00007fff35662c04
0x00007ffeeca83218:   00007fd79c552e78 ffffffffffffffff
0x00007ffeeca83228:   00007fd79c669cd0 3148e1b16a9a00ac
0x00007ffeeca83238:   0000000000000004 00000000000000a0
0x00007ffeeca83248:   00007fd79c669cd0 00007fd79c66fe78
0x00007ffeeca83258:   00007fd79c66fe00 00007ffeeca83290
0x00007ffeeca83268:   00007fff32e7c4da 00007fd79c6fa080
0x00007ffeeca83278:   00007fd79c7aef10 00007fff6ce6f660
0x00007ffeeca83288:   00007fff6ce6d800 00007ffeeca832c0
0x00007ffeeca83298:   00007fff316cec79 0000000000000005
0x00007ffeeca832a8:   0000000000000005 0000000000000005
0x00007ffeeca832b8:   00007fff782d27ed 00007ffeeca83520
0x00007ffeeca832c8:   00007fff314ef87b 00007ffeeca834b8
0x00007ffeeca832d8:   00007fd79c507490 00007fd79c58e520
0x00007ffeeca832e8:   00007fff3219b168 00007fff8bdf8218
0x00007ffeeca832f8:   00007fff3215645a 00007fff32158ed9
0x00007ffeeca83308:   00007fff788ce374 00007fff782e0614
0x00007ffeeca83318:   00007fff782b7390 00007fff787175ac
0x00007ffeeca83328:   0000000000000000 0000000000000000
0x00007ffeeca83338:   00007fff32193546 00007fff782b1b73
0x00007ffeeca83348:   00007fff782a50e7 00007fff782a8f92
0x00007ffeeca83358:   00007fff782ac2b9 00007fff782af75a
0x00007ffeeca83368:   00007fff7889e09a 00007fff783b5e04
0x00007ffeeca83378:   00007fff32193b8e 00007fd79c6fa080 

Instructions: (pc=0x00007fff343a0aaf)
0x00007fff343a09af:   05 9c 93 1e 00 48 89 05 75 9b b5 57 0f 0b 55 48
0x00007fff343a09bf:   89 e5 4d 89 ca 48 89 d0 c6 02 03 66 c7 41 01 03
0x00007fff343a09cf:   42 c6 41 03 08 4c 89 41 04 66 ba 41 08 66 89 51
0x00007fff343a09df:   0c 48 89 79 0e 66 89 51 16 48 89 71 18 48 8d 3d
0x00007fff343a09ef:   0d f6 e4 ff 48 8d 0d a6 f7 29 00 6a 10 5a 6a 20
0x00007fff343a09ff:   41 59 4c 89 d6 49 89 c0 e8 fc 94 00 00 5d c3 48
0x00007fff343a0a0f:   8d 05 ca 97 1e 00 48 89 05 14 9b b5 57 0f 0b 66
0x00007fff343a0a1f:   90 90 48 8d 05 59 9c 1e 00 48 89 05 01 9b b5 57
0x00007fff343a0a2f:   0f 0b 48 8d 05 74 9e 1e 00 48 89 05 f1 9a b5 57
0x00007fff343a0a3f:   0f 0b 48 8d 05 64 9e 1e 00 48 89 05 e1 9a b5 57
0x00007fff343a0a4f:   0f 0b 48 8d 05 b4 9d 1e 00 48 89 05 d1 9a b5 57
0x00007fff343a0a5f:   0f 0b 48 8d 05 a4 9d 1e 00 48 89 05 c1 9a b5 57
0x00007fff343a0a6f:   0f 0b 48 8d 05 2d 9c 1e 00 48 89 05 b1 9a b5 57
0x00007fff343a0a7f:   0f 0b 48 8d 05 84 9d 1e 00 48 89 05 a1 9a b5 57
0x00007fff343a0a8f:   0f 0b 48 8d 05 74 9d 1e 00 48 89 05 91 9a b5 57
0x00007fff343a0a9f:   0f 0b 48 8d 05 4c a1 1e 00 48 89 05 81 9a b5 57
0x00007fff343a0aaf:   0f 0b 48 8d 05 16 9c 1e 00 48 89 05 71 9a b5 57
0x00007fff343a0abf:   0f 0b 48 8d 05 2b 9c 1e 00 48 89 05 61 9a b5 57
0x00007fff343a0acf:   0f 0b 48 8d 05 4f 9c 1e 00 48 89 05 51 9a b5 57
0x00007fff343a0adf:   0f 0b 48 8d 05 9b 9c 1e 00 48 89 05 41 9a b5 57
0x00007fff343a0aef:   0f 0b 48 8d 05 e8 9c 1e 00 48 89 05 31 9a b5 57
0x00007fff343a0aff:   0f 0b 48 8d 05 04 9d 1e 00 48 89 05 21 9a b5 57
0x00007fff343a0b0f:   0f 0b 48 8d 05 0d 9d 1e 00 48 89 05 11 9a b5 57
0x00007fff343a0b1f:   0f 0b 48 8d 05 84 9d 1e 00 48 89 05 01 9a b5 57
0x00007fff343a0b2f:   0f 0b 48 8d 05 74 9d 1e 00 48 89 05 f1 99 b5 57
0x00007fff343a0b3f:   0f 0b 48 8d 05 64 9d 1e 00 48 89 05 e1 99 b5 57
0x00007fff343a0b4f:   0f 0b 48 8d 05 54 9d 1e 00 48 89 05 d1 99 b5 57
0x00007fff343a0b5f:   0f 0b 48 8d 05 f0 9c 1e 00 48 89 05 c1 99 b5 57
0x00007fff343a0b6f:   0f 0b 48 8d 05 ad 9c 1e 00 48 89 05 b1 99 b5 57
0x00007fff343a0b7f:   0f 0b 48 8d 05 24 9d 1e 00 48 89 05 a1 99 b5 57
0x00007fff343a0b8f:   0f 0b 48 8d 05 14 9d 1e 00 48 89 05 91 99 b5 57
0x00007fff343a0b9f:   0f 0b 48 8d 05 04 9d 1e 00 48 89 05 81 99 b5 57 


Stack slot to memory mapping:
stack at sp + 0 slots: 0x00007fff3433fb4d: _CFRelease+0x4d2 in /System/Library/Frameworks/CoreFoundation.framework/Versions/A/CoreFoundation at 0x00007fff341f0000
stack at sp + 1 slots: 0x00007ffeeca831d0 is pointing into the stack for thread: 0x00007fd79e136000
stack at sp + 2 slots: 0x00007fff32e7c231: _ZN11TypeManager13FindCallbacksEjhP25HITypeCompressedCallBacks+0x51 in /System/Library/Frameworks/Carbon.framework/Versions/A/Frameworks/HIToolbox.framework/Versions/A/HIToolbox at 0x00007fff32e76000
stack at sp + 3 slots: 0x0000003000000004 is an unknown value
stack at sp + 4 slots: 0x000000006d61676e is an unknown value
stack at sp + 5 slots: 0x3148e1b16a9a00ac is an unknown value
stack at sp + 6 slots: 0x00007fd79c6da1f0 points into unknown readable memory: 89 f1 ee 8b ff ff 1d 00
stack at sp + 7 slots: 0x000000000000013a is an unknown value


---------------  P R O C E S S  ---------------

Threads class SMR info:
_java_thread_list=0x00007fd79c6b89c0, length=13, elements={
0x00007fd79d00b800, 0x00007fd79d00c000, 0x00007fd79d844800, 0x00007fd79e087000,
0x00007fd79c80f800, 0x00007fd79e088000, 0x00007fd79c810800, 0x00007fd79d848000,
0x00007fd79d015800, 0x00007fd79c80d800, 0x00007fd79d0bb000, 0x00007fd79e136000,
0x00007fd79d927000
}

Java Threads: ( => current thread )
  0x00007fd79d00b800 JavaThread "main" [_thread_in_native, id=9731, stack(0x0000700003777000,0x0000700003877000)]
  0x00007fd79d00c000 JavaThread "Reference Handler" daemon [_thread_blocked, id=17411, stack(0x0000700003e8c000,0x0000700003f8c000)]
  0x00007fd79d844800 JavaThread "Finalizer" daemon [_thread_blocked, id=14339, stack(0x0000700003f8f000,0x000070000408f000)]
  0x00007fd79e087000 JavaThread "Signal Dispatcher" daemon [_thread_blocked, id=22531, stack(0x0000700004198000,0x0000700004298000)]
  0x00007fd79c80f800 JavaThread "Service Thread" daemon [_thread_blocked, id=23043, stack(0x000070000429b000,0x000070000439b000)]
  0x00007fd79e088000 JavaThread "C2 CompilerThread0" daemon [_thread_blocked, id=42755, stack(0x000070000439e000,0x000070000449e000)]
  0x00007fd79c810800 JavaThread "C1 CompilerThread0" daemon [_thread_blocked, id=24067, stack(0x00007000044a1000,0x00007000045a1000)]
  0x00007fd79d848000 JavaThread "Sweeper thread" daemon [_thread_blocked, id=24579, stack(0x00007000045a4000,0x00007000046a4000)]
  0x00007fd79d015800 JavaThread "Common-Cleaner" daemon [_thread_blocked, id=41731, stack(0x00007000046a7000,0x00007000047a7000)]
  0x00007fd79c80d800 JavaThread "Monitor Ctrl-Break" daemon [_thread_in_native, id=25091, stack(0x00007000048ad000,0x00007000049ad000)]
  0x00007fd79d0bb000 JavaThread "Notification Thread" daemon [_thread_blocked, id=25859, stack(0x00007000049b0000,0x0000700004ab0000)]
=>0x00007fd79e136000 JavaThread "AppKit Thread" daemon [_thread_in_native, id=775, stack(0x00007ffeec286000,0x00007ffeeca86000)]
  0x00007fd79d927000 JavaThread "AWT-Shutdown" [_thread_blocked, id=30979, stack(0x0000700004c39000,0x0000700004d39000)]

Other Threads:
  0x00007fd79d842000 VMThread "VM Thread" [stack: 0x0000700003d89000,0x0000700003e89000] [id=13315]
  0x00007fd79d018000 WatcherThread [stack: 0x0000700004ab3000,0x0000700004bb3000] [id=40195]
  0x00007fd79d831000 GCTaskThread "GC Thread#0" [stack: 0x000070000387a000,0x000070000397a000] [id=12035]
  0x00007fd79e01a800 ConcurrentGCThread "G1 Main Marker" [stack: 0x000070000397d000,0x0000700003a7d000] [id=12291]
  0x00007fd79e01b000 ConcurrentGCThread "G1 Conc#0" [stack: 0x0000700003a80000,0x0000700003b80000] [id=13059]
  0x00007fd79e06c000 ConcurrentGCThread "G1 Refine#0" [stack: 0x0000700003b83000,0x0000700003c83000] [id=18691]
  0x00007fd79e06c800 ConcurrentGCThread "G1 Young RemSet Sampling" [stack: 0x0000700003c86000,0x0000700003d86000] [id=18179]

Threads with active compile tasks:

VM state:not at safepoint (normal execution)

VM Mutex/Monitor currently owned by a thread: None

Heap address: 0x0000000780000000, size: 2048 MB, Compressed Oops mode: Zero based, Oop shift amount: 3
Narrow klass base: 0x0000000800000000, Narrow klass shift: 3
Compressed class space size: 1073741824 Address: 0x0000000800b03000

Heap:
 garbage-first heap   total 133120K, used 4912K [0x0000000780000000, 0x0000000800000000)
  region size 1024K, 6 young (6144K), 0 survivors (0K)
 Metaspace       used 3277K, capacity 5450K, committed 5760K, reserved 1056768K
  class space    used 306K, capacity 515K, committed 640K, reserved 1048576K
Heap Regions: E=young(eden), S=young(survivor), O=old, HS=humongous(starts), HC=humongous(continues), CS=collection set, F=free, OA=open archive, CA=closed archive, TAMS=top-at-mark-start (previous, next)
|   0|0x0000000780000000, 0x0000000780000000, 0x0000000780100000|  0%| F|  |TAMS 0x0000000780000000, 0x0000000780000000| Untracked 
|   1|0x0000000780100000, 0x0000000780100000, 0x0000000780200000|  0%| F|  |TAMS 0x0000000780100000, 0x0000000780100000| Untracked 
|   2|0x0000000780200000, 0x0000000780200000, 0x0000000780300000|  0%| F|  |TAMS 0x0000000780200000, 0x0000000780200000| Untracked 
|   3|0x0000000780300000, 0x0000000780300000, 0x0000000780400000|  0%| F|  |TAMS 0x0000000780300000, 0x0000000780300000| Untracked 
|   4|0x0000000780400000, 0x0000000780400000, 0x0000000780500000|  0%| F|  |TAMS 0x0000000780400000, 0x0000000780400000| Untracked 
|   5|0x0000000780500000, 0x0000000780500000, 0x0000000780600000|  0%| F|  |TAMS 0x0000000780500000, 0x0000000780500000| Untracked 
|   6|0x0000000780600000, 0x0000000780600000, 0x0000000780700000|  0%| F|  |TAMS 0x0000000780600000, 0x0000000780600000| Untracked 
|   7|0x0000000780700000, 0x0000000780700000, 0x0000000780800000|  0%| F|  |TAMS 0x0000000780700000, 0x0000000780700000| Untracked 
|   8|0x0000000780800000, 0x0000000780800000, 0x0000000780900000|  0%| F|  |TAMS 0x0000000780800000, 0x0000000780800000| Untracked 
|   9|0x0000000780900000, 0x0000000780900000, 0x0000000780a00000|  0%| F|  |TAMS 0x0000000780900000, 0x0000000780900000| Untracked 
|  10|0x0000000780a00000, 0x0000000780a00000, 0x0000000780b00000|  0%| F|  |TAMS 0x0000000780a00000, 0x0000000780a00000| Untracked 
|  11|0x0000000780b00000, 0x0000000780b00000, 0x0000000780c00000|  0%| F|  |TAMS 0x0000000780b00000, 0x0000000780b00000| Untracked 
|  12|0x0000000780c00000, 0x0000000780c00000, 0x0000000780d00000|  0%| F|  |TAMS 0x0000000780c00000, 0x0000000780c00000| Untracked 
|  13|0x0000000780d00000, 0x0000000780d00000, 0x0000000780e00000|  0%| F|  |TAMS 0x0000000780d00000, 0x0000000780d00000| Untracked 
|  14|0x0000000780e00000, 0x0000000780e00000, 0x0000000780f00000|  0%| F|  |TAMS 0x0000000780e00000, 0x0000000780e00000| Untracked 
|  15|0x0000000780f00000, 0x0000000780f00000, 0x0000000781000000|  0%| F|  |TAMS 0x0000000780f00000, 0x0000000780f00000| Untracked 
|  16|0x0000000781000000, 0x0000000781000000, 0x0000000781100000|  0%| F|  |TAMS 0x0000000781000000, 0x0000000781000000| Untracked 
|  17|0x0000000781100000, 0x0000000781100000, 0x0000000781200000|  0%| F|  |TAMS 0x0000000781100000, 0x0000000781100000| Untracked 
|  18|0x0000000781200000, 0x0000000781200000, 0x0000000781300000|  0%| F|  |TAMS 0x0000000781200000, 0x0000000781200000| Untracked 
|  19|0x0000000781300000, 0x0000000781300000, 0x0000000781400000|  0%| F|  |TAMS 0x0000000781300000, 0x0000000781300000| Untracked 
|  20|0x0000000781400000, 0x0000000781400000, 0x0000000781500000|  0%| F|  |TAMS 0x0000000781400000, 0x0000000781400000| Untracked 
|  21|0x0000000781500000, 0x0000000781500000, 0x0000000781600000|  0%| F|  |TAMS 0x0000000781500000, 0x0000000781500000| Untracked 
|  22|0x0000000781600000, 0x0000000781600000, 0x0000000781700000|  0%| F|  |TAMS 0x0000000781600000, 0x0000000781600000| Untracked 
|  23|0x0000000781700000, 0x0000000781700000, 0x0000000781800000|  0%| F|  |TAMS 0x0000000781700000, 0x0000000781700000| Untracked 
|  24|0x0000000781800000, 0x0000000781800000, 0x0000000781900000|  0%| F|  |TAMS 0x0000000781800000, 0x0000000781800000| Untracked 
|  25|0x0000000781900000, 0x0000000781900000, 0x0000000781a00000|  0%| F|  |TAMS 0x0000000781900000, 0x0000000781900000| Untracked 
|  26|0x0000000781a00000, 0x0000000781a00000, 0x0000000781b00000|  0%| F|  |TAMS 0x0000000781a00000, 0x0000000781a00000| Untracked 
|  27|0x0000000781b00000, 0x0000000781b00000, 0x0000000781c00000|  0%| F|  |TAMS 0x0000000781b00000, 0x0000000781b00000| Untracked 
|  28|0x0000000781c00000, 0x0000000781c00000, 0x0000000781d00000|  0%| F|  |TAMS 0x0000000781c00000, 0x0000000781c00000| Untracked 
|  29|0x0000000781d00000, 0x0000000781d00000, 0x0000000781e00000|  0%| F|  |TAMS 0x0000000781d00000, 0x0000000781d00000| Untracked 
|  30|0x0000000781e00000, 0x0000000781e00000, 0x0000000781f00000|  0%| F|  |TAMS 0x0000000781e00000, 0x0000000781e00000| Untracked 
|  31|0x0000000781f00000, 0x0000000781f00000, 0x0000000782000000|  0%| F|  |TAMS 0x0000000781f00000, 0x0000000781f00000| Untracked 
|  32|0x0000000782000000, 0x0000000782000000, 0x0000000782100000|  0%| F|  |TAMS 0x0000000782000000, 0x0000000782000000| Untracked 
|  33|0x0000000782100000, 0x0000000782100000, 0x0000000782200000|  0%| F|  |TAMS 0x0000000782100000, 0x0000000782100000| Untracked 
|  34|0x0000000782200000, 0x0000000782200000, 0x0000000782300000|  0%| F|  |TAMS 0x0000000782200000, 0x0000000782200000| Untracked 
|  35|0x0000000782300000, 0x0000000782300000, 0x0000000782400000|  0%| F|  |TAMS 0x0000000782300000, 0x0000000782300000| Untracked 
|  36|0x0000000782400000, 0x0000000782400000, 0x0000000782500000|  0%| F|  |TAMS 0x0000000782400000, 0x0000000782400000| Untracked 
|  37|0x0000000782500000, 0x0000000782500000, 0x0000000782600000|  0%| F|  |TAMS 0x0000000782500000, 0x0000000782500000| Untracked 
|  38|0x0000000782600000, 0x0000000782600000, 0x0000000782700000|  0%| F|  |TAMS 0x0000000782600000, 0x0000000782600000| Untracked 
|  39|0x0000000782700000, 0x0000000782700000, 0x0000000782800000|  0%| F|  |TAMS 0x0000000782700000, 0x0000000782700000| Untracked 
|  40|0x0000000782800000, 0x0000000782800000, 0x0000000782900000|  0%| F|  |TAMS 0x0000000782800000, 0x0000000782800000| Untracked 
|  41|0x0000000782900000, 0x0000000782900000, 0x0000000782a00000|  0%| F|  |TAMS 0x0000000782900000, 0x0000000782900000| Untracked 
|  42|0x0000000782a00000, 0x0000000782a00000, 0x0000000782b00000|  0%| F|  |TAMS 0x0000000782a00000, 0x0000000782a00000| Untracked 
|  43|0x0000000782b00000, 0x0000000782b00000, 0x0000000782c00000|  0%| F|  |TAMS 0x0000000782b00000, 0x0000000782b00000| Untracked 
|  44|0x0000000782c00000, 0x0000000782c00000, 0x0000000782d00000|  0%| F|  |TAMS 0x0000000782c00000, 0x0000000782c00000| Untracked 
|  45|0x0000000782d00000, 0x0000000782d00000, 0x0000000782e00000|  0%| F|  |TAMS 0x0000000782d00000, 0x0000000782d00000| Untracked 
|  46|0x0000000782e00000, 0x0000000782e00000, 0x0000000782f00000|  0%| F|  |TAMS 0x0000000782e00000, 0x0000000782e00000| Untracked 
|  47|0x0000000782f00000, 0x0000000782f00000, 0x0000000783000000|  0%| F|  |TAMS 0x0000000782f00000, 0x0000000782f00000| Untracked 
|  48|0x0000000783000000, 0x0000000783000000, 0x0000000783100000|  0%| F|  |TAMS 0x0000000783000000, 0x0000000783000000| Untracked 
|  49|0x0000000783100000, 0x0000000783100000, 0x0000000783200000|  0%| F|  |TAMS 0x0000000783100000, 0x0000000783100000| Untracked 
|  50|0x0000000783200000, 0x0000000783200000, 0x0000000783300000|  0%| F|  |TAMS 0x0000000783200000, 0x0000000783200000| Untracked 
|  51|0x0000000783300000, 0x0000000783300000, 0x0000000783400000|  0%| F|  |TAMS 0x0000000783300000, 0x0000000783300000| Untracked 
|  52|0x0000000783400000, 0x0000000783400000, 0x0000000783500000|  0%| F|  |TAMS 0x0000000783400000, 0x0000000783400000| Untracked 
|  53|0x0000000783500000, 0x0000000783500000, 0x0000000783600000|  0%| F|  |TAMS 0x0000000783500000, 0x0000000783500000| Untracked 
|  54|0x0000000783600000, 0x0000000783600000, 0x0000000783700000|  0%| F|  |TAMS 0x0000000783600000, 0x0000000783600000| Untracked 
|  55|0x0000000783700000, 0x0000000783700000, 0x0000000783800000|  0%| F|  |TAMS 0x0000000783700000, 0x0000000783700000| Untracked 
|  56|0x0000000783800000, 0x0000000783800000, 0x0000000783900000|  0%| F|  |TAMS 0x0000000783800000, 0x0000000783800000| Untracked 
|  57|0x0000000783900000, 0x0000000783900000, 0x0000000783a00000|  0%| F|  |TAMS 0x0000000783900000, 0x0000000783900000| Untracked 
|  58|0x0000000783a00000, 0x0000000783a00000, 0x0000000783b00000|  0%| F|  |TAMS 0x0000000783a00000, 0x0000000783a00000| Untracked 
|  59|0x0000000783b00000, 0x0000000783b00000, 0x0000000783c00000|  0%| F|  |TAMS 0x0000000783b00000, 0x0000000783b00000| Untracked 
|  60|0x0000000783c00000, 0x0000000783c00000, 0x0000000783d00000|  0%| F|  |TAMS 0x0000000783c00000, 0x0000000783c00000| Untracked 
|  61|0x0000000783d00000, 0x0000000783d00000, 0x0000000783e00000|  0%| F|  |TAMS 0x0000000783d00000, 0x0000000783d00000| Untracked 
|  62|0x0000000783e00000, 0x0000000783e00000, 0x0000000783f00000|  0%| F|  |TAMS 0x0000000783e00000, 0x0000000783e00000| Untracked 
|  63|0x0000000783f00000, 0x0000000783f00000, 0x0000000784000000|  0%| F|  |TAMS 0x0000000783f00000, 0x0000000783f00000| Untracked 
|  64|0x0000000784000000, 0x0000000784000000, 0x0000000784100000|  0%| F|  |TAMS 0x0000000784000000, 0x0000000784000000| Untracked 
|  65|0x0000000784100000, 0x0000000784100000, 0x0000000784200000|  0%| F|  |TAMS 0x0000000784100000, 0x0000000784100000| Untracked 
|  66|0x0000000784200000, 0x0000000784200000, 0x0000000784300000|  0%| F|  |TAMS 0x0000000784200000, 0x0000000784200000| Untracked 
|  67|0x0000000784300000, 0x0000000784300000, 0x0000000784400000|  0%| F|  |TAMS 0x0000000784300000, 0x0000000784300000| Untracked 
|  68|0x0000000784400000, 0x0000000784400000, 0x0000000784500000|  0%| F|  |TAMS 0x0000000784400000, 0x0000000784400000| Untracked 
|  69|0x0000000784500000, 0x0000000784500000, 0x0000000784600000|  0%| F|  |TAMS 0x0000000784500000, 0x0000000784500000| Untracked 
|  70|0x0000000784600000, 0x0000000784600000, 0x0000000784700000|  0%| F|  |TAMS 0x0000000784600000, 0x0000000784600000| Untracked 
|  71|0x0000000784700000, 0x0000000784700000, 0x0000000784800000|  0%| F|  |TAMS 0x0000000784700000, 0x0000000784700000| Untracked 
|  72|0x0000000784800000, 0x0000000784800000, 0x0000000784900000|  0%| F|  |TAMS 0x0000000784800000, 0x0000000784800000| Untracked 
|  73|0x0000000784900000, 0x0000000784900000, 0x0000000784a00000|  0%| F|  |TAMS 0x0000000784900000, 0x0000000784900000| Untracked 
|  74|0x0000000784a00000, 0x0000000784a00000, 0x0000000784b00000|  0%| F|  |TAMS 0x0000000784a00000, 0x0000000784a00000| Untracked 
|  75|0x0000000784b00000, 0x0000000784b00000, 0x0000000784c00000|  0%| F|  |TAMS 0x0000000784b00000, 0x0000000784b00000| Untracked 
|  76|0x0000000784c00000, 0x0000000784c00000, 0x0000000784d00000|  0%| F|  |TAMS 0x0000000784c00000, 0x0000000784c00000| Untracked 
|  77|0x0000000784d00000, 0x0000000784d00000, 0x0000000784e00000|  0%| F|  |TAMS 0x0000000784d00000, 0x0000000784d00000| Untracked 
|  78|0x0000000784e00000, 0x0000000784e00000, 0x0000000784f00000|  0%| F|  |TAMS 0x0000000784e00000, 0x0000000784e00000| Untracked 
|  79|0x0000000784f00000, 0x0000000784f00000, 0x0000000785000000|  0%| F|  |TAMS 0x0000000784f00000, 0x0000000784f00000| Untracked 
|  80|0x0000000785000000, 0x0000000785000000, 0x0000000785100000|  0%| F|  |TAMS 0x0000000785000000, 0x0000000785000000| Untracked 
|  81|0x0000000785100000, 0x0000000785100000, 0x0000000785200000|  0%| F|  |TAMS 0x0000000785100000, 0x0000000785100000| Untracked 
|  82|0x0000000785200000, 0x0000000785200000, 0x0000000785300000|  0%| F|  |TAMS 0x0000000785200000, 0x0000000785200000| Untracked 
|  83|0x0000000785300000, 0x0000000785300000, 0x0000000785400000|  0%| F|  |TAMS 0x0000000785300000, 0x0000000785300000| Untracked 
|  84|0x0000000785400000, 0x0000000785400000, 0x0000000785500000|  0%| F|  |TAMS 0x0000000785400000, 0x0000000785400000| Untracked 
|  85|0x0000000785500000, 0x0000000785500000, 0x0000000785600000|  0%| F|  |TAMS 0x0000000785500000, 0x0000000785500000| Untracked 
|  86|0x0000000785600000, 0x0000000785600000, 0x0000000785700000|  0%| F|  |TAMS 0x0000000785600000, 0x0000000785600000| Untracked 
|  87|0x0000000785700000, 0x0000000785700000, 0x0000000785800000|  0%| F|  |TAMS 0x0000000785700000, 0x0000000785700000| Untracked 
|  88|0x0000000785800000, 0x0000000785800000, 0x0000000785900000|  0%| F|  |TAMS 0x0000000785800000, 0x0000000785800000| Untracked 
|  89|0x0000000785900000, 0x0000000785900000, 0x0000000785a00000|  0%| F|  |TAMS 0x0000000785900000, 0x0000000785900000| Untracked 
|  90|0x0000000785a00000, 0x0000000785a00000, 0x0000000785b00000|  0%| F|  |TAMS 0x0000000785a00000, 0x0000000785a00000| Untracked 
|  91|0x0000000785b00000, 0x0000000785b00000, 0x0000000785c00000|  0%| F|  |TAMS 0x0000000785b00000, 0x0000000785b00000| Untracked 
|  92|0x0000000785c00000, 0x0000000785c00000, 0x0000000785d00000|  0%| F|  |TAMS 0x0000000785c00000, 0x0000000785c00000| Untracked 
|  93|0x0000000785d00000, 0x0000000785d00000, 0x0000000785e00000|  0%| F|  |TAMS 0x0000000785d00000, 0x0000000785d00000| Untracked 
|  94|0x0000000785e00000, 0x0000000785e00000, 0x0000000785f00000|  0%| F|  |TAMS 0x0000000785e00000, 0x0000000785e00000| Untracked 
|  95|0x0000000785f00000, 0x0000000785f00000, 0x0000000786000000|  0%| F|  |TAMS 0x0000000785f00000, 0x0000000785f00000| Untracked 
|  96|0x0000000786000000, 0x0000000786000000, 0x0000000786100000|  0%| F|  |TAMS 0x0000000786000000, 0x0000000786000000| Untracked 
|  97|0x0000000786100000, 0x0000000786100000, 0x0000000786200000|  0%| F|  |TAMS 0x0000000786100000, 0x0000000786100000| Untracked 
|  98|0x0000000786200000, 0x0000000786200000, 0x0000000786300000|  0%| F|  |TAMS 0x0000000786200000, 0x0000000786200000| Untracked 
|  99|0x0000000786300000, 0x0000000786300000, 0x0000000786400000|  0%| F|  |TAMS 0x0000000786300000, 0x0000000786300000| Untracked 
| 100|0x0000000786400000, 0x0000000786400000, 0x0000000786500000|  0%| F|  |TAMS 0x0000000786400000, 0x0000000786400000| Untracked 
| 101|0x0000000786500000, 0x0000000786500000, 0x0000000786600000|  0%| F|  |TAMS 0x0000000786500000, 0x0000000786500000| Untracked 
| 102|0x0000000786600000, 0x0000000786600000, 0x0000000786700000|  0%| F|  |TAMS 0x0000000786600000, 0x0000000786600000| Untracked 
| 103|0x0000000786700000, 0x0000000786700000, 0x0000000786800000|  0%| F|  |TAMS 0x0000000786700000, 0x0000000786700000| Untracked 
| 104|0x0000000786800000, 0x0000000786800000, 0x0000000786900000|  0%| F|  |TAMS 0x0000000786800000, 0x0000000786800000| Untracked 
| 105|0x0000000786900000, 0x0000000786900000, 0x0000000786a00000|  0%| F|  |TAMS 0x0000000786900000, 0x0000000786900000| Untracked 
| 106|0x0000000786a00000, 0x0000000786a00000, 0x0000000786b00000|  0%| F|  |TAMS 0x0000000786a00000, 0x0000000786a00000| Untracked 
| 107|0x0000000786b00000, 0x0000000786b00000, 0x0000000786c00000|  0%| F|  |TAMS 0x0000000786b00000, 0x0000000786b00000| Untracked 
| 108|0x0000000786c00000, 0x0000000786c00000, 0x0000000786d00000|  0%| F|  |TAMS 0x0000000786c00000, 0x0000000786c00000| Untracked 
| 109|0x0000000786d00000, 0x0000000786d00000, 0x0000000786e00000|  0%| F|  |TAMS 0x0000000786d00000, 0x0000000786d00000| Untracked 
| 110|0x0000000786e00000, 0x0000000786e00000, 0x0000000786f00000|  0%| F|  |TAMS 0x0000000786e00000, 0x0000000786e00000| Untracked 
| 111|0x0000000786f00000, 0x0000000786f00000, 0x0000000787000000|  0%| F|  |TAMS 0x0000000786f00000, 0x0000000786f00000| Untracked 
| 112|0x0000000787000000, 0x0000000787000000, 0x0000000787100000|  0%| F|  |TAMS 0x0000000787000000, 0x0000000787000000| Untracked 
| 113|0x0000000787100000, 0x0000000787100000, 0x0000000787200000|  0%| F|  |TAMS 0x0000000787100000, 0x0000000787100000| Untracked 
| 114|0x0000000787200000, 0x0000000787200000, 0x0000000787300000|  0%| F|  |TAMS 0x0000000787200000, 0x0000000787200000| Untracked 
| 115|0x0000000787300000, 0x0000000787300000, 0x0000000787400000|  0%| F|  |TAMS 0x0000000787300000, 0x0000000787300000| Untracked 
| 116|0x0000000787400000, 0x0000000787400000, 0x0000000787500000|  0%| F|  |TAMS 0x0000000787400000, 0x0000000787400000| Untracked 
| 117|0x0000000787500000, 0x0000000787500000, 0x0000000787600000|  0%| F|  |TAMS 0x0000000787500000, 0x0000000787500000| Untracked 
| 118|0x0000000787600000, 0x0000000787600000, 0x0000000787700000|  0%| F|  |TAMS 0x0000000787600000, 0x0000000787600000| Untracked 
| 119|0x0000000787700000, 0x0000000787700000, 0x0000000787800000|  0%| F|  |TAMS 0x0000000787700000, 0x0000000787700000| Untracked 
| 120|0x0000000787800000, 0x0000000787800000, 0x0000000787900000|  0%| F|  |TAMS 0x0000000787800000, 0x0000000787800000| Untracked 
| 121|0x0000000787900000, 0x0000000787900000, 0x0000000787a00000|  0%| F|  |TAMS 0x0000000787900000, 0x0000000787900000| Untracked 
| 122|0x0000000787a00000, 0x0000000787a320f0, 0x0000000787b00000| 19%| E|  |TAMS 0x0000000787a00000, 0x0000000787a00000| Complete 
| 123|0x0000000787b00000, 0x0000000787bf7b88, 0x0000000787c00000| 96%| E|  |TAMS 0x0000000787b00000, 0x0000000787b00000| Complete 
| 124|0x0000000787c00000, 0x0000000787d00000, 0x0000000787d00000|100%| E|CS|TAMS 0x0000000787c00000, 0x0000000787c00000| Complete 
| 125|0x0000000787d00000, 0x0000000787e00000, 0x0000000787e00000|100%| E|CS|TAMS 0x0000000787d00000, 0x0000000787d00000| Complete 
| 126|0x0000000787e00000, 0x0000000787f00000, 0x0000000787f00000|100%| E|CS|TAMS 0x0000000787e00000, 0x0000000787e00000| Complete 
| 127|0x0000000787f00000, 0x0000000788000000, 0x0000000788000000|100%| E|CS|TAMS 0x0000000787f00000, 0x0000000787f00000| Complete 
|1022|0x00000007bfe00000, 0x00000007bfe51000, 0x00000007bff00000| 31%|OA|  |TAMS 0x00000007bfe00000, 0x00000007bfe00000| Untracked 
|1023|0x00000007bff00000, 0x00000007bff7b000, 0x00000007c0000000| 48%|CA|  |TAMS 0x00000007bff00000, 0x00000007bff00000| Untracked 

Card table byte_map: [0x0000000105208000,0x0000000105608000] _byte_map_base: 0x0000000101608000

Marking Bits (Prev, Next): (CMBitMap*) 0x00007fd79e009e18, (CMBitMap*) 0x00007fd79e009e58
 Prev Bits: [0x0000000105a08000, 0x0000000107a08000)
 Next Bits: [0x0000000107a08000, 0x0000000109a08000)

Polling page: 0x00000001031c9000

Metaspace:

Usage:
  Non-class:      4.82 MB capacity,     2.90 MB ( 60%) used,     1.91 MB ( 40%) free+waste,     7.00 KB ( <1%) overhead. 
      Class:    515.00 KB capacity,   306.11 KB ( 59%) used,   204.83 KB ( 40%) free+waste,     4.06 KB ( <1%) overhead. 
       Both:      5.32 MB capacity,     3.20 MB ( 60%) used,     2.11 MB ( 40%) free+waste,    11.06 KB ( <1%) overhead. 

Virtual space:
  Non-class space:        8.00 MB reserved,       5.00 MB ( 62%) committed 
      Class space:        1.00 GB reserved,     640.00 KB ( <1%) committed 
             Both:        1.01 GB reserved,       5.62 MB ( <1%) committed 

Chunk freelists:
   Non-Class:  69.00 KB
       Class:  17.00 KB
        Both:  86.00 KB

MaxMetaspaceSize: unlimited
CompressedClassSpaceSize: 1.00 GB

CodeHeap 'non-profiled nmethods': size=120032Kb used=160Kb max_used=160Kb free=119871Kb
 bounds [0x000000011bc20000, 0x000000011be90000, 0x0000000123158000]
CodeHeap 'profiled nmethods': size=120028Kb used=768Kb max_used=768Kb free=119259Kb
 bounds [0x00000001146e9000, 0x0000000114959000, 0x000000011bc20000]
CodeHeap 'non-nmethods': size=5700Kb used=1148Kb max_used=1162Kb free=4551Kb
 bounds [0x0000000114158000, 0x00000001143c8000, 0x00000001146e9000]
 total_blobs=1038 nmethods=535 adapters=317
 compilation: enabled
              stopped_count=0, restarted_count=0
 full_count=0

Compilation events (20 events):
Event: 0.890 Thread 0x00007fd79c810800  527       1       java.lang.reflect.Field::getType (5 bytes)
Event: 0.890 Thread 0x00007fd79c810800 nmethod 527 0x000000011bc47a90 code [0x000000011bc47c20, 0x000000011bc47cf0]
Event: 0.891 Thread 0x00007fd79c810800  528       3       java.lang.Integer::valueOf (32 bytes)
Event: 0.891 Thread 0x00007fd79c810800 nmethod 528 0x00000001147a6490 code [0x00000001147a6640, 0x00000001147a6950]
Event: 0.892 Thread 0x00007fd79c810800  529       1       java.lang.reflect.Field::getRoot (5 bytes)
Event: 0.892 Thread 0x00007fd79c810800 nmethod 529 0x000000011bc47d90 code [0x000000011bc47f20, 0x000000011bc47ff0]
Event: 0.892 Thread 0x00007fd79c810800  530       3       java.lang.reflect.Field::setFieldAccessor (34 bytes)
Event: 0.893 Thread 0x00007fd79c810800 nmethod 530 0x00000001147a6a90 code [0x00000001147a6c60, 0x00000001147a70c0]
Event: 0.893 Thread 0x00007fd79c810800  531       3       java.lang.ref.SoftReference::get (29 bytes)
Event: 0.894 Thread 0x00007fd79c810800 nmethod 531 0x00000001147a7190 code [0x00000001147a7320, 0x00000001147a7510]
Event: 0.898 Thread 0x00007fd79c810800  532       3       java.nio.Buffer::remaining (10 bytes)
Event: 0.898 Thread 0x00007fd79c810800 nmethod 532 0x00000001147a7590 code [0x00000001147a7720, 0x00000001147a7830]
Event: 0.898 Thread 0x00007fd79c810800  533       3       java.nio.ByteOrder::nativeOrder (4 bytes)
Event: 0.898 Thread 0x00007fd79c810800 nmethod 533 0x00000001147a7890 code [0x00000001147a7a20, 0x00000001147a7b10]
Event: 0.902 Thread 0x00007fd79e088000  534       4       java.util.concurrent.ConcurrentHashMap::tabAt (22 bytes)
Event: 0.902 Thread 0x00007fd79e088000 nmethod 534 0x000000011bc48090 code [0x000000011bc48200, 0x000000011bc48258]
Event: 0.903 Thread 0x00007fd79c810800  535       3       java.util.concurrent.ConcurrentHashMap$Traverser::advance (188 bytes)
Event: 0.904 Thread 0x00007fd79c810800 nmethod 535 0x00000001147a7b90 code [0x00000001147a7de0, 0x00000001147a8c50]
Event: 0.922 Thread 0x00007fd79c810800  536       3       java.util.HashMap::isEmpty (13 bytes)
Event: 0.922 Thread 0x00007fd79c810800 nmethod 536 0x00000001147a8f90 code [0x00000001147a9120, 0x00000001147a9290]

GC Heap History (0 events):
No events

Deoptimization events (0 events):
No events

Classes unloaded (0 events):
No events

Classes redefined (0 events):
No events

Internal exceptions (4 events):
Event: 0.309 Thread 0x00007fd79d00b800 Exception <a 'java/lang/ClassNotFoundException'{0x0000000787d7b020}: sun/awt/resources/spi/awtProvider> (0x0000000787d7b020) 
thrown [./open/src/hotspot/share/classfile/systemDictionary.cpp, line 226]
Event: 0.358 Thread 0x00007fd79d00b800 Exception <a 'java/io/FileNotFoundException'{0x0000000787dc7a70}> (0x0000000787dc7a70) 
thrown [./open/src/hotspot/share/prims/jni.cpp, line 599]
Event: 0.379 Thread 0x00007fd79d00b800 Exception <a 'java/io/FileNotFoundException'{0x0000000787dedef8}> (0x0000000787dedef8) 
thrown [./open/src/hotspot/share/prims/jni.cpp, line 599]
Event: 0.382 Thread 0x00007fd79d00b800 Exception <a 'java/lang/ClassNotFoundException'{0x0000000787df1988}: sun/awt/resources/spi/awtosxProvider> (0x0000000787df1988) 
thrown [./open/src/hotspot/share/classfile/systemDictionary.cpp, line 226]

Events (20 events):
Event: 0.883 loading class java/awt/image/RenderedImage
Event: 0.883 loading class java/awt/image/RenderedImage done
Event: 0.883 loading class java/awt/image/WritableRenderedImage done
Event: 0.883 loading class java/awt/Transparency
Event: 0.883 loading class java/awt/Transparency done
Event: 0.883 loading class java/awt/image/BufferedImage done
Event: 0.883 loading class java/awt/IllegalComponentStateException
Event: 0.883 loading class java/awt/IllegalComponentStateException done
Event: 0.883 loading class java/awt/Point
Event: 0.883 loading class java/awt/geom/Point2D
Event: 0.883 loading class java/awt/geom/Point2D done
Event: 0.883 loading class java/awt/Point done
Event: 0.883 loading class java/awt/GraphicsConfiguration
Event: 0.884 loading class java/awt/GraphicsConfiguration done
Event: 0.887 loading class jdk/internal/reflect/UnsafeQualifiedStaticIntegerFieldAccessorImpl
Event: 0.887 loading class jdk/internal/reflect/UnsafeQualifiedStaticIntegerFieldAccessorImpl done
Event: 0.892 Executing VM operation: HandshakeOneThread
Event: 0.892 Executing VM operation: HandshakeOneThread done
Event: 0.902 loading class java/lang/NumberFormatException
Event: 0.902 loading class java/lang/NumberFormatException done


Dynamic libraries:
0x00007fff6d543000 	/usr/lib/libz.1.dylib
0x0000000103184000 	/Users/dgoptsii/Downloads/jdk-14.0.1.jdk/Contents/Home/lib/libjli.dylib
0x00007fff33355000 	/System/Library/Frameworks/Cocoa.framework/Versions/A/Cocoa
0x00007fff40b32000 	/System/Library/Frameworks/Security.framework/Versions/A/Security
0x00007fff322bf000 	/System/Library/Frameworks/ApplicationServices.framework/Versions/A/ApplicationServices
0x00007fff6b007000 	/usr/lib/libSystem.B.dylib
0x00007fff6de03000 	/usr/lib/system/libcache.dylib
0x00007fff6de09000 	/usr/lib/system/libcommonCrypto.dylib
0x00007fff6de15000 	/usr/lib/system/libcompiler_rt.dylib
0x00007fff6de1d000 	/usr/lib/system/libcopyfile.dylib
0x00007fff6de27000 	/usr/lib/system/libcorecrypto.dylib
0x00007fff6dfc6000 	/usr/lib/system/libdispatch.dylib
0x00007fff6e007000 	/usr/lib/system/libdyld.dylib
0x00007fff6e03e000 	/usr/lib/system/libkeymgr.dylib
0x00007fff6e04c000 	/usr/lib/system/liblaunch.dylib
0x00007fff6e04d000 	/usr/lib/system/libmacho.dylib
0x00007fff6e053000 	/usr/lib/system/libquarantine.dylib
0x00007fff6e056000 	/usr/lib/system/libremovefile.dylib
0x00007fff6e058000 	/usr/lib/system/libsystem_asl.dylib
0x00007fff6e070000 	/usr/lib/system/libsystem_blocks.dylib
0x00007fff6e071000 	/usr/lib/system/libsystem_c.dylib
0x00007fff6e0f9000 	/usr/lib/system/libsystem_configuration.dylib
0x00007fff6e0fd000 	/usr/lib/system/libsystem_coreservices.dylib
0x00007fff6e101000 	/usr/lib/system/libsystem_darwin.dylib
0x00007fff6e10a000 	/usr/lib/system/libsystem_dnssd.dylib
0x00007fff6e112000 	/usr/lib/system/libsystem_featureflags.dylib
0x00007fff6e114000 	/usr/lib/system/libsystem_info.dylib
0x00007fff6e18f000 	/usr/lib/system/libsystem_m.dylib
0x00007fff6e1d7000 	/usr/lib/system/libsystem_malloc.dylib
0x00007fff6e1ff000 	/usr/lib/system/libsystem_networkextension.dylib
0x00007fff6e20d000 	/usr/lib/system/libsystem_notify.dylib
0x00007fff6e22b000 	/usr/lib/system/libsystem_sandbox.dylib
0x00007fff6e230000 	/usr/lib/system/libsystem_secinit.dylib
0x00007fff6e162000 	/usr/lib/system/libsystem_kernel.dylib
0x00007fff6e217000 	/usr/lib/system/libsystem_platform.dylib
0x00007fff6e220000 	/usr/lib/system/libsystem_pthread.dylib
0x00007fff6e233000 	/usr/lib/system/libsystem_symptoms.dylib
0x00007fff6e23b000 	/usr/lib/system/libsystem_trace.dylib
0x00007fff6e253000 	/usr/lib/system/libunwind.dylib
0x00007fff6e259000 	/usr/lib/system/libxpc.dylib
0x00007fff6ce67000 	/usr/lib/libobjc.A.dylib
0x00007fff6b340000 	/usr/lib/libc++abi.dylib
0x00007fff6b2ed000 	/usr/lib/libc++.1.dylib
0x00007fff341f0000 	/System/Library/Frameworks/CoreFoundation.framework/Versions/A/CoreFoundation
0x00007fff368a6000 	/System/Library/Frameworks/Foundation.framework/Versions/C/Foundation
0x00007fff314b0000 	/System/Library/Frameworks/AppKit.framework/Versions/C/AppKit
0x00007fff33cd9000 	/System/Library/Frameworks/CoreData.framework/Versions/A/CoreData
0x00007fff65028000 	/System/Library/PrivateFrameworks/UIFoundation.framework/Versions/A/UIFoundation
0x00007fff600d6000 	/System/Library/PrivateFrameworks/RemoteViewServices.framework/Versions/A/RemoteViewServices
0x00007fff67b7c000 	/System/Library/PrivateFrameworks/XCTTargetBootstrap.framework/Versions/A/XCTTargetBootstrap
0x00007fff340c4000 	/System/Library/Frameworks/CoreDisplay.framework/Versions/A/CoreDisplay
0x00007fff3975f000 	/System/Library/Frameworks/Metal.framework/Versions/A/Metal
0x00007fff4e145000 	/System/Library/PrivateFrameworks/DesktopServicesPriv.framework/Versions/A/DesktopServicesPriv
0x00007fff6c144000 	/usr/lib/liblangid.dylib
0x00007fff4d3de000 	/System/Library/PrivateFrameworks/CoreSVG.framework/Versions/A/CoreSVG
0x00007fff6322c000 	/System/Library/PrivateFrameworks/SkyLight.framework/Versions/A/SkyLight
0x00007fff34671000 	/System/Library/Frameworks/CoreGraphics.framework/Versions/A/CoreGraphics
0x00007fff2fe84000 	/System/Library/Frameworks/Accelerate.framework/Versions/A/Accelerate
0x00007fff6d434000 	/usr/lib/libxml2.2.dylib
0x00007fff59088000 	/System/Library/PrivateFrameworks/IconServices.framework/Versions/A/IconServices
0x00007fff37085000 	/System/Library/Frameworks/IOSurface.framework/Versions/A/IOSurface
0x00007fff6ab31000 	/usr/lib/libDiagnosticMessagesClient.dylib
0x00007fff4df9f000 	/System/Library/PrivateFrameworks/DFRFoundation.framework/Versions/A/DFRFoundation
0x00007fff6bed3000 	/usr/lib/libicucore.A.dylib
0x00007fff325f1000 	/System/Library/Frameworks/AudioToolbox.framework/Versions/A/AudioToolbox
0x00007fff326d4000 	/System/Library/Frameworks/AudioUnit.framework/Versions/A/AudioUnit
0x00007fff6b209000 	/usr/lib/libauto.dylib
0x00007fff4e041000 	/System/Library/PrivateFrameworks/DataDetectorsCore.framework/Versions/A/DataDetectorsCore
0x00007fff32e76000 	/System/Library/Frameworks/Carbon.framework/Versions/A/Frameworks/HIToolbox.framework/Versions/A/HIToolbox
0x00007fff3fd2f000 	/System/Library/Frameworks/QuartzCore.framework/Versions/A/QuartzCore
0x00007fff331b5000 	/System/Library/Frameworks/Carbon.framework/Versions/A/Frameworks/SpeechRecognition.framework/Versions/A/SpeechRecognition
0x00007fff4dab6000 	/System/Library/PrivateFrameworks/CoreUI.framework/Versions/A/CoreUI
0x00007fff33744000 	/System/Library/Frameworks/CoreAudio.framework/Versions/A/CoreAudio
0x00007fff3656b000 	/System/Library/Frameworks/DiskArbitration.framework/Versions/A/DiskArbitration
0x00007fff5b0d5000 	/System/Library/PrivateFrameworks/MultitouchSupport.framework/Versions/A/MultitouchSupport
0x00007fff6bd9a000 	/usr/lib/libenergytrace.dylib
0x00007fff36fdf000 	/System/Library/Frameworks/IOKit.framework/Versions/A/IOKit
0x00007fff355d8000 	/System/Library/Frameworks/CoreServices.framework/Versions/A/CoreServices
0x00007fff5d26c000 	/System/Library/PrivateFrameworks/PerformanceAnalysis.framework/Versions/A/PerformanceAnalysis
0x00007fff3ed62000 	/System/Library/Frameworks/OpenGL.framework/Versions/A/OpenGL
0x00007fff33363000 	/System/Library/Frameworks/ColorSync.framework/Versions/A/ColorSync
0x00007fff34cf3000 	/System/Library/Frameworks/CoreImage.framework/Versions/A/CoreImage
0x00007fff3604a000 	/System/Library/Frameworks/CoreText.framework/Versions/A/CoreText
0x00007fff37115000 	/System/Library/Frameworks/ImageIO.framework/Versions/A/ImageIO
0x00007fff6b369000 	/usr/lib/libcompression.dylib
0x00007fff6ae75000 	/usr/lib/libMobileGestalt.dylib
0x00007fff64da1000 	/System/Library/PrivateFrameworks/TextureIO.framework/Versions/A/TextureIO
0x00007fff6b16c000 	/usr/lib/libate.dylib
0x00007fff59291000 	/System/Library/PrivateFrameworks/InternationalSupport.framework/Versions/A/InternationalSupport
0x00007fff6c146000 	/usr/lib/liblzma.5.dylib
0x00007fff6bdc1000 	/usr/lib/libfakelink.dylib
0x00007fff6b0f9000 	/usr/lib/libarchive.2.dylib
0x00007fff41be2000 	/System/Library/Frameworks/SystemConfiguration.framework/Versions/A/SystemConfiguration
0x00007fff6aa64000 	/usr/lib/libCRFSuite.dylib
0x00007fff32a67000 	/System/Library/Frameworks/CFNetwork.framework/Versions/A/CFNetwork
0x00007fff6b2cf000 	/usr/lib/libbsm.0.dylib
0x00007fff6e03f000 	/usr/lib/system/libkxld.dylib
0x00007fff47974000 	/System/Library/PrivateFrameworks/AppleFSCompression.framework/Versions/A/AppleFSCompression
0x00007fff6b65a000 	/usr/lib/libcoretls.dylib
0x00007fff6b671000 	/usr/lib/libcoretls_cfhelpers.dylib
0x00007fff6cead000 	/usr/lib/libpam.2.dylib
0x00007fff6cfe2000 	/usr/lib/libsqlite3.dylib
0x00007fff6d421000 	/usr/lib/libxar.1.dylib
0x00007fff6b2e0000 	/usr/lib/libbz2.1.0.dylib
0x00007fff6bde2000 	/usr/lib/libiconv.2.dylib
0x00007fff6b356000 	/usr/lib/libcharset.1.dylib
0x00007fff6c94c000 	/usr/lib/libnetwork.dylib
0x00007fff6ceb4000 	/usr/lib/libpcap.A.dylib
0x00007fff6b0ae000 	/usr/lib/libapple_nghttp2.dylib
0x00007fff3598f000 	/System/Library/Frameworks/CoreServices.framework/Versions/A/Frameworks/FSEvents.framework/Versions/A/FSEvents
0x00007fff3565f000 	/System/Library/Frameworks/CoreServices.framework/Versions/A/Frameworks/CarbonCore.framework/Versions/A/CarbonCore
0x00007fff35bd2000 	/System/Library/Frameworks/CoreServices.framework/Versions/A/Frameworks/Metadata.framework/Versions/A/Metadata
0x00007fff35c6b000 	/System/Library/Frameworks/CoreServices.framework/Versions/A/Frameworks/OSServices.framework/Versions/A/OSServices
0x00007fff35c99000 	/System/Library/Frameworks/CoreServices.framework/Versions/A/Frameworks/SearchKit.framework/Versions/A/SearchKit
0x00007fff355d9000 	/System/Library/Frameworks/CoreServices.framework/Versions/A/Frameworks/AE.framework/Versions/A/AE
0x00007fff35998000 	/System/Library/Frameworks/CoreServices.framework/Versions/A/Frameworks/LaunchServices.framework/Versions/A/LaunchServices
0x00007fff35941000 	/System/Library/Frameworks/CoreServices.framework/Versions/A/Frameworks/DictionaryServices.framework/Versions/A/DictionaryServices
0x00007fff35d01000 	/System/Library/Frameworks/CoreServices.framework/Versions/A/Frameworks/SharedFileList.framework/Versions/A/SharedFileList
0x00007fff3ab82000 	/System/Library/Frameworks/NetFS.framework/Versions/A/NetFS
0x00007fff5b604000 	/System/Library/PrivateFrameworks/NetAuth.framework/Versions/A/NetAuth
0x00007fff67f49000 	/System/Library/PrivateFrameworks/login.framework/Versions/A/Frameworks/loginsupport.framework/Versions/A/loginsupport
0x00007fff6486e000 	/System/Library/PrivateFrameworks/TCC.framework/Versions/A/TCC
0x00007fff4c551000 	/System/Library/PrivateFrameworks/CoreNLP.framework/Versions/A/CoreNLP
0x00007fff5ab03000 	/System/Library/PrivateFrameworks/MetadataUtilities.framework/Versions/A/MetadataUtilities
0x00007fff6c21e000 	/usr/lib/libmecabra.dylib
0x00007fff6c176000 	/usr/lib/libmecab.dylib
0x00007fff6bdd2000 	/usr/lib/libgermantok.dylib
0x00007fff6b095000 	/usr/lib/libThaiTokenizer.dylib
0x00007fff6aa9b000 	/usr/lib/libChineseTokenizer.dylib
0x00007fff2fe9c000 	/System/Library/Frameworks/Accelerate.framework/Versions/A/Frameworks/vImage.framework/Versions/A/vImage
0x00007fff31306000 	/System/Library/Frameworks/Accelerate.framework/Versions/A/Frameworks/vecLib.framework/Versions/A/vecLib
0x00007fff31243000 	/System/Library/Frameworks/Accelerate.framework/Versions/A/Frameworks/vecLib.framework/Versions/A/libvMisc.dylib
0x00007fff3106b000 	/System/Library/Frameworks/Accelerate.framework/Versions/A/Frameworks/vecLib.framework/Versions/A/libvDSP.dylib
0x00007fff304f3000 	/System/Library/Frameworks/Accelerate.framework/Versions/A/Frameworks/vecLib.framework/Versions/A/libBLAS.dylib
0x00007fff30c2f000 	/System/Library/Frameworks/Accelerate.framework/Versions/A/Frameworks/vecLib.framework/Versions/A/libLAPACK.dylib
0x00007fff30fcb000 	/System/Library/Frameworks/Accelerate.framework/Versions/A/Frameworks/vecLib.framework/Versions/A/libLinearAlgebra.dylib
0x00007fff31058000 	/System/Library/Frameworks/Accelerate.framework/Versions/A/Frameworks/vecLib.framework/Versions/A/libSparseBLAS.dylib
0x00007fff30fe1000 	/System/Library/Frameworks/Accelerate.framework/Versions/A/Frameworks/vecLib.framework/Versions/A/libQuadrature.dylib
0x00007fff3075b000 	/System/Library/Frameworks/Accelerate.framework/Versions/A/Frameworks/vecLib.framework/Versions/A/libBNNS.dylib
0x00007fff30fe7000 	/System/Library/Frameworks/Accelerate.framework/Versions/A/Frameworks/vecLib.framework/Versions/A/libSparse.dylib
0x00007fff59679000 	/System/Library/PrivateFrameworks/LanguageModeling.framework/Versions/A/LanguageModeling
0x00007fff4bf01000 	/System/Library/PrivateFrameworks/CoreEmoji.framework/Versions/A/CoreEmoji
0x00007fff59797000 	/System/Library/PrivateFrameworks/LinguisticData.framework/Versions/A/LinguisticData
0x00007fff59748000 	/System/Library/PrivateFrameworks/Lexicon.framework/Versions/A/Lexicon
0x00007fff6b357000 	/usr/lib/libcmph.dylib
0x00007fff3d770000 	/System/Library/Frameworks/OpenDirectory.framework/Versions/A/Frameworks/CFOpenDirectory.framework/Versions/A/CFOpenDirectory
0x00007fff3d78d000 	/System/Library/Frameworks/OpenDirectory.framework/Versions/A/OpenDirectory
0x00007fff45bad000 	/System/Library/PrivateFrameworks/APFS.framework/Versions/A/APFS
0x00007fff40e7c000 	/System/Library/Frameworks/SecurityFoundation.framework/Versions/A/SecurityFoundation
0x00007fff6d41d000 	/usr/lib/libutil.dylib
0x00007fff4d436000 	/System/Library/PrivateFrameworks/CoreServicesStore.framework/Versions/A/CoreServicesStore
0x00007fff40f33000 	/System/Library/Frameworks/ServiceManagement.framework/Versions/A/ServiceManagement
0x00007fff49142000 	/System/Library/PrivateFrameworks/BackgroundTaskManagement.framework/Versions/A/BackgroundTaskManagement
0x00007fff6d51a000 	/usr/lib/libxslt.1.dylib
0x00007fff47fe6000 	/System/Library/PrivateFrameworks/AppleSystemInfo.framework/Versions/A/AppleSystemInfo
0x00007fff37330000 	/System/Library/Frameworks/ImageIO.framework/Versions/A/Resources/libJPEG.dylib
0x00007fff375ec000 	/System/Library/Frameworks/ImageIO.framework/Versions/A/Resources/libTIFF.dylib
0x00007fff375cf000 	/System/Library/Frameworks/ImageIO.framework/Versions/A/Resources/libPng.dylib
0x00007fff37272000 	/System/Library/Frameworks/ImageIO.framework/Versions/A/Resources/libGIF.dylib
0x00007fff37276000 	/System/Library/Frameworks/ImageIO.framework/Versions/A/Resources/libJP2.dylib
0x00007fff375ea000 	/System/Library/Frameworks/ImageIO.framework/Versions/A/Resources/libRadiance.dylib
0x00007fff6bd9b000 	/usr/lib/libexpat.1.dylib
0x00007fff47acf000 	/System/Library/PrivateFrameworks/AppleJPEG.framework/Versions/A/AppleJPEG
0x00007fff506fb000 	/System/Library/PrivateFrameworks/FontServices.framework/libFontParser.dylib
0x00007fff66f4f000 	/System/Library/PrivateFrameworks/WatchdogClient.framework/Versions/A/WatchdogClient
0x00007fff58cd5000 	/System/Library/PrivateFrameworks/IOAccelerator.framework/Versions/A/IOAccelerator
0x00007fff39afa000 	/System/Library/Frameworks/MetalPerformanceShaders.framework/Versions/A/MetalPerformanceShaders
0x00007fff5546e000 	/System/Library/PrivateFrameworks/GPUWrangler.framework/Versions/A/GPUWrangler
0x00007fff58cea000 	/System/Library/PrivateFrameworks/IOPresentment.framework/Versions/A/IOPresentment
0x00007fff4dfb2000 	/System/Library/PrivateFrameworks/DSExternalDisplay.framework/Versions/A/DSExternalDisplay
0x00007fff3e101000 	/System/Library/Frameworks/OpenGL.framework/Versions/A/Libraries/libCoreFSCache.dylib
0x00007fff39846000 	/System/Library/Frameworks/MetalPerformanceShaders.framework/Frameworks/MPSCore.framework/Versions/A/MPSCore
0x00007fff39884000 	/System/Library/Frameworks/MetalPerformanceShaders.framework/Frameworks/MPSImage.framework/Versions/A/MPSImage
0x00007fff3994b000 	/System/Library/Frameworks/MetalPerformanceShaders.framework/Frameworks/MPSNeuralNetwork.framework/Versions/A/MPSNeuralNetwork
0x00007fff3990f000 	/System/Library/Frameworks/MetalPerformanceShaders.framework/Frameworks/MPSMatrix.framework/Versions/A/MPSMatrix
0x00007fff39aaa000 	/System/Library/Frameworks/MetalPerformanceShaders.framework/Frameworks/MPSRayIntersector.framework/Versions/A/MPSRayIntersector
0x00007fff39935000 	/System/Library/Frameworks/MetalPerformanceShaders.framework/Frameworks/MPSNDArray.framework/Versions/A/MPSNDArray
0x00007fff5ab50000 	/System/Library/PrivateFrameworks/MetalTools.framework/Versions/A/MetalTools
0x00007fff46d7f000 	/System/Library/PrivateFrameworks/AggregateDictionary.framework/Versions/A/AggregateDictionary
0x00007fff4b95b000 	/System/Library/PrivateFrameworks/CoreAnalytics.framework/Versions/A/CoreAnalytics
0x00007fff47f05000 	/System/Library/PrivateFrameworks/AppleSauce.framework/Versions/A/AppleSauce
0x00007fff6ad57000 	/usr/lib/libIOReport.dylib
0x00007fff36202000 	/System/Library/Frameworks/CoreVideo.framework/Versions/A/CoreVideo
0x00007fff568e8000 	/System/Library/PrivateFrameworks/GraphVisualizer.framework/Versions/A/GraphVisualizer
0x00007fff4fc4f000 	/System/Library/PrivateFrameworks/FaceCore.framework/Versions/A/FaceCore
0x00007fff3d717000 	/System/Library/Frameworks/OpenCL.framework/Versions/A/OpenCL
0x00007fff6ab79000 	/usr/lib/libFosl_dynamic.dylib
0x00007fff5c019000 	/System/Library/PrivateFrameworks/OTSVG.framework/Versions/A/OTSVG
0x00007fff323c4000 	/System/Library/Frameworks/ApplicationServices.framework/Versions/A/Frameworks/ATS.framework/Versions/A/Resources/libFontRegistry.dylib
0x00007fff508cc000 	/System/Library/PrivateFrameworks/FontServices.framework/libhvf.dylib
0x00007fff3e10c000 	/System/Library/Frameworks/OpenGL.framework/Versions/A/Libraries/libGFXShared.dylib
0x00007fff3e2ea000 	/System/Library/Frameworks/OpenGL.framework/Versions/A/Libraries/libGLU.dylib
0x00007fff3e115000 	/System/Library/Frameworks/OpenGL.framework/Versions/A/Libraries/libGL.dylib
0x00007fff3e120000 	/System/Library/Frameworks/OpenGL.framework/Versions/A/Libraries/libGLImage.dylib
0x00007fff3e0fe000 	/System/Library/Frameworks/OpenGL.framework/Versions/A/Libraries/libCVMSPluginSupport.dylib
0x00007fff3e107000 	/System/Library/Frameworks/OpenGL.framework/Versions/A/Libraries/libCoreVMClient.dylib
0x00007fff6c7ed000 	/usr/lib/libncurses.5.4.dylib
0x00007fff322c0000 	/System/Library/Frameworks/ApplicationServices.framework/Versions/A/Frameworks/ATS.framework/Versions/A/ATS
0x00007fff3248d000 	/System/Library/Frameworks/ApplicationServices.framework/Versions/A/Frameworks/ColorSyncLegacy.framework/Versions/A/ColorSyncLegacy
0x00007fff3252b000 	/System/Library/Frameworks/ApplicationServices.framework/Versions/A/Frameworks/HIServices.framework/Versions/A/HIServices
0x00007fff32583000 	/System/Library/Frameworks/ApplicationServices.framework/Versions/A/Frameworks/LangAnalysis.framework/Versions/A/LangAnalysis
0x00007fff32592000 	/System/Library/Frameworks/ApplicationServices.framework/Versions/A/Frameworks/PrintCore.framework/Versions/A/PrintCore
0x00007fff325d8000 	/System/Library/Frameworks/ApplicationServices.framework/Versions/A/Frameworks/QD.framework/Versions/A/QD
0x00007fff325e3000 	/System/Library/Frameworks/ApplicationServices.framework/Versions/A/Frameworks/SpeechSynthesis.framework/Versions/A/SpeechSynthesis
0x00007fff3245d000 	/System/Library/Frameworks/ApplicationServices.framework/Versions/A/Frameworks/ATSUI.framework/Versions/A/ATSUI
0x00007fff6bc2f000 	/usr/lib/libcups.2.dylib
0x00007fff38b97000 	/System/Library/Frameworks/Kerberos.framework/Versions/A/Kerberos
0x00007fff36cd8000 	/System/Library/Frameworks/GSS.framework/Versions/A/GSS
0x00007fff6cf6e000 	/usr/lib/libresolv.9.dylib
0x00007fff56a96000 	/System/Library/PrivateFrameworks/Heimdal.framework/Versions/A/Heimdal
0x00007fff38baa000 	/System/Library/Frameworks/Kerberos.framework/Versions/A/Libraries/libHeimdalProxy.dylib
0x00007fff6bdd8000 	/usr/lib/libheimdal-asn1.dylib
0x00007fff4adf4000 	/System/Library/PrivateFrameworks/CommonAuth.framework/Versions/A/CommonAuth
0x00007fff48083000 	/System/Library/PrivateFrameworks/AssertionServices.framework/Versions/A/AssertionServices
0x00007fff48c25000 	/System/Library/PrivateFrameworks/AudioToolboxCore.framework/Versions/A/AudioToolboxCore
0x00007fff67bf9000 	/System/Library/PrivateFrameworks/caulk.framework/Versions/A/caulk
0x00007fff491ee000 	/System/Library/PrivateFrameworks/BaseBoard.framework/Versions/A/BaseBoard
0x00007fff60264000 	/System/Library/PrivateFrameworks/RunningBoardServices.framework/Versions/A/RunningBoardServices
0x00007fff5d278000 	/System/Library/PrivateFrameworks/PersistentConnection.framework/Versions/A/PersistentConnection
0x00007fff5fc5e000 	/System/Library/PrivateFrameworks/ProtocolBuffer.framework/Versions/A/ProtocolBuffer
0x00007fff4ae18000 	/System/Library/PrivateFrameworks/CommonUtilities.framework/Versions/A/CommonUtilities
0x00007fff4937c000 	/System/Library/PrivateFrameworks/Bom.framework/Versions/A/Bom
0x00007fff6aa2a000 	/usr/lib/libAudioToolboxUtility.dylib
0x00007fff4914c000 	/System/Library/PrivateFrameworks/Backup.framework/Versions/A/Backup
0x00007fff4ded3000 	/System/Library/PrivateFrameworks/CrashReporterSupport.framework/Versions/A/CrashReporterSupport
0x00007fff61cf2000 	/System/Library/PrivateFrameworks/Sharing.framework/Versions/A/Sharing
0x00007fff47692000 	/System/Library/PrivateFrameworks/Apple80211.framework/Versions/A/Apple80211
0x00007fff48e69000 	/System/Library/PrivateFrameworks/AuthKit.framework/Versions/A/AuthKit
0x00007fff4dbe3000 	/System/Library/PrivateFrameworks/CoreUtils.framework/Versions/A/CoreUtils
0x00007fff36247000 	/System/Library/Frameworks/CoreWLAN.framework/Versions/A/CoreWLAN
0x00007fff36e65000 	/System/Library/Frameworks/IOBluetooth.framework/Versions/A/IOBluetooth
0x00007fff5ae54000 	/System/Library/PrivateFrameworks/MobileKeyBag.framework/Versions/A/MobileKeyBag
0x00007fff4c9e9000 	/System/Library/PrivateFrameworks/CorePhoneNumbers.framework/Versions/A/CorePhoneNumbers
0x00007fff47a82000 	/System/Library/PrivateFrameworks/AppleIDAuthSupport.framework/Versions/A/AppleIDAuthSupport
0x00007fff3ab8f000 	/System/Library/Frameworks/Network.framework/Versions/A/Network
0x00007fff59525000 	/System/Library/PrivateFrameworks/KeychainCircle.framework/Versions/A/KeychainCircle
0x00007fff33ca0000 	/System/Library/Frameworks/CoreBluetooth.framework/Versions/A/CoreBluetooth
0x00007fff63d6f000 	/System/Library/PrivateFrameworks/SpeechRecognitionCore.framework/Versions/A/SpeechRecognitionCore
0x0000000103a00000 	/Users/dgoptsii/Downloads/jdk-14.0.1.jdk/Contents/Home/lib/server/libjvm.dylib
0x00000001031be000 	/Users/dgoptsii/Downloads/jdk-14.0.1.jdk/Contents/Home/lib/libjimage.dylib
0x00000001031cb000 	/Users/dgoptsii/Downloads/jdk-14.0.1.jdk/Contents/Home/lib/libinstrument.dylib
0x000000010478a000 	/Users/dgoptsii/Downloads/jdk-14.0.1.jdk/Contents/Home/lib/libjava.dylib
0x00000001031e3000 	/Users/dgoptsii/Downloads/jdk-14.0.1.jdk/Contents/Home/lib/libzip.dylib
0x000000010a863000 	/Users/dgoptsii/Downloads/jdk-14.0.1.jdk/Contents/Home/lib/libnio.dylib
0x000000010a876000 	/Users/dgoptsii/Downloads/jdk-14.0.1.jdk/Contents/Home/lib/libnet.dylib
0x000000010a916000 	/Users/dgoptsii/Downloads/jdk-14.0.1.jdk/Contents/Home/lib/libverify.dylib
0x000000010a925000 	/Users/dgoptsii/Downloads/jdk-14.0.1.jdk/Contents/Home/lib/libextnet.dylib
0x000000010a92c000 	/Users/dgoptsii/Downloads/jdk-14.0.1.jdk/Contents/Home/lib/libawt.dylib
0x000000010a9c8000 	/Users/dgoptsii/Downloads/jdk-14.0.1.jdk/Contents/Home/lib/libmlib_image.dylib
0x00007fff38b80000 	/System/Library/Frameworks/JavaVM.framework/Versions/A/Frameworks/JavaNativeFoundation.framework/Versions/A/JavaNativeFoundation
0x00007fff38b89000 	/System/Library/Frameworks/JavaVM.framework/Versions/A/Frameworks/JavaRuntimeSupport.framework/Versions/A/JavaRuntimeSupport
0x00007fff38b92000 	/System/Library/Frameworks/JavaVM.framework/Versions/A/JavaVM
0x00007fff5933c000 	/System/Library/PrivateFrameworks/JavaLaunching.framework/Versions/A/JavaLaunching
0x00007fff32e71000 	/System/Library/Frameworks/Carbon.framework/Versions/A/Carbon
0x00007fff4d988000 	/System/Library/PrivateFrameworks/CoreSymbolication.framework/Versions/A/CoreSymbolication
0x00007fff32e72000 	/System/Library/Frameworks/Carbon.framework/Versions/A/Frameworks/CommonPanels.framework/Versions/A/CommonPanels
0x00007fff3316b000 	/System/Library/Frameworks/Carbon.framework/Versions/A/Frameworks/Help.framework/Versions/A/Help
0x00007fff3316f000 	/System/Library/Frameworks/Carbon.framework/Versions/A/Frameworks/ImageCapture.framework/Versions/A/ImageCapture
0x00007fff33176000 	/System/Library/Frameworks/Carbon.framework/Versions/A/Frameworks/OpenScripting.framework/Versions/A/OpenScripting
0x00007fff33175000 	/System/Library/Frameworks/Carbon.framework/Versions/A/Frameworks/Ink.framework/Versions/A/Ink
0x00007fff331b1000 	/System/Library/Frameworks/Carbon.framework/Versions/A/Frameworks/Print.framework/Versions/A/Print
0x00007fff331b2000 	/System/Library/Frameworks/Carbon.framework/Versions/A/Frameworks/SecurityHI.framework/Versions/A/SecurityHI
0x00007fff4e107000 	/System/Library/PrivateFrameworks/DebugSymbols.framework/Versions/A/DebugSymbols
0x000000010aa34000 	/Users/dgoptsii/Downloads/jdk-14.0.1.jdk/Contents/Home/lib/libawt_lwawt.dylib
0x000000010aae6000 	/Users/dgoptsii/Downloads/jdk-14.0.1.jdk/Contents/Home/lib/libosxapp.dylib
0x00007fff36744000 	/System/Library/Frameworks/ExceptionHandling.framework/Versions/A/ExceptionHandling
0x000000010ab0d000 	/Users/dgoptsii/Downloads/jdk-14.0.1.jdk/Contents/Home/lib/libfontmanager.dylib
0x000000010ac13000 	/Users/dgoptsii/Downloads/jdk-14.0.1.jdk/Contents/Home/lib/libfreetype.dylib
0x00007fff4d402000 	/System/Library/PrivateFrameworks/CoreServicesInternal.framework/Versions/A/CoreServicesInternal
0x00007fff36763000 	/System/Library/Frameworks/FileProvider.framework/Versions/A/FileProvider
0x00007fff31307000 	/System/Library/Frameworks/Accounts.framework/Versions/A/Accounts
0x00007fff55793000 	/System/Library/PrivateFrameworks/GenerationalStorage.framework/Versions/A/GenerationalStorage
0x00007fff645af000 	/System/Library/PrivateFrameworks/SymptomDiagnosticReporter.framework/Versions/A/SymptomDiagnosticReporter
0x00007fff47197000 	/System/Library/PrivateFrameworks/AppContainer.framework/Versions/A/AppContainer
0x00007fff6cf88000 	/usr/lib/libsandbox.1.dylib
0x00007fff65ef3000 	/System/Library/PrivateFrameworks/UserManagement.framework/Versions/A/UserManagement
0x00007fff49f34000 	/System/Library/PrivateFrameworks/ChunkingLibrary.framework/Versions/A/ChunkingLibrary
0x00007fff47209000 	/System/Library/PrivateFrameworks/AppSandbox.framework/Versions/A/AppSandbox
0x00007fff61b7c000 	/System/Library/PrivateFrameworks/SecCodeWrapper.framework/Versions/A/SecCodeWrapper
0x00007fff6ae3f000 	/usr/lib/libMatch.1.dylib
0x00007fff27270000 	/System/Library/CoreServices/RawCamera.bundle/Contents/MacOS/RawCamera
0x00007fff5ac7e000 	/System/Library/PrivateFrameworks/MobileAsset.framework/Versions/A/MobileAsset
0x00007fff64457000 	/System/Library/PrivateFrameworks/StreamingZip.framework/Versions/A/StreamingZip
0x00007fff39012000 	/System/Library/Frameworks/MediaToolbox.framework/Versions/A/MediaToolbox
0x00007fff4b90b000 	/System/Library/PrivateFrameworks/CoreAVCHD.framework/Versions/A/CoreAVCHD
0x00007fff38f3c000 	/System/Library/Frameworks/MediaAccessibility.framework/Versions/A/MediaAccessibility
0x00007fff5a034000 	/System/Library/PrivateFrameworks/Mangrove.framework/Versions/A/Mangrove
0x00007fff3540f000 	/System/Library/Frameworks/CoreMedia.framework/Versions/A/CoreMedia
0x00007fff5a2a0000 	/System/Library/PrivateFrameworks/MediaExperience.framework/Versions/A/MediaExperience
0x00007fff41ecf000 	/System/Library/Frameworks/VideoToolbox.framework/Versions/A/VideoToolbox
0x00007fff4b535000 	/System/Library/PrivateFrameworks/CoreAUC.framework/Versions/A/CoreAUC
0x00007fff6cfe0000 	/usr/lib/libspindump.dylib
0x00007fff485d4000 	/System/Library/PrivateFrameworks/AudioResourceArbitration.framework/Versions/A/AudioResourceArbitration
0x00007fff47fea000 	/System/Library/PrivateFrameworks/AppleVA.framework/Versions/A/AppleVA
0x00007fff2fe85000 	/System/Library/Frameworks/Accelerate.framework/Versions/A/Frameworks/vImage.framework/Versions/A/Libraries/libCGInterfaces.dylib
0x0000000127ce4000 	/usr/lib/libobjc-trampolines.dylib
0x00007fff50833000 	/System/Library/PrivateFrameworks/FontServices.framework/libTrueTypeScaler.dylib
0x00007fff299f7000 	/System/Library/Extensions/AppleIntelBDWGraphicsMTLDriver.bundle/Contents/MacOS/AppleIntelBDWGraphicsMTLDriver
0x00007fff53dbd000 	/System/Library/PrivateFrameworks/GPUCompiler.framework/Versions/3902/Libraries/libmetal_timestamp.dylib
0x00007fff66cbf000 	/System/Library/PrivateFrameworks/ViewBridge.framework/Versions/A/ViewBridge
0x0000000128d54000 	/Users/dgoptsii/Game/natives/liblwjgl.dylib
0x0000000128dd6000 	/Users/dgoptsii/Downloads/jdk-14.0.1.jdk/Contents/Home/lib/libjawt.dylib
0x00007fff3ed72000 	/System/Library/Frameworks/OpenGL.framework/Versions/A/Resources/GLEngine.bundle/GLEngine
0x00007fff3e155000 	/System/Library/Frameworks/OpenGL.framework/Versions/A/Libraries/libGLProgrammability.dylib
0x00007fff294f2000 	/System/Library/Extensions/AppleIntelBDWGraphicsGLDriver.bundle/Contents/MacOS/AppleIntelBDWGraphicsGLDriver
0x00007fff55462000 	/System/Library/PrivateFrameworks/GPUSupport.framework/Versions/A/Libraries/libGPUSupportMercury.dylib
0x00007fff3eeec000 	/System/Library/Frameworks/OpenGL.framework/Versions/A/Resources/GLRendererFloat.bundle/GLRendererFloat
0x00007fff3d70e000 	/System/Library/Frameworks/OpenCL.framework/Versions/A/Libraries/libcldcpuengine.dylib
0x00007fff67f4c000 	/System/Library/PrivateFrameworks/login.framework/Versions/A/login


VM Arguments:
jvm_args: -Djava.library.path=/Users/dgoptsii/Game/natives:/Users/dgoptsii/Game/Libary -javaagent:/Applications/IntelliJ IDEA CE.app/Contents/lib/idea_rt.jar=53717:/Applications/IntelliJ IDEA CE.app/Contents/bin -Dfile.encoding=UTF-8 
java_command: Game.SetupGame
java_class_path (initial): /Users/dgoptsii/Game/out/production/GAME:/Users/dgoptsii/Game/Libary/Pack200Task.jar:/Users/dgoptsii/Game/libs/ibxm.jar:/Users/dgoptsii/Game/libs/jnlp.jar:/Users/dgoptsii/Game/libs/lwjgl.jar:/Users/dgoptsii/Game/libs/slick.jar:/Users/dgoptsii/Game/libs/jinput.jar:/Users/dgoptsii/Game/libs/jogg-0.0.7.jar:/Users/dgoptsii/Game/libs/lwjgl_util.jar:/Users/dgoptsii/Game/libs/tinylinepp.jar:/Users/dgoptsii/Game/libs/natives-mac.jar:/Users/dgoptsii/Game/libs/jorbis-0.0.15.jar:/Users/dgoptsii/Game/libs/natives-linux.jar:/Users/dgoptsii/Game/libs/slick-examples.jar:/Users/dgoptsii/Game/libs/natives-windows.jar:/Users/dgoptsii/Game/libs/lwjgl_util_applet.jar
Launcher Type: SUN_STANDARD

[Global flags]
     intx CICompilerCount                          = 3                                         {product} {ergonomic}
     uint ConcGCThreads                            = 1                                         {product} {ergonomic}
     uint G1ConcRefinementThreads                  = 4                                         {product} {ergonomic}
   size_t G1HeapRegionSize                         = 1048576                                   {product} {ergonomic}
    uintx GCDrainStackTargetSize                   = 64                                        {product} {ergonomic}
   size_t InitialHeapSize                          = 134217728                                 {product} {ergonomic}
   size_t MarkStackSize                            = 4194304                                   {product} {ergonomic}
   size_t MaxHeapSize                              = 2147483648                                {product} {ergonomic}
   size_t MaxNewSize                               = 1287651328                                {product} {ergonomic}
   size_t MinHeapDeltaBytes                        = 1048576                                   {product} {ergonomic}
   size_t MinHeapSize                              = 8388608                                   {product} {ergonomic}
    uintx NonNMethodCodeHeapSize                   = 5832780                                {pd product} {ergonomic}
    uintx NonProfiledCodeHeapSize                  = 122912730                              {pd product} {ergonomic}
    uintx ProfiledCodeHeapSize                     = 122912730                              {pd product} {ergonomic}
    uintx ReservedCodeCacheSize                    = 251658240                              {pd product} {ergonomic}
     bool SegmentedCodeCache                       = true                                      {product} {ergonomic}
   size_t SoftMaxHeapSize                          = 2147483648                             {manageable} {ergonomic}
     bool UseCompressedClassPointers               = true                                 {lp64_product} {ergonomic}
     bool UseCompressedOops                        = true                                 {lp64_product} {ergonomic}
     bool UseG1GC                                  = true                                      {product} {ergonomic}

Logging:
Log output configuration:
 #0: stdout all=warning uptime,level,tags
 #1: stderr all=off uptime,level,tags

Environment Variables:
PATH=/usr/local/bin:/usr/bin:/bin:/usr/sbin:/sbin
SHELL=/bin/bash

Signal Handlers:
SIGSEGV: [libjvm.dylib+0x741580], sa_mask[0]=11111111011111110111111111111111, sa_flags=SA_ONSTACK|SA_RESTART|SA_SIGINFO
SIGBUS: [libjvm.dylib+0x741580], sa_mask[0]=11111111011111110111111111111111, sa_flags=SA_RESTART|SA_SIGINFO
SIGFPE: [libjvm.dylib+0x741580], sa_mask[0]=11111111011111110111111111111111, sa_flags=SA_RESTART|SA_SIGINFO
SIGPIPE: [libjvm.dylib+0x5eb3a3], sa_mask[0]=11111111011111110111111111111111, sa_flags=SA_RESTART|SA_SIGINFO
SIGXFSZ: [libjvm.dylib+0x5eb3a3], sa_mask[0]=11111111011111110111111111111111, sa_flags=SA_RESTART|SA_SIGINFO
SIGILL: [libjvm.dylib+0x741580], sa_mask[0]=11111111011111110111111111111111, sa_flags=SA_RESTART|SA_SIGINFO
SIGUSR2: [libjvm.dylib+0x5eb975], sa_mask[0]=00100000000000000000000000000000, sa_flags=SA_RESTART|SA_SIGINFO
SIGHUP: [libjvm.dylib+0x5ea9d7], sa_mask[0]=11111111011111110111111111111111, sa_flags=SA_RESTART|SA_SIGINFO
SIGINT: [libjvm.dylib+0x5ea9d7], sa_mask[0]=11111111011111110111111111111111, sa_flags=SA_RESTART|SA_SIGINFO
SIGTERM: [libjvm.dylib+0x5ea9d7], sa_mask[0]=11111111011111110111111111111111, sa_flags=SA_RESTART|SA_SIGINFO
SIGQUIT: [libjvm.dylib+0x5ea9d7], sa_mask[0]=11111111011111110111111111111111, sa_flags=SA_RESTART|SA_SIGINFO


---------------  S Y S T E M  ---------------

OS:uname:Darwin 19.4.0 Darwin Kernel Version 19.4.0: Wed Mar  4 22:28:40 PST 2020; root:xnu-6153.101.6~15/RELEASE_X86_64 x86_64
OS uptime: 4 days 0:12 hours
rlimit: STACK 8192k, CORE 0k, NPROC 1392, NOFILE 10240, AS infinity, DATA infinity, FSIZE infinity
load average:4.42 4.34 8.56

CPU:total 4 (initial active 4) (2 cores per cpu, 2 threads per core) family 6 model 61 stepping 4, cmov, cx8, fxsr, mmx, sse, sse2, sse3, ssse3, sse4.1, sse4.2, popcnt, avx, avx2, aes, clmul, erms, 3dnowpref, lzcnt, ht, tsc, tscinvbit, bmi1, bmi2, adx, fma

Memory: 4k page, physical 8388608k(756508k free), swap 2097152k(1288448k free)

vm_info: OpenJDK 64-Bit Server VM (14.0.1+7) for bsd-amd64 JRE (14.0.1+7), built on Mar  5 2020 10:34:43 by "mach5one" with clang 4.2.1 Compatible Apple LLVM 10.0.0 (clang-1000.11.45.5)

END.
