#
# A fatal error has been detected by the Java Runtime Environment:
#
#  SIGSEGV (0xb) at pc=0x00007fff6ce6d829, pid=16098, tid=6147
#
# JRE version: OpenJDK Runtime Environment (14.0.1+7) (build 14.0.1+7)
# Java VM: OpenJDK 64-Bit Server VM (14.0.1+7, mixed mode, sharing, tiered, compressed oops, g1 gc, bsd-amd64)
# Problematic frame:
# C  [libobjc.A.dylib+0x6829]  objc_msgSend+0x29
#
# No core dump will be written. Core dumps have been disabled. To enable core dumping, try "ulimit -c unlimited" before starting Java again
#
# If you would like to submit a bug report, please visit:
#   https://bugreport.java.com/bugreport/crash.jsp
# The crash happened outside the Java Virtual Machine in native code.
# See problematic frame for where to report the bug.
#

---------------  S U M M A R Y ------------

Command Line: -Djava.library.path=/Users/dgoptsii/Game/natives:/Users/dgoptsii/Game/Libary -javaagent:/Applications/IntelliJ IDEA CE.app/Contents/lib/idea_rt.jar=50088:/Applications/IntelliJ IDEA CE.app/Contents/bin -Dfile.encoding=UTF-8 Game.SetupGame

Host: MacBookPro12,1 x86_64 2700 MHz, 4 cores, 8G, Darwin 19.4.0
Time: Fri May 22 16:49:22 2020 EEST elapsed time: 1 seconds (0d 0h 0m 1s)

---------------  T H R E A D  ---------------

Current thread (0x00007fa7ae80a000):  JavaThread "main" [_thread_in_native, id=6147, stack(0x000070000643f000,0x000070000653f000)]

Stack: [0x000070000643f000,0x000070000653f000],  sp=0x000070000653e048,  free space=1020k
Native frames: (J=compiled Java code, A=aot compiled Java code, j=interpreted, Vv=VM code, C=native code)
C  [libobjc.A.dylib+0x6829]  objc_msgSend+0x29
C  [AppKit+0xa64644]  NSCGLSurfaceFlush+0xd6
C  [GLEngine+0x1b92a]  glSwap_Exec+0xba
C  [OpenGL+0xd473]  CGLFlushDrawable+0x3b
C  [AppKit+0x3eb2fa]  -[NSOpenGLContext flushBuffer]+0x14
C  [liblwjgl.dylib+0x16a12]  Java_org_lwjgl_opengl_MacOSXContextImplementation_nSwapBuffers+0x62
j  org.lwjgl.opengl.MacOSXContextImplementation.nSwapBuffers(Ljava/nio/ByteBuffer;)V+0
j  org.lwjgl.opengl.MacOSXContextImplementation.swapBuffers()V+26
j  org.lwjgl.opengl.ContextGL.swapBuffers()V+3
j  org.lwjgl.opengl.DrawableGL.swapBuffers()V+0
j  org.lwjgl.opengl.Display.swapBuffers()V+39
j  org.lwjgl.opengl.Display.update(Z)V+44
j  org.lwjgl.opengl.Display.update()V+1
j  org.lwjgl.opengl.Display.initContext()V+17
j  org.lwjgl.opengl.Display.create(Lorg/lwjgl/opengl/PixelFormat;Lorg/lwjgl/opengl/Drawable;Lorg/lwjgl/opengl/ContextAttribs;)V+111
j  org.lwjgl.opengl.Display.create(Lorg/lwjgl/opengl/PixelFormat;)V+12
j  org.newdawn.slick.AppGameContainer.tryCreateDisplay(Lorg/lwjgl/opengl/PixelFormat;)V+7
j  org.newdawn.slick.AppGameContainer.access$000(Lorg/newdawn/slick/AppGameContainer;Lorg/lwjgl/opengl/PixelFormat;)V+2
j  org.newdawn.slick.AppGameContainer$2.run()Ljava/lang/Object;+36
j  java.security.AccessController.executePrivileged(Ljava/security/PrivilegedAction;Ljava/security/AccessControlContext;Ljava/lang/Class;)Ljava/lang/Object;+29 java.base@14.0.1
j  java.security.AccessController.doPrivileged(Ljava/security/PrivilegedAction;)Ljava/lang/Object;+5 java.base@14.0.1
j  org.newdawn.slick.AppGameContainer.setup()V+112
j  org.newdawn.slick.AppGameContainer.start()V+1
j  Game.SetupGame.main([Ljava/lang/String;)V+40
v  ~StubRoutines::call_stub
V  [libjvm.dylib+0x34bbbe]  JavaCalls::call_helper(JavaValue*, methodHandle const&, JavaCallArguments*, Thread*)+0x256
V  [libjvm.dylib+0x39032d]  jni_invoke_static(JNIEnv_*, JavaValue*, _jobject*, JNICallType, _jmethodID*, JNI_ArgumentPusher*, Thread*)+0x11c
V  [libjvm.dylib+0x393c10]  jni_CallStaticVoidMethod+0x1b3
C  [libjli.dylib+0x4a42]  JavaMain+0xab4
C  [libjli.dylib+0x6d4a]  ThreadJavaMain+0x9
C  [libsystem_pthread.dylib+0x6109]  _pthread_start+0x94
C  [libsystem_pthread.dylib+0x1b8b]  thread_start+0xf

Java frames: (J=compiled Java code, j=interpreted, Vv=VM code)
j  org.lwjgl.opengl.MacOSXContextImplementation.nSwapBuffers(Ljava/nio/ByteBuffer;)V+0
j  org.lwjgl.opengl.MacOSXContextImplementation.swapBuffers()V+26
j  org.lwjgl.opengl.ContextGL.swapBuffers()V+3
j  org.lwjgl.opengl.DrawableGL.swapBuffers()V+0
j  org.lwjgl.opengl.Display.swapBuffers()V+39
j  org.lwjgl.opengl.Display.update(Z)V+44
j  org.lwjgl.opengl.Display.update()V+1
j  org.lwjgl.opengl.Display.initContext()V+17
j  org.lwjgl.opengl.Display.create(Lorg/lwjgl/opengl/PixelFormat;Lorg/lwjgl/opengl/Drawable;Lorg/lwjgl/opengl/ContextAttribs;)V+111
j  org.lwjgl.opengl.Display.create(Lorg/lwjgl/opengl/PixelFormat;)V+12
j  org.newdawn.slick.AppGameContainer.tryCreateDisplay(Lorg/lwjgl/opengl/PixelFormat;)V+7
j  org.newdawn.slick.AppGameContainer.access$000(Lorg/newdawn/slick/AppGameContainer;Lorg/lwjgl/opengl/PixelFormat;)V+2
j  org.newdawn.slick.AppGameContainer$2.run()Ljava/lang/Object;+36
j  java.security.AccessController.executePrivileged(Ljava/security/PrivilegedAction;Ljava/security/AccessControlContext;Ljava/lang/Class;)Ljava/lang/Object;+29 java.base@14.0.1
j  java.security.AccessController.doPrivileged(Ljava/security/PrivilegedAction;)Ljava/lang/Object;+5 java.base@14.0.1
j  org.newdawn.slick.AppGameContainer.setup()V+112
j  org.newdawn.slick.AppGameContainer.start()V+1
j  Game.SetupGame.main([Ljava/lang/String;)V+40
v  ~StubRoutines::call_stub

siginfo: si_signo: 11 (SIGSEGV), si_code: 0 (unknown), si_addr: 0x0000000000000000

Register to memory mapping:

RAX=0x00007fa7acfca010 points into unknown readable memory: 49 72 88 8b ff ff 3d 02
RBX=0x00007fa7ace99390 points into unknown readable memory: 99 03 56 8c ff ff 1d 02
RCX=0x0 is NULL
RDX=0x0 is NULL
RSP=0x000070000653e048 is pointing into the stack for thread: 0x00007fa7ae80a000
RBP=0x000070000653e1f0 is pointing into the stack for thread: 0x00007fa7ae80a000
RSI=0x00007fff782a5b8d: GCC_except_table740+0xb40ecbd in /usr/lib/libobjc.A.dylib at 0x00007fff6ce67000
RDI=0x00007fa7acdd7900 points into unknown readable memory: 50 5a 03 8f ff 7f 00 00
R8 =0x00000000000130a8 is an unknown value
R9 =0x0 is NULL
R10=0x00007fff8f035a50: _ZTVNSt3__120__shared_ptr_emplaceI22FrameworkConfigurationNS_9allocatorIS1_EEEE+0x10 in /System/Library/PrivateFrameworks/CoreAnalytics.framework/Versions/A/CoreAnalytics at 0x00007fff4b95b000
R11=0x00008005cdb71e68 is an unknown value
R12=0x0 is NULL
R13=0x0 is NULL
R14=0x00000001000003fa is an unknown value
R15=0x00007fff3222b8ae: .str.38+0x169fdc in /System/Library/Frameworks/AppKit.framework/Versions/C/AppKit at 0x00007fff314b0000


Registers:
RAX=0x00007fa7acfca010, RBX=0x00007fa7ace99390, RCX=0x0000000000000000, RDX=0x0000000000000000
RSP=0x000070000653e048, RBP=0x000070000653e1f0, RSI=0x00007fff782a5b8d, RDI=0x00007fa7acdd7900
R8 =0x00000000000130a8, R9 =0x0000000000000000, R10=0x00007fff8f035a50, R11=0x00008005cdb71e68
R12=0x0000000000000000, R13=0x0000000000000000, R14=0x00000001000003fa, R15=0x00007fff3222b8ae
RIP=0x00007fff6ce6d829, EFLAGS=0x0000000000010202, ERR=0x0000000000000000
  TRAPNO=0x000000000000000d

Top of Stack: (sp=0x000070000653e048)
0x000070000653e048:   00007fff31f14aa3 aaaaaaaaaaaaaaaa
0x000070000653e058:   aaaaaaaaaaaaaaaa aaaaaaaaaaaaaaaa
0x000070000653e068:   aaaaaaaaaaaaaaaa aaaaaaaaaaaaaaaa
0x000070000653e078:   aaaaaaaaaaaaaaaa aaaaaaaaaaaaaaaa
0x000070000653e088:   aaaaaaaaaaaaaaaa aaaaaaaaaaaaaaaa
0x000070000653e098:   aaaaaaaaaaaaaaaa aaaaaaaaaaaaaaaa
0x000070000653e0a8:   aaaaaaaaaaaaaaaa aaaaaaaaaaaaaaaa
0x000070000653e0b8:   aaaaaaaaaaaaaaaa aaaaaaaaaaaaaaaa
0x000070000653e0c8:   aaaaaaaaaaaaaaaa aaaaaaaaaaaaaaaa
0x000070000653e0d8:   aaaaaaaaaaaaaaaa 00000c24aaaaaaaa
0x000070000653e0e8:   aaaaaaaaaaaaaaaa 5fb9b52d56b900da
0x000070000653e0f8:   ffdfffffffffffff 0000000000000000
0x000070000653e108:   00007fa7acfca030 0000000200000001
0x000070000653e118:   00007fa7acfca010 0000000000000000
0x000070000653e128:   00000001000003fa 0100000000014c03
0x000070000653e138:   00007fa7acfca010 7fefffffffffffff
0x000070000653e148:   ffdfffffffffffff 00007fff3222b8ae
0x000070000653e158:   00007fa7acfca010 7fefffffffffffff
0x000070000653e168:   0000000000000000 0000000000000000
0x000070000653e178:   0000000000000000 43e0000000000000
0x000070000653e188:   0000000000000000 0000000000000000
0x000070000653e198:   0000000000000000 0000000000000000
0x000070000653e1a8:   0000000000000000 0000000000000000
0x000070000653e1b8:   0000000000000000 5fb9b52d56b900da
0x000070000653e1c8:   ffdfffffffffffff 0000000000000000
0x000070000653e1d8:   0000000000000000 00007fa7ad036110
0x000070000653e1e8:   00007fa7acfca010 000070000653e270
0x000070000653e1f8:   00007fff31f14644 ffdfffffffffffff
0x000070000653e208:   ffdfffffffffffff 7fefffffffffffff
0x000070000653e218:   7fefffffffffffff 0000000000000000
0x000070000653e228:   ffdfffffffffffff ffdfffffffffffff
0x000070000653e238:   7fefffffffffffff 7fefffffffffffff 

Instructions: (pc=0x00007fff6ce6d829)
0x00007fff6ce6d729:   e9 f8 75 00 00 31 f6 e9 85 6c 00 00 90 90 90 90
0x00007fff6ce6d739:   90 90 90 90 90 90 90 31 c0 31 d2 0f 57 c0 0f 57
0x00007fff6ce6d749:   c9 c3 90 d9 ee 31 c0 31 d2 0f 57 c0 0f 57 c9 c3
0x00007fff6ce6d759:   0f 1f 00 d9 ee d9 ee 31 c0 31 d2 0f 57 c0 0f 57
0x00007fff6ce6d769:   c9 c3 90 48 89 f8 c3 49 89 fa 49 89 f3 45 23 5a
0x00007fff6ce6d779:   18 49 c1 e3 04 4d 03 5a 10 49 3b 33 75 0e 49 8b
0x00007fff6ce6d789:   43 08 48 83 f8 00 74 03 4c 31 d0 c3 49 83 3b 01
0x00007fff6ce6d799:   76 17 49 83 c3 10 49 3b 33 75 f1 49 8b 43 08 48
0x00007fff6ce6d7a9:   83 f8 00 74 03 4c 31 d0 c3 72 25 4d 8b 5b 08 eb
0x00007fff6ce6d7b9:   0a 49 83 3b 01 76 17 49 83 c3 10 49 3b 33 75 f1
0x00007fff6ce6d7c9:   49 8b 43 08 48 83 f8 00 74 03 4c 31 d0 c3 eb 00
0x00007fff6ce6d7d9:   31 c0 c3 66 2e 0f 1f 84 00 00 00 00 00 66 2e 0f
0x00007fff6ce6d7e9:   1f 84 00 00 00 00 00 66 2e 0f 1f 84 00 00 00 00
0x00007fff6ce6d7f9:   00 66 0f 1f 44 00 00 48 85 ff 2e 74 72 40 f6 c7
0x00007fff6ce6d809:   01 2e 75 76 49 ba f8 ff ff ff ff 7f 00 00 4c 23
0x00007fff6ce6d819:   17 49 89 f3 45 23 5a 18 49 c1 e3 04 4d 03 5a 10
0x00007fff6ce6d829:   49 3b 33 75 0a 4d 8b 5b 08 4d 31 d3 41 ff e3 49
0x00007fff6ce6d839:   83 3b 01 76 13 49 83 c3 10 49 3b 33 75 f1 4d 8b
0x00007fff6ce6d849:   5b 08 4d 31 d3 41 ff e3 72 70 4d 8b 5b 08 eb 0a
0x00007fff6ce6d859:   49 83 3b 01 76 13 49 83 c3 10 49 3b 33 75 f1 4d
0x00007fff6ce6d869:   8b 5b 08 4d 31 d3 41 ff e3 eb 4f 0f 1f 40 00 31
0x00007fff6ce6d879:   c0 31 d2 0f 57 c0 0f 57 c9 c3 41 89 fb 41 83 e3
0x00007fff6ce6d889:   0f 4c 8d 15 ff 59 d1 27 4f 8b 14 da 4c 8d 1d cc
0x00007fff6ce6d899:   58 d1 27 4d 39 d3 0f 85 75 ff ff ff 41 89 fb 41
0x00007fff6ce6d8a9:   c1 eb 04 41 81 e3 ff 00 00 00 4c 8d 15 56 5a d1
0x00007fff6ce6d8b9:   27 4f 8b 14 da e9 57 ff ff ff e9 88 0a 00 00 66
0x00007fff6ce6d8c9:   2e 0f 1f 84 00 00 00 00 00 66 2e 0f 1f 84 00 00
0x00007fff6ce6d8d9:   00 00 00 66 2e 0f 1f 84 00 00 00 00 00 66 2e 0f
0x00007fff6ce6d8e9:   1f 84 00 00 00 00 00 66 2e 0f 1f 84 00 00 00 00
0x00007fff6ce6d8f9:   00 66 0f 1f 44 00 00 48 85 ff 2e 74 6a 40 f6 c7
0x00007fff6ce6d909:   01 2e 75 6b 49 ba f8 ff ff ff ff 7f 00 00 4c 23
0x00007fff6ce6d919:   17 49 89 f3 45 23 5a 18 49 c1 e3 04 4d 03 5a 10 


Stack slot to memory mapping:
stack at sp + 0 slots: 0x00007fff31f14aa3: -[NSCGLSurface flushRect:]+0x3e1 in /System/Library/Frameworks/AppKit.framework/Versions/C/AppKit at 0x00007fff314b0000
stack at sp + 1 slots: 0xaaaaaaaaaaaaaaaa is an unknown value
stack at sp + 2 slots: 0xaaaaaaaaaaaaaaaa is an unknown value
stack at sp + 3 slots: 0xaaaaaaaaaaaaaaaa is an unknown value
stack at sp + 4 slots: 0xaaaaaaaaaaaaaaaa is an unknown value
stack at sp + 5 slots: 0xaaaaaaaaaaaaaaaa is an unknown value
stack at sp + 6 slots: 0xaaaaaaaaaaaaaaaa is an unknown value
stack at sp + 7 slots: 0xaaaaaaaaaaaaaaaa is an unknown value


---------------  P R O C E S S  ---------------

Threads class SMR info:
_java_thread_list=0x00007fa7acde33f0, length=14, elements={
0x00007fa7ae80a000, 0x00007fa7ad034800, 0x00007fa7ad037800, 0x00007fa7ad039000,
0x00007fa7ad03d800, 0x00007fa7ad03e800, 0x00007fa7ad03f800, 0x00007fa7ad040000,
0x00007fa7ae03f800, 0x00007fa7ae94c800, 0x00007fa7ae0a3000, 0x00007fa7ad89b000,
0x00007fa7ae0b6800, 0x00007fa7ad19c800
}

Java Threads: ( => current thread )
=>0x00007fa7ae80a000 JavaThread "main" [_thread_in_native, id=6147, stack(0x000070000643f000,0x000070000653f000)]
  0x00007fa7ad034800 JavaThread "Reference Handler" daemon [_thread_blocked, id=17155, stack(0x0000700006b54000,0x0000700006c54000)]
  0x00007fa7ad037800 JavaThread "Finalizer" daemon [_thread_blocked, id=16643, stack(0x0000700006c57000,0x0000700006d57000)]
  0x00007fa7ad039000 JavaThread "Signal Dispatcher" daemon [_thread_blocked, id=43267, stack(0x0000700006e60000,0x0000700006f60000)]
  0x00007fa7ad03d800 JavaThread "Service Thread" daemon [_thread_blocked, id=22275, stack(0x0000700006f63000,0x0000700007063000)]
  0x00007fa7ad03e800 JavaThread "C2 CompilerThread0" daemon [_thread_blocked, id=42243, stack(0x0000700007066000,0x0000700007166000)]
  0x00007fa7ad03f800 JavaThread "C1 CompilerThread0" daemon [_thread_blocked, id=41475, stack(0x0000700007169000,0x0000700007269000)]
  0x00007fa7ad040000 JavaThread "Sweeper thread" daemon [_thread_blocked, id=40963, stack(0x000070000726c000,0x000070000736c000)]
  0x00007fa7ae03f800 JavaThread "Common-Cleaner" daemon [_thread_blocked, id=23043, stack(0x000070000736f000,0x000070000746f000)]
  0x00007fa7ae94c800 JavaThread "Monitor Ctrl-Break" daemon [_thread_in_native, id=39683, stack(0x0000700007472000,0x0000700007572000)]
  0x00007fa7ae0a3000 JavaThread "Notification Thread" daemon [_thread_blocked, id=39427, stack(0x0000700007575000,0x0000700007675000)]
  0x00007fa7ad89b000 JavaThread "AppKit Thread" daemon [_thread_in_native, id=775, stack(0x00007ffeed6a0000,0x00007ffeedea0000)]
  0x00007fa7ae0b6800 JavaThread "AWT-Shutdown" [_thread_blocked, id=29955, stack(0x00007000077fe000,0x00007000078fe000)]
  0x00007fa7ad19c800 JavaThread "Attach Listener" daemon [_thread_blocked, id=66315, stack(0x0000700007a8a000,0x0000700007b8a000)]

Other Threads:
  0x00007fa7ae03e800 VMThread "VM Thread" [stack: 0x0000700006a51000,0x0000700006b51000] [id=17411]
  0x00007fa7ae09d000 WatcherThread [stack: 0x0000700007678000,0x0000700007778000] [id=23811]
  0x00007fa7ad812000 GCTaskThread "GC Thread#0" [stack: 0x0000700006542000,0x0000700006642000] [id=19715]
  0x00007fa7ad82d000 ConcurrentGCThread "G1 Main Marker" [stack: 0x0000700006645000,0x0000700006745000] [id=12291]
  0x00007fa7ae019000 ConcurrentGCThread "G1 Conc#0" [stack: 0x0000700006748000,0x0000700006848000] [id=18435]
  0x00007fa7ae848000 ConcurrentGCThread "G1 Refine#0" [stack: 0x000070000684b000,0x000070000694b000] [id=12547]
  0x00007fa7ad82e000 ConcurrentGCThread "G1 Young RemSet Sampling" [stack: 0x000070000694e000,0x0000700006a4e000] [id=12803]

Threads with active compile tasks:

VM state:not at safepoint (normal execution)

VM Mutex/Monitor currently owned by a thread: None

Heap address: 0x0000000780000000, size: 2048 MB, Compressed Oops mode: Zero based, Oop shift amount: 3
Narrow klass base: 0x0000000800000000, Narrow klass shift: 3
Compressed class space size: 1073741824 Address: 0x0000000800b03000

Heap:
 garbage-first heap   total 133120K, used 5936K [0x0000000780000000, 0x0000000800000000)
  region size 1024K, 7 young (7168K), 0 survivors (0K)
 Metaspace       used 3722K, capacity 5788K, committed 6016K, reserved 1056768K
  class space    used 317K, capacity 515K, committed 640K, reserved 1048576K
Heap Regions: E=young(eden), S=young(survivor), O=old, HS=humongous(starts), HC=humongous(continues), CS=collection set, F=free, OA=open archive, CA=closed archive, TAMS=top-at-mark-start (previous, next)
|   0|0x0000000780000000, 0x0000000780000000, 0x0000000780100000|  0%| F|  |TAMS 0x0000000780000000, 0x0000000780000000| Untracked 
|   1|0x0000000780100000, 0x0000000780100000, 0x0000000780200000|  0%| F|  |TAMS 0x0000000780100000, 0x0000000780100000| Untracked 
|   2|0x0000000780200000, 0x0000000780200000, 0x0000000780300000|  0%| F|  |TAMS 0x0000000780200000, 0x0000000780200000| Untracked 
|   3|0x0000000780300000, 0x0000000780300000, 0x0000000780400000|  0%| F|  |TAMS 0x0000000780300000, 0x0000000780300000| Untracked 
|   4|0x0000000780400000, 0x0000000780400000, 0x0000000780500000|  0%| F|  |TAMS 0x0000000780400000, 0x0000000780400000| Untracked 
|   5|0x0000000780500000, 0x0000000780500000, 0x0000000780600000|  0%| F|  |TAMS 0x0000000780500000, 0x0000000780500000| Untracked 
|   6|0x0000000780600000, 0x0000000780600000, 0x0000000780700000|  0%| F|  |TAMS 0x0000000780600000, 0x0000000780600000| Untracked 
|   7|0x0000000780700000, 0x0000000780700000, 0x0000000780800000|  0%| F|  |TAMS 0x0000000780700000, 0x0000000780700000| Untracked 
|   8|0x0000000780800000, 0x0000000780800000, 0x0000000780900000|  0%| F|  |TAMS 0x0000000780800000, 0x0000000780800000| Untracked 
|   9|0x0000000780900000, 0x0000000780900000, 0x0000000780a00000|  0%| F|  |TAMS 0x0000000780900000, 0x0000000780900000| Untracked 
|  10|0x0000000780a00000, 0x0000000780a00000, 0x0000000780b00000|  0%| F|  |TAMS 0x0000000780a00000, 0x0000000780a00000| Untracked 
|  11|0x0000000780b00000, 0x0000000780b00000, 0x0000000780c00000|  0%| F|  |TAMS 0x0000000780b00000, 0x0000000780b00000| Untracked 
|  12|0x0000000780c00000, 0x0000000780c00000, 0x0000000780d00000|  0%| F|  |TAMS 0x0000000780c00000, 0x0000000780c00000| Untracked 
|  13|0x0000000780d00000, 0x0000000780d00000, 0x0000000780e00000|  0%| F|  |TAMS 0x0000000780d00000, 0x0000000780d00000| Untracked 
|  14|0x0000000780e00000, 0x0000000780e00000, 0x0000000780f00000|  0%| F|  |TAMS 0x0000000780e00000, 0x0000000780e00000| Untracked 
|  15|0x0000000780f00000, 0x0000000780f00000, 0x0000000781000000|  0%| F|  |TAMS 0x0000000780f00000, 0x0000000780f00000| Untracked 
|  16|0x0000000781000000, 0x0000000781000000, 0x0000000781100000|  0%| F|  |TAMS 0x0000000781000000, 0x0000000781000000| Untracked 
|  17|0x0000000781100000, 0x0000000781100000, 0x0000000781200000|  0%| F|  |TAMS 0x0000000781100000, 0x0000000781100000| Untracked 
|  18|0x0000000781200000, 0x0000000781200000, 0x0000000781300000|  0%| F|  |TAMS 0x0000000781200000, 0x0000000781200000| Untracked 
|  19|0x0000000781300000, 0x0000000781300000, 0x0000000781400000|  0%| F|  |TAMS 0x0000000781300000, 0x0000000781300000| Untracked 
|  20|0x0000000781400000, 0x0000000781400000, 0x0000000781500000|  0%| F|  |TAMS 0x0000000781400000, 0x0000000781400000| Untracked 
|  21|0x0000000781500000, 0x0000000781500000, 0x0000000781600000|  0%| F|  |TAMS 0x0000000781500000, 0x0000000781500000| Untracked 
|  22|0x0000000781600000, 0x0000000781600000, 0x0000000781700000|  0%| F|  |TAMS 0x0000000781600000, 0x0000000781600000| Untracked 
|  23|0x0000000781700000, 0x0000000781700000, 0x0000000781800000|  0%| F|  |TAMS 0x0000000781700000, 0x0000000781700000| Untracked 
|  24|0x0000000781800000, 0x0000000781800000, 0x0000000781900000|  0%| F|  |TAMS 0x0000000781800000, 0x0000000781800000| Untracked 
|  25|0x0000000781900000, 0x0000000781900000, 0x0000000781a00000|  0%| F|  |TAMS 0x0000000781900000, 0x0000000781900000| Untracked 
|  26|0x0000000781a00000, 0x0000000781a00000, 0x0000000781b00000|  0%| F|  |TAMS 0x0000000781a00000, 0x0000000781a00000| Untracked 
|  27|0x0000000781b00000, 0x0000000781b00000, 0x0000000781c00000|  0%| F|  |TAMS 0x0000000781b00000, 0x0000000781b00000| Untracked 
|  28|0x0000000781c00000, 0x0000000781c00000, 0x0000000781d00000|  0%| F|  |TAMS 0x0000000781c00000, 0x0000000781c00000| Untracked 
|  29|0x0000000781d00000, 0x0000000781d00000, 0x0000000781e00000|  0%| F|  |TAMS 0x0000000781d00000, 0x0000000781d00000| Untracked 
|  30|0x0000000781e00000, 0x0000000781e00000, 0x0000000781f00000|  0%| F|  |TAMS 0x0000000781e00000, 0x0000000781e00000| Untracked 
|  31|0x0000000781f00000, 0x0000000781f00000, 0x0000000782000000|  0%| F|  |TAMS 0x0000000781f00000, 0x0000000781f00000| Untracked 
|  32|0x0000000782000000, 0x0000000782000000, 0x0000000782100000|  0%| F|  |TAMS 0x0000000782000000, 0x0000000782000000| Untracked 
|  33|0x0000000782100000, 0x0000000782100000, 0x0000000782200000|  0%| F|  |TAMS 0x0000000782100000, 0x0000000782100000| Untracked 
|  34|0x0000000782200000, 0x0000000782200000, 0x0000000782300000|  0%| F|  |TAMS 0x0000000782200000, 0x0000000782200000| Untracked 
|  35|0x0000000782300000, 0x0000000782300000, 0x0000000782400000|  0%| F|  |TAMS 0x0000000782300000, 0x0000000782300000| Untracked 
|  36|0x0000000782400000, 0x0000000782400000, 0x0000000782500000|  0%| F|  |TAMS 0x0000000782400000, 0x0000000782400000| Untracked 
|  37|0x0000000782500000, 0x0000000782500000, 0x0000000782600000|  0%| F|  |TAMS 0x0000000782500000, 0x0000000782500000| Untracked 
|  38|0x0000000782600000, 0x0000000782600000, 0x0000000782700000|  0%| F|  |TAMS 0x0000000782600000, 0x0000000782600000| Untracked 
|  39|0x0000000782700000, 0x0000000782700000, 0x0000000782800000|  0%| F|  |TAMS 0x0000000782700000, 0x0000000782700000| Untracked 
|  40|0x0000000782800000, 0x0000000782800000, 0x0000000782900000|  0%| F|  |TAMS 0x0000000782800000, 0x0000000782800000| Untracked 
|  41|0x0000000782900000, 0x0000000782900000, 0x0000000782a00000|  0%| F|  |TAMS 0x0000000782900000, 0x0000000782900000| Untracked 
|  42|0x0000000782a00000, 0x0000000782a00000, 0x0000000782b00000|  0%| F|  |TAMS 0x0000000782a00000, 0x0000000782a00000| Untracked 
|  43|0x0000000782b00000, 0x0000000782b00000, 0x0000000782c00000|  0%| F|  |TAMS 0x0000000782b00000, 0x0000000782b00000| Untracked 
|  44|0x0000000782c00000, 0x0000000782c00000, 0x0000000782d00000|  0%| F|  |TAMS 0x0000000782c00000, 0x0000000782c00000| Untracked 
|  45|0x0000000782d00000, 0x0000000782d00000, 0x0000000782e00000|  0%| F|  |TAMS 0x0000000782d00000, 0x0000000782d00000| Untracked 
|  46|0x0000000782e00000, 0x0000000782e00000, 0x0000000782f00000|  0%| F|  |TAMS 0x0000000782e00000, 0x0000000782e00000| Untracked 
|  47|0x0000000782f00000, 0x0000000782f00000, 0x0000000783000000|  0%| F|  |TAMS 0x0000000782f00000, 0x0000000782f00000| Untracked 
|  48|0x0000000783000000, 0x0000000783000000, 0x0000000783100000|  0%| F|  |TAMS 0x0000000783000000, 0x0000000783000000| Untracked 
|  49|0x0000000783100000, 0x0000000783100000, 0x0000000783200000|  0%| F|  |TAMS 0x0000000783100000, 0x0000000783100000| Untracked 
|  50|0x0000000783200000, 0x0000000783200000, 0x0000000783300000|  0%| F|  |TAMS 0x0000000783200000, 0x0000000783200000| Untracked 
|  51|0x0000000783300000, 0x0000000783300000, 0x0000000783400000|  0%| F|  |TAMS 0x0000000783300000, 0x0000000783300000| Untracked 
|  52|0x0000000783400000, 0x0000000783400000, 0x0000000783500000|  0%| F|  |TAMS 0x0000000783400000, 0x0000000783400000| Untracked 
|  53|0x0000000783500000, 0x0000000783500000, 0x0000000783600000|  0%| F|  |TAMS 0x0000000783500000, 0x0000000783500000| Untracked 
|  54|0x0000000783600000, 0x0000000783600000, 0x0000000783700000|  0%| F|  |TAMS 0x0000000783600000, 0x0000000783600000| Untracked 
|  55|0x0000000783700000, 0x0000000783700000, 0x0000000783800000|  0%| F|  |TAMS 0x0000000783700000, 0x0000000783700000| Untracked 
|  56|0x0000000783800000, 0x0000000783800000, 0x0000000783900000|  0%| F|  |TAMS 0x0000000783800000, 0x0000000783800000| Untracked 
|  57|0x0000000783900000, 0x0000000783900000, 0x0000000783a00000|  0%| F|  |TAMS 0x0000000783900000, 0x0000000783900000| Untracked 
|  58|0x0000000783a00000, 0x0000000783a00000, 0x0000000783b00000|  0%| F|  |TAMS 0x0000000783a00000, 0x0000000783a00000| Untracked 
|  59|0x0000000783b00000, 0x0000000783b00000, 0x0000000783c00000|  0%| F|  |TAMS 0x0000000783b00000, 0x0000000783b00000| Untracked 
|  60|0x0000000783c00000, 0x0000000783c00000, 0x0000000783d00000|  0%| F|  |TAMS 0x0000000783c00000, 0x0000000783c00000| Untracked 
|  61|0x0000000783d00000, 0x0000000783d00000, 0x0000000783e00000|  0%| F|  |TAMS 0x0000000783d00000, 0x0000000783d00000| Untracked 
|  62|0x0000000783e00000, 0x0000000783e00000, 0x0000000783f00000|  0%| F|  |TAMS 0x0000000783e00000, 0x0000000783e00000| Untracked 
|  63|0x0000000783f00000, 0x0000000783f00000, 0x0000000784000000|  0%| F|  |TAMS 0x0000000783f00000, 0x0000000783f00000| Untracked 
|  64|0x0000000784000000, 0x0000000784000000, 0x0000000784100000|  0%| F|  |TAMS 0x0000000784000000, 0x0000000784000000| Untracked 
|  65|0x0000000784100000, 0x0000000784100000, 0x0000000784200000|  0%| F|  |TAMS 0x0000000784100000, 0x0000000784100000| Untracked 
|  66|0x0000000784200000, 0x0000000784200000, 0x0000000784300000|  0%| F|  |TAMS 0x0000000784200000, 0x0000000784200000| Untracked 
|  67|0x0000000784300000, 0x0000000784300000, 0x0000000784400000|  0%| F|  |TAMS 0x0000000784300000, 0x0000000784300000| Untracked 
|  68|0x0000000784400000, 0x0000000784400000, 0x0000000784500000|  0%| F|  |TAMS 0x0000000784400000, 0x0000000784400000| Untracked 
|  69|0x0000000784500000, 0x0000000784500000, 0x0000000784600000|  0%| F|  |TAMS 0x0000000784500000, 0x0000000784500000| Untracked 
|  70|0x0000000784600000, 0x0000000784600000, 0x0000000784700000|  0%| F|  |TAMS 0x0000000784600000, 0x0000000784600000| Untracked 
|  71|0x0000000784700000, 0x0000000784700000, 0x0000000784800000|  0%| F|  |TAMS 0x0000000784700000, 0x0000000784700000| Untracked 
|  72|0x0000000784800000, 0x0000000784800000, 0x0000000784900000|  0%| F|  |TAMS 0x0000000784800000, 0x0000000784800000| Untracked 
|  73|0x0000000784900000, 0x0000000784900000, 0x0000000784a00000|  0%| F|  |TAMS 0x0000000784900000, 0x0000000784900000| Untracked 
|  74|0x0000000784a00000, 0x0000000784a00000, 0x0000000784b00000|  0%| F|  |TAMS 0x0000000784a00000, 0x0000000784a00000| Untracked 
|  75|0x0000000784b00000, 0x0000000784b00000, 0x0000000784c00000|  0%| F|  |TAMS 0x0000000784b00000, 0x0000000784b00000| Untracked 
|  76|0x0000000784c00000, 0x0000000784c00000, 0x0000000784d00000|  0%| F|  |TAMS 0x0000000784c00000, 0x0000000784c00000| Untracked 
|  77|0x0000000784d00000, 0x0000000784d00000, 0x0000000784e00000|  0%| F|  |TAMS 0x0000000784d00000, 0x0000000784d00000| Untracked 
|  78|0x0000000784e00000, 0x0000000784e00000, 0x0000000784f00000|  0%| F|  |TAMS 0x0000000784e00000, 0x0000000784e00000| Untracked 
|  79|0x0000000784f00000, 0x0000000784f00000, 0x0000000785000000|  0%| F|  |TAMS 0x0000000784f00000, 0x0000000784f00000| Untracked 
|  80|0x0000000785000000, 0x0000000785000000, 0x0000000785100000|  0%| F|  |TAMS 0x0000000785000000, 0x0000000785000000| Untracked 
|  81|0x0000000785100000, 0x0000000785100000, 0x0000000785200000|  0%| F|  |TAMS 0x0000000785100000, 0x0000000785100000| Untracked 
|  82|0x0000000785200000, 0x0000000785200000, 0x0000000785300000|  0%| F|  |TAMS 0x0000000785200000, 0x0000000785200000| Untracked 
|  83|0x0000000785300000, 0x0000000785300000, 0x0000000785400000|  0%| F|  |TAMS 0x0000000785300000, 0x0000000785300000| Untracked 
|  84|0x0000000785400000, 0x0000000785400000, 0x0000000785500000|  0%| F|  |TAMS 0x0000000785400000, 0x0000000785400000| Untracked 
|  85|0x0000000785500000, 0x0000000785500000, 0x0000000785600000|  0%| F|  |TAMS 0x0000000785500000, 0x0000000785500000| Untracked 
|  86|0x0000000785600000, 0x0000000785600000, 0x0000000785700000|  0%| F|  |TAMS 0x0000000785600000, 0x0000000785600000| Untracked 
|  87|0x0000000785700000, 0x0000000785700000, 0x0000000785800000|  0%| F|  |TAMS 0x0000000785700000, 0x0000000785700000| Untracked 
|  88|0x0000000785800000, 0x0000000785800000, 0x0000000785900000|  0%| F|  |TAMS 0x0000000785800000, 0x0000000785800000| Untracked 
|  89|0x0000000785900000, 0x0000000785900000, 0x0000000785a00000|  0%| F|  |TAMS 0x0000000785900000, 0x0000000785900000| Untracked 
|  90|0x0000000785a00000, 0x0000000785a00000, 0x0000000785b00000|  0%| F|  |TAMS 0x0000000785a00000, 0x0000000785a00000| Untracked 
|  91|0x0000000785b00000, 0x0000000785b00000, 0x0000000785c00000|  0%| F|  |TAMS 0x0000000785b00000, 0x0000000785b00000| Untracked 
|  92|0x0000000785c00000, 0x0000000785c00000, 0x0000000785d00000|  0%| F|  |TAMS 0x0000000785c00000, 0x0000000785c00000| Untracked 
|  93|0x0000000785d00000, 0x0000000785d00000, 0x0000000785e00000|  0%| F|  |TAMS 0x0000000785d00000, 0x0000000785d00000| Untracked 
|  94|0x0000000785e00000, 0x0000000785e00000, 0x0000000785f00000|  0%| F|  |TAMS 0x0000000785e00000, 0x0000000785e00000| Untracked 
|  95|0x0000000785f00000, 0x0000000785f00000, 0x0000000786000000|  0%| F|  |TAMS 0x0000000785f00000, 0x0000000785f00000| Untracked 
|  96|0x0000000786000000, 0x0000000786000000, 0x0000000786100000|  0%| F|  |TAMS 0x0000000786000000, 0x0000000786000000| Untracked 
|  97|0x0000000786100000, 0x0000000786100000, 0x0000000786200000|  0%| F|  |TAMS 0x0000000786100000, 0x0000000786100000| Untracked 
|  98|0x0000000786200000, 0x0000000786200000, 0x0000000786300000|  0%| F|  |TAMS 0x0000000786200000, 0x0000000786200000| Untracked 
|  99|0x0000000786300000, 0x0000000786300000, 0x0000000786400000|  0%| F|  |TAMS 0x0000000786300000, 0x0000000786300000| Untracked 
| 100|0x0000000786400000, 0x0000000786400000, 0x0000000786500000|  0%| F|  |TAMS 0x0000000786400000, 0x0000000786400000| Untracked 
| 101|0x0000000786500000, 0x0000000786500000, 0x0000000786600000|  0%| F|  |TAMS 0x0000000786500000, 0x0000000786500000| Untracked 
| 102|0x0000000786600000, 0x0000000786600000, 0x0000000786700000|  0%| F|  |TAMS 0x0000000786600000, 0x0000000786600000| Untracked 
| 103|0x0000000786700000, 0x0000000786700000, 0x0000000786800000|  0%| F|  |TAMS 0x0000000786700000, 0x0000000786700000| Untracked 
| 104|0x0000000786800000, 0x0000000786800000, 0x0000000786900000|  0%| F|  |TAMS 0x0000000786800000, 0x0000000786800000| Untracked 
| 105|0x0000000786900000, 0x0000000786900000, 0x0000000786a00000|  0%| F|  |TAMS 0x0000000786900000, 0x0000000786900000| Untracked 
| 106|0x0000000786a00000, 0x0000000786a00000, 0x0000000786b00000|  0%| F|  |TAMS 0x0000000786a00000, 0x0000000786a00000| Untracked 
| 107|0x0000000786b00000, 0x0000000786b00000, 0x0000000786c00000|  0%| F|  |TAMS 0x0000000786b00000, 0x0000000786b00000| Untracked 
| 108|0x0000000786c00000, 0x0000000786c00000, 0x0000000786d00000|  0%| F|  |TAMS 0x0000000786c00000, 0x0000000786c00000| Untracked 
| 109|0x0000000786d00000, 0x0000000786d00000, 0x0000000786e00000|  0%| F|  |TAMS 0x0000000786d00000, 0x0000000786d00000| Untracked 
| 110|0x0000000786e00000, 0x0000000786e00000, 0x0000000786f00000|  0%| F|  |TAMS 0x0000000786e00000, 0x0000000786e00000| Untracked 
| 111|0x0000000786f00000, 0x0000000786f00000, 0x0000000787000000|  0%| F|  |TAMS 0x0000000786f00000, 0x0000000786f00000| Untracked 
| 112|0x0000000787000000, 0x0000000787000000, 0x0000000787100000|  0%| F|  |TAMS 0x0000000787000000, 0x0000000787000000| Untracked 
| 113|0x0000000787100000, 0x0000000787100000, 0x0000000787200000|  0%| F|  |TAMS 0x0000000787100000, 0x0000000787100000| Untracked 
| 114|0x0000000787200000, 0x0000000787200000, 0x0000000787300000|  0%| F|  |TAMS 0x0000000787200000, 0x0000000787200000| Untracked 
| 115|0x0000000787300000, 0x0000000787300000, 0x0000000787400000|  0%| F|  |TAMS 0x0000000787300000, 0x0000000787300000| Untracked 
| 116|0x0000000787400000, 0x0000000787400000, 0x0000000787500000|  0%| F|  |TAMS 0x0000000787400000, 0x0000000787400000| Untracked 
| 117|0x0000000787500000, 0x0000000787500000, 0x0000000787600000|  0%| F|  |TAMS 0x0000000787500000, 0x0000000787500000| Untracked 
| 118|0x0000000787600000, 0x0000000787600000, 0x0000000787700000|  0%| F|  |TAMS 0x0000000787600000, 0x0000000787600000| Untracked 
| 119|0x0000000787700000, 0x0000000787700000, 0x0000000787800000|  0%| F|  |TAMS 0x0000000787700000, 0x0000000787700000| Untracked 
| 120|0x0000000787800000, 0x0000000787800000, 0x0000000787900000|  0%| F|  |TAMS 0x0000000787800000, 0x0000000787800000| Untracked 
| 121|0x0000000787900000, 0x0000000787943128, 0x0000000787a00000| 26%| E|  |TAMS 0x0000000787900000, 0x0000000787900000| Complete 
| 122|0x0000000787a00000, 0x0000000787b00000, 0x0000000787b00000|100%| E|CS|TAMS 0x0000000787a00000, 0x0000000787a00000| Complete 
| 123|0x0000000787b00000, 0x0000000787c00000, 0x0000000787c00000|100%| E|  |TAMS 0x0000000787b00000, 0x0000000787b00000| Complete 
| 124|0x0000000787c00000, 0x0000000787d00000, 0x0000000787d00000|100%| E|CS|TAMS 0x0000000787c00000, 0x0000000787c00000| Complete 
| 125|0x0000000787d00000, 0x0000000787e00000, 0x0000000787e00000|100%| E|CS|TAMS 0x0000000787d00000, 0x0000000787d00000| Complete 
| 126|0x0000000787e00000, 0x0000000787f00000, 0x0000000787f00000|100%| E|CS|TAMS 0x0000000787e00000, 0x0000000787e00000| Complete 
| 127|0x0000000787f00000, 0x0000000788000000, 0x0000000788000000|100%| E|CS|TAMS 0x0000000787f00000, 0x0000000787f00000| Complete 
|1022|0x00000007bfe00000, 0x00000007bfe51000, 0x00000007bff00000| 31%|OA|  |TAMS 0x00000007bfe00000, 0x00000007bfe00000| Untracked 
|1023|0x00000007bff00000, 0x00000007bff7b000, 0x00000007c0000000| 48%|CA|  |TAMS 0x00000007bff00000, 0x00000007bff00000| Untracked 

Card table byte_map: [0x0000000103ded000,0x00000001041ed000] _byte_map_base: 0x00000001001ed000

Marking Bits (Prev, Next): (CMBitMap*) 0x00007fa7ad81ca18, (CMBitMap*) 0x00007fa7ad81ca58
 Prev Bits: [0x00000001045ed000, 0x00000001065ed000)
 Next Bits: [0x00000001065ed000, 0x00000001085ed000)

Polling page: 0x0000000101daf000

Metaspace:

Usage:
  Non-class:      5.15 MB capacity,     3.33 MB ( 65%) used,     1.82 MB ( 35%) free+waste,     7.31 KB ( <1%) overhead. 
      Class:    515.00 KB capacity,   317.31 KB ( 62%) used,   193.62 KB ( 38%) free+waste,     4.06 KB ( <1%) overhead. 
       Both:      5.65 MB capacity,     3.64 MB ( 64%) used,     2.01 MB ( 35%) free+waste,    11.38 KB ( <1%) overhead. 

Virtual space:
  Non-class space:        8.00 MB reserved,       5.25 MB ( 66%) committed 
      Class space:        1.00 GB reserved,     640.00 KB ( <1%) committed 
             Both:        1.01 GB reserved,       5.88 MB ( <1%) committed 

Chunk freelists:
   Non-Class:  99.00 KB
       Class:  17.00 KB
        Both:  116.00 KB

MaxMetaspaceSize: unlimited
CompressedClassSpaceSize: 1.00 GB

CodeHeap 'non-profiled nmethods': size=120032Kb used=176Kb max_used=176Kb free=119855Kb
 bounds [0x0000000119569000, 0x00000001197d9000, 0x0000000120aa1000]
CodeHeap 'profiled nmethods': size=120028Kb used=927Kb max_used=927Kb free=119100Kb
 bounds [0x0000000112032000, 0x00000001122a2000, 0x0000000119569000]
CodeHeap 'non-nmethods': size=5700Kb used=1192Kb max_used=1206Kb free=4507Kb
 bounds [0x0000000111aa1000, 0x0000000111d11000, 0x0000000112032000]
 total_blobs=1195 nmethods=620 adapters=373
 compilation: enabled
              stopped_count=0, restarted_count=0
 full_count=0

Compilation events (20 events):
Event: 1.229 Thread 0x00007fa7ad03f800  610       3       org.lwjgl.MemoryUtil::encodeASCII (8 bytes)
Event: 1.230 Thread 0x00007fa7ad03f800 nmethod 610 0x0000000112114c10 code [0x0000000112114e20, 0x00000001121154b0]
Event: 1.230 Thread 0x00007fa7ad03f800  612       3       org.lwjgl.MemoryUtil::getAddress (8 bytes)
Event: 1.230 Thread 0x00007fa7ad03f800 nmethod 612 0x0000000112115790 code [0x0000000112115940, 0x0000000112115bb0]
Event: 1.230 Thread 0x00007fa7ad03f800  613       3       org.lwjgl.MemoryUtil::getAddress0 (10 bytes)
Event: 1.230 Thread 0x00007fa7ad03f800 nmethod 613 0x0000000112115d10 code [0x0000000112115ec0, 0x00000001121160d0]
Event: 1.230 Thread 0x00007fa7ad03f800  614       3       org.lwjgl.MemoryUtilSun$AccessorUnsafe::getAddress (13 bytes)
Event: 1.230 Thread 0x00007fa7ad03f800 nmethod 614 0x0000000112116210 code [0x00000001121163a0, 0x0000000112116590]
Event: 1.230 Thread 0x00007fa7ad03f800  615       3       sun.misc.Unsafe::getLong (9 bytes)
Event: 1.230 Thread 0x00007fa7ad03f800 nmethod 615 0x0000000112116690 code [0x0000000112116820, 0x0000000112116930]
Event: 1.251 Thread 0x00007fa7ad03f800  617       3       java.lang.String::equalsIgnoreCase (45 bytes)
Event: 1.251 Thread 0x00007fa7ad03f800 nmethod 617 0x0000000112116a10 code [0x0000000112116c00, 0x0000000112117160]
Event: 1.252 Thread 0x00007fa7ad03f800  618       3       java.util.zip.ZipUtils::CENSIZ (9 bytes)
Event: 1.252 Thread 0x00007fa7ad03f800 nmethod 618 0x0000000112117390 code [0x0000000112117540, 0x0000000112117810]
Event: 1.252 Thread 0x00007fa7ad03f800  619   !   3       java.util.zip.InflaterInputStream::read (138 bytes)
Event: 1.253 Thread 0x00007fa7ad03f800 nmethod 619 0x0000000112117990 code [0x0000000112117c20, 0x0000000112118ad0]
Event: 1.253 Thread 0x00007fa7ad03f800  620       3       java.util.zip.InflaterInputStream::ensureOpen (18 bytes)
Event: 1.253 Thread 0x00007fa7ad03f800 nmethod 620 0x0000000112119090 code [0x0000000112119240, 0x0000000112119460]
Event: 1.253 Thread 0x00007fa7ad03f800  621   !   3       java.util.zip.ZipFile$ZipFileInputStream::close (59 bytes)
Event: 1.254 Thread 0x00007fa7ad03f800 nmethod 621 0x0000000112119510 code [0x00000001121196c0, 0x0000000112119b20]

GC Heap History (0 events):
No events

Deoptimization events (6 events):
Event: 0.891 Thread 0x00007fa7ae80a000 DEOPT PACKING pc=0x0000000112077210 sp=0x000070000653d6b0
Event: 0.891 Thread 0x00007fa7ae80a000 DEOPT UNPACKING pc=0x0000000111aea33a sp=0x000070000653cb28 mode 0
Event: 1.188 Thread 0x00007fa7ae80a000 Uncommon trap: trap_request=0xffffff45 fr.pc=0x0000000119575f90 relative=0x00000000000008d0
Event: 1.188 Thread 0x00007fa7ae80a000 Uncommon trap: reason=unstable_if action=reinterpret pc=0x0000000119575f90 method=java.util.HashMap.putVal(ILjava/lang/Object;Ljava/lang/Object;ZZ)Ljava/lang/Object; @ 181 c2
Event: 1.188 Thread 0x00007fa7ae80a000 DEOPT PACKING pc=0x0000000119575f90 sp=0x000070000653e240
Event: 1.188 Thread 0x00007fa7ae80a000 DEOPT UNPACKING pc=0x0000000111ae9e25 sp=0x000070000653e1d0 mode 2

Classes unloaded (0 events):
No events

Classes redefined (0 events):
No events

Internal exceptions (4 events):
Event: 0.286 Thread 0x00007fa7ae80a000 Exception <a 'java/lang/ClassNotFoundException'{0x0000000787d7b020}: sun/awt/resources/spi/awtProvider> (0x0000000787d7b020) 
thrown [./open/src/hotspot/share/classfile/systemDictionary.cpp, line 226]
Event: 0.343 Thread 0x00007fa7ae80a000 Exception <a 'java/io/FileNotFoundException'{0x0000000787dc7a70}> (0x0000000787dc7a70) 
thrown [./open/src/hotspot/share/prims/jni.cpp, line 599]
Event: 0.358 Thread 0x00007fa7ae80a000 Exception <a 'java/io/FileNotFoundException'{0x0000000787dedef8}> (0x0000000787dedef8) 
thrown [./open/src/hotspot/share/prims/jni.cpp, line 599]
Event: 0.364 Thread 0x00007fa7ae80a000 Exception <a 'java/lang/ClassNotFoundException'{0x0000000787df1988}: sun/awt/resources/spi/awtosxProvider> (0x0000000787df1988) 
thrown [./open/src/hotspot/share/classfile/systemDictionary.cpp, line 226]

Events (20 events):
Event: 0.895 loading class java/awt/Transparency
Event: 0.895 loading class java/awt/Transparency done
Event: 0.895 loading class java/awt/image/BufferedImage done
Event: 0.914 loading class jdk/internal/reflect/UnsafeQualifiedStaticIntegerFieldAccessorImpl
Event: 0.915 loading class jdk/internal/reflect/UnsafeQualifiedStaticIntegerFieldAccessorImpl done
Event: 0.925 loading class java/lang/NumberFormatException
Event: 0.925 loading class java/lang/NumberFormatException done
Event: 1.007 Thread 0x00007fa7ad19c800 Thread added: 0x00007fa7ad19c800
Event: 1.007 Protecting memory [0x0000700007a8a000,0x0000700007a8e000] with protection modes 0
Event: 1.109 loading class jdk/internal/vm/VMSupport
Event: 1.109 loading class jdk/internal/vm/VMSupport done
Event: 1.110 loading class java/io/ByteArrayOutputStream
Event: 1.110 loading class java/io/ByteArrayOutputStream done
Event: 1.110 loading class sun/nio/cs/ISO_8859_1$Encoder
Event: 1.110 loading class sun/nio/cs/ISO_8859_1$Encoder done
Event: 1.121 loading class java/nio/DirectFloatBufferU
Event: 1.121 loading class java/nio/DirectFloatBufferU done
Event: 1.121 loading class java/nio/DirectDoubleBufferU
Event: 1.121 loading class java/nio/DirectDoubleBufferU done
Event: 1.226 Loaded shared library /Users/dgoptsii/Game/natives/liblwjgl.dylib


Dynamic libraries:
0x00007fff6d543000 	/usr/lib/libz.1.dylib
0x0000000101d6d000 	/Users/dgoptsii/Downloads/jdk-14.0.1.jdk/Contents/Home/lib/libjli.dylib
0x00007fff33355000 	/System/Library/Frameworks/Cocoa.framework/Versions/A/Cocoa
0x00007fff40b32000 	/System/Library/Frameworks/Security.framework/Versions/A/Security
0x00007fff322bf000 	/System/Library/Frameworks/ApplicationServices.framework/Versions/A/ApplicationServices
0x00007fff6b007000 	/usr/lib/libSystem.B.dylib
0x00007fff6de03000 	/usr/lib/system/libcache.dylib
0x00007fff6de09000 	/usr/lib/system/libcommonCrypto.dylib
0x00007fff6de15000 	/usr/lib/system/libcompiler_rt.dylib
0x00007fff6de1d000 	/usr/lib/system/libcopyfile.dylib
0x00007fff6de27000 	/usr/lib/system/libcorecrypto.dylib
0x00007fff6dfc6000 	/usr/lib/system/libdispatch.dylib
0x00007fff6e007000 	/usr/lib/system/libdyld.dylib
0x00007fff6e03e000 	/usr/lib/system/libkeymgr.dylib
0x00007fff6e04c000 	/usr/lib/system/liblaunch.dylib
0x00007fff6e04d000 	/usr/lib/system/libmacho.dylib
0x00007fff6e053000 	/usr/lib/system/libquarantine.dylib
0x00007fff6e056000 	/usr/lib/system/libremovefile.dylib
0x00007fff6e058000 	/usr/lib/system/libsystem_asl.dylib
0x00007fff6e070000 	/usr/lib/system/libsystem_blocks.dylib
0x00007fff6e071000 	/usr/lib/system/libsystem_c.dylib
0x00007fff6e0f9000 	/usr/lib/system/libsystem_configuration.dylib
0x00007fff6e0fd000 	/usr/lib/system/libsystem_coreservices.dylib
0x00007fff6e101000 	/usr/lib/system/libsystem_darwin.dylib
0x00007fff6e10a000 	/usr/lib/system/libsystem_dnssd.dylib
0x00007fff6e112000 	/usr/lib/system/libsystem_featureflags.dylib
0x00007fff6e114000 	/usr/lib/system/libsystem_info.dylib
0x00007fff6e18f000 	/usr/lib/system/libsystem_m.dylib
0x00007fff6e1d7000 	/usr/lib/system/libsystem_malloc.dylib
0x00007fff6e1ff000 	/usr/lib/system/libsystem_networkextension.dylib
0x00007fff6e20d000 	/usr/lib/system/libsystem_notify.dylib
0x00007fff6e22b000 	/usr/lib/system/libsystem_sandbox.dylib
0x00007fff6e230000 	/usr/lib/system/libsystem_secinit.dylib
0x00007fff6e162000 	/usr/lib/system/libsystem_kernel.dylib
0x00007fff6e217000 	/usr/lib/system/libsystem_platform.dylib
0x00007fff6e220000 	/usr/lib/system/libsystem_pthread.dylib
0x00007fff6e233000 	/usr/lib/system/libsystem_symptoms.dylib
0x00007fff6e23b000 	/usr/lib/system/libsystem_trace.dylib
0x00007fff6e253000 	/usr/lib/system/libunwind.dylib
0x00007fff6e259000 	/usr/lib/system/libxpc.dylib
0x00007fff6ce67000 	/usr/lib/libobjc.A.dylib
0x00007fff6b340000 	/usr/lib/libc++abi.dylib
0x00007fff6b2ed000 	/usr/lib/libc++.1.dylib
0x00007fff341f0000 	/System/Library/Frameworks/CoreFoundation.framework/Versions/A/CoreFoundation
0x00007fff368a6000 	/System/Library/Frameworks/Foundation.framework/Versions/C/Foundation
0x00007fff314b0000 	/System/Library/Frameworks/AppKit.framework/Versions/C/AppKit
0x00007fff33cd9000 	/System/Library/Frameworks/CoreData.framework/Versions/A/CoreData
0x00007fff65028000 	/System/Library/PrivateFrameworks/UIFoundation.framework/Versions/A/UIFoundation
0x00007fff600d6000 	/System/Library/PrivateFrameworks/RemoteViewServices.framework/Versions/A/RemoteViewServices
0x00007fff67b7c000 	/System/Library/PrivateFrameworks/XCTTargetBootstrap.framework/Versions/A/XCTTargetBootstrap
0x00007fff340c4000 	/System/Library/Frameworks/CoreDisplay.framework/Versions/A/CoreDisplay
0x00007fff3975f000 	/System/Library/Frameworks/Metal.framework/Versions/A/Metal
0x00007fff4e145000 	/System/Library/PrivateFrameworks/DesktopServicesPriv.framework/Versions/A/DesktopServicesPriv
0x00007fff6c144000 	/usr/lib/liblangid.dylib
0x00007fff4d3de000 	/System/Library/PrivateFrameworks/CoreSVG.framework/Versions/A/CoreSVG
0x00007fff6322c000 	/System/Library/PrivateFrameworks/SkyLight.framework/Versions/A/SkyLight
0x00007fff34671000 	/System/Library/Frameworks/CoreGraphics.framework/Versions/A/CoreGraphics
0x00007fff2fe84000 	/System/Library/Frameworks/Accelerate.framework/Versions/A/Accelerate
0x00007fff6d434000 	/usr/lib/libxml2.2.dylib
0x00007fff59088000 	/System/Library/PrivateFrameworks/IconServices.framework/Versions/A/IconServices
0x00007fff37085000 	/System/Library/Frameworks/IOSurface.framework/Versions/A/IOSurface
0x00007fff6ab31000 	/usr/lib/libDiagnosticMessagesClient.dylib
0x00007fff4df9f000 	/System/Library/PrivateFrameworks/DFRFoundation.framework/Versions/A/DFRFoundation
0x00007fff6bed3000 	/usr/lib/libicucore.A.dylib
0x00007fff325f1000 	/System/Library/Frameworks/AudioToolbox.framework/Versions/A/AudioToolbox
0x00007fff326d4000 	/System/Library/Frameworks/AudioUnit.framework/Versions/A/AudioUnit
0x00007fff6b209000 	/usr/lib/libauto.dylib
0x00007fff4e041000 	/System/Library/PrivateFrameworks/DataDetectorsCore.framework/Versions/A/DataDetectorsCore
0x00007fff32e76000 	/System/Library/Frameworks/Carbon.framework/Versions/A/Frameworks/HIToolbox.framework/Versions/A/HIToolbox
0x00007fff3fd2f000 	/System/Library/Frameworks/QuartzCore.framework/Versions/A/QuartzCore
0x00007fff331b5000 	/System/Library/Frameworks/Carbon.framework/Versions/A/Frameworks/SpeechRecognition.framework/Versions/A/SpeechRecognition
0x00007fff4dab6000 	/System/Library/PrivateFrameworks/CoreUI.framework/Versions/A/CoreUI
0x00007fff33744000 	/System/Library/Frameworks/CoreAudio.framework/Versions/A/CoreAudio
0x00007fff3656b000 	/System/Library/Frameworks/DiskArbitration.framework/Versions/A/DiskArbitration
0x00007fff5b0d5000 	/System/Library/PrivateFrameworks/MultitouchSupport.framework/Versions/A/MultitouchSupport
0x00007fff6bd9a000 	/usr/lib/libenergytrace.dylib
0x00007fff36fdf000 	/System/Library/Frameworks/IOKit.framework/Versions/A/IOKit
0x00007fff355d8000 	/System/Library/Frameworks/CoreServices.framework/Versions/A/CoreServices
0x00007fff5d26c000 	/System/Library/PrivateFrameworks/PerformanceAnalysis.framework/Versions/A/PerformanceAnalysis
0x00007fff3ed62000 	/System/Library/Frameworks/OpenGL.framework/Versions/A/OpenGL
0x00007fff33363000 	/System/Library/Frameworks/ColorSync.framework/Versions/A/ColorSync
0x00007fff34cf3000 	/System/Library/Frameworks/CoreImage.framework/Versions/A/CoreImage
0x00007fff3604a000 	/System/Library/Frameworks/CoreText.framework/Versions/A/CoreText
0x00007fff37115000 	/System/Library/Frameworks/ImageIO.framework/Versions/A/ImageIO
0x00007fff6b369000 	/usr/lib/libcompression.dylib
0x00007fff6ae75000 	/usr/lib/libMobileGestalt.dylib
0x00007fff64da1000 	/System/Library/PrivateFrameworks/TextureIO.framework/Versions/A/TextureIO
0x00007fff6b16c000 	/usr/lib/libate.dylib
0x00007fff59291000 	/System/Library/PrivateFrameworks/InternationalSupport.framework/Versions/A/InternationalSupport
0x00007fff6c146000 	/usr/lib/liblzma.5.dylib
0x00007fff6bdc1000 	/usr/lib/libfakelink.dylib
0x00007fff6b0f9000 	/usr/lib/libarchive.2.dylib
0x00007fff41be2000 	/System/Library/Frameworks/SystemConfiguration.framework/Versions/A/SystemConfiguration
0x00007fff6aa64000 	/usr/lib/libCRFSuite.dylib
0x00007fff32a67000 	/System/Library/Frameworks/CFNetwork.framework/Versions/A/CFNetwork
0x00007fff6b2cf000 	/usr/lib/libbsm.0.dylib
0x00007fff6e03f000 	/usr/lib/system/libkxld.dylib
0x00007fff47974000 	/System/Library/PrivateFrameworks/AppleFSCompression.framework/Versions/A/AppleFSCompression
0x00007fff6b65a000 	/usr/lib/libcoretls.dylib
0x00007fff6b671000 	/usr/lib/libcoretls_cfhelpers.dylib
0x00007fff6cead000 	/usr/lib/libpam.2.dylib
0x00007fff6cfe2000 	/usr/lib/libsqlite3.dylib
0x00007fff6d421000 	/usr/lib/libxar.1.dylib
0x00007fff6b2e0000 	/usr/lib/libbz2.1.0.dylib
0x00007fff6bde2000 	/usr/lib/libiconv.2.dylib
0x00007fff6b356000 	/usr/lib/libcharset.1.dylib
0x00007fff6c94c000 	/usr/lib/libnetwork.dylib
0x00007fff6ceb4000 	/usr/lib/libpcap.A.dylib
0x00007fff6b0ae000 	/usr/lib/libapple_nghttp2.dylib
0x00007fff3598f000 	/System/Library/Frameworks/CoreServices.framework/Versions/A/Frameworks/FSEvents.framework/Versions/A/FSEvents
0x00007fff3565f000 	/System/Library/Frameworks/CoreServices.framework/Versions/A/Frameworks/CarbonCore.framework/Versions/A/CarbonCore
0x00007fff35bd2000 	/System/Library/Frameworks/CoreServices.framework/Versions/A/Frameworks/Metadata.framework/Versions/A/Metadata
0x00007fff35c6b000 	/System/Library/Frameworks/CoreServices.framework/Versions/A/Frameworks/OSServices.framework/Versions/A/OSServices
0x00007fff35c99000 	/System/Library/Frameworks/CoreServices.framework/Versions/A/Frameworks/SearchKit.framework/Versions/A/SearchKit
0x00007fff355d9000 	/System/Library/Frameworks/CoreServices.framework/Versions/A/Frameworks/AE.framework/Versions/A/AE
0x00007fff35998000 	/System/Library/Frameworks/CoreServices.framework/Versions/A/Frameworks/LaunchServices.framework/Versions/A/LaunchServices
0x00007fff35941000 	/System/Library/Frameworks/CoreServices.framework/Versions/A/Frameworks/DictionaryServices.framework/Versions/A/DictionaryServices
0x00007fff35d01000 	/System/Library/Frameworks/CoreServices.framework/Versions/A/Frameworks/SharedFileList.framework/Versions/A/SharedFileList
0x00007fff3ab82000 	/System/Library/Frameworks/NetFS.framework/Versions/A/NetFS
0x00007fff5b604000 	/System/Library/PrivateFrameworks/NetAuth.framework/Versions/A/NetAuth
0x00007fff67f49000 	/System/Library/PrivateFrameworks/login.framework/Versions/A/Frameworks/loginsupport.framework/Versions/A/loginsupport
0x00007fff6486e000 	/System/Library/PrivateFrameworks/TCC.framework/Versions/A/TCC
0x00007fff4c551000 	/System/Library/PrivateFrameworks/CoreNLP.framework/Versions/A/CoreNLP
0x00007fff5ab03000 	/System/Library/PrivateFrameworks/MetadataUtilities.framework/Versions/A/MetadataUtilities
0x00007fff6c21e000 	/usr/lib/libmecabra.dylib
0x00007fff6c176000 	/usr/lib/libmecab.dylib
0x00007fff6bdd2000 	/usr/lib/libgermantok.dylib
0x00007fff6b095000 	/usr/lib/libThaiTokenizer.dylib
0x00007fff6aa9b000 	/usr/lib/libChineseTokenizer.dylib
0x00007fff2fe9c000 	/System/Library/Frameworks/Accelerate.framework/Versions/A/Frameworks/vImage.framework/Versions/A/vImage
0x00007fff31306000 	/System/Library/Frameworks/Accelerate.framework/Versions/A/Frameworks/vecLib.framework/Versions/A/vecLib
0x00007fff31243000 	/System/Library/Frameworks/Accelerate.framework/Versions/A/Frameworks/vecLib.framework/Versions/A/libvMisc.dylib
0x00007fff3106b000 	/System/Library/Frameworks/Accelerate.framework/Versions/A/Frameworks/vecLib.framework/Versions/A/libvDSP.dylib
0x00007fff304f3000 	/System/Library/Frameworks/Accelerate.framework/Versions/A/Frameworks/vecLib.framework/Versions/A/libBLAS.dylib
0x00007fff30c2f000 	/System/Library/Frameworks/Accelerate.framework/Versions/A/Frameworks/vecLib.framework/Versions/A/libLAPACK.dylib
0x00007fff30fcb000 	/System/Library/Frameworks/Accelerate.framework/Versions/A/Frameworks/vecLib.framework/Versions/A/libLinearAlgebra.dylib
0x00007fff31058000 	/System/Library/Frameworks/Accelerate.framework/Versions/A/Frameworks/vecLib.framework/Versions/A/libSparseBLAS.dylib
0x00007fff30fe1000 	/System/Library/Frameworks/Accelerate.framework/Versions/A/Frameworks/vecLib.framework/Versions/A/libQuadrature.dylib
0x00007fff3075b000 	/System/Library/Frameworks/Accelerate.framework/Versions/A/Frameworks/vecLib.framework/Versions/A/libBNNS.dylib
0x00007fff30fe7000 	/System/Library/Frameworks/Accelerate.framework/Versions/A/Frameworks/vecLib.framework/Versions/A/libSparse.dylib
0x00007fff59679000 	/System/Library/PrivateFrameworks/LanguageModeling.framework/Versions/A/LanguageModeling
0x00007fff4bf01000 	/System/Library/PrivateFrameworks/CoreEmoji.framework/Versions/A/CoreEmoji
0x00007fff59797000 	/System/Library/PrivateFrameworks/LinguisticData.framework/Versions/A/LinguisticData
0x00007fff59748000 	/System/Library/PrivateFrameworks/Lexicon.framework/Versions/A/Lexicon
0x00007fff6b357000 	/usr/lib/libcmph.dylib
0x00007fff3d770000 	/System/Library/Frameworks/OpenDirectory.framework/Versions/A/Frameworks/CFOpenDirectory.framework/Versions/A/CFOpenDirectory
0x00007fff3d78d000 	/System/Library/Frameworks/OpenDirectory.framework/Versions/A/OpenDirectory
0x00007fff45bad000 	/System/Library/PrivateFrameworks/APFS.framework/Versions/A/APFS
0x00007fff40e7c000 	/System/Library/Frameworks/SecurityFoundation.framework/Versions/A/SecurityFoundation
0x00007fff6d41d000 	/usr/lib/libutil.dylib
0x00007fff4d436000 	/System/Library/PrivateFrameworks/CoreServicesStore.framework/Versions/A/CoreServicesStore
0x00007fff40f33000 	/System/Library/Frameworks/ServiceManagement.framework/Versions/A/ServiceManagement
0x00007fff49142000 	/System/Library/PrivateFrameworks/BackgroundTaskManagement.framework/Versions/A/BackgroundTaskManagement
0x00007fff6d51a000 	/usr/lib/libxslt.1.dylib
0x00007fff47fe6000 	/System/Library/PrivateFrameworks/AppleSystemInfo.framework/Versions/A/AppleSystemInfo
0x00007fff37330000 	/System/Library/Frameworks/ImageIO.framework/Versions/A/Resources/libJPEG.dylib
0x00007fff375ec000 	/System/Library/Frameworks/ImageIO.framework/Versions/A/Resources/libTIFF.dylib
0x00007fff375cf000 	/System/Library/Frameworks/ImageIO.framework/Versions/A/Resources/libPng.dylib
0x00007fff37272000 	/System/Library/Frameworks/ImageIO.framework/Versions/A/Resources/libGIF.dylib
0x00007fff37276000 	/System/Library/Frameworks/ImageIO.framework/Versions/A/Resources/libJP2.dylib
0x00007fff375ea000 	/System/Library/Frameworks/ImageIO.framework/Versions/A/Resources/libRadiance.dylib
0x00007fff6bd9b000 	/usr/lib/libexpat.1.dylib
0x00007fff47acf000 	/System/Library/PrivateFrameworks/AppleJPEG.framework/Versions/A/AppleJPEG
0x00007fff506fb000 	/System/Library/PrivateFrameworks/FontServices.framework/libFontParser.dylib
0x00007fff66f4f000 	/System/Library/PrivateFrameworks/WatchdogClient.framework/Versions/A/WatchdogClient
0x00007fff58cd5000 	/System/Library/PrivateFrameworks/IOAccelerator.framework/Versions/A/IOAccelerator
0x00007fff39afa000 	/System/Library/Frameworks/MetalPerformanceShaders.framework/Versions/A/MetalPerformanceShaders
0x00007fff5546e000 	/System/Library/PrivateFrameworks/GPUWrangler.framework/Versions/A/GPUWrangler
0x00007fff58cea000 	/System/Library/PrivateFrameworks/IOPresentment.framework/Versions/A/IOPresentment
0x00007fff4dfb2000 	/System/Library/PrivateFrameworks/DSExternalDisplay.framework/Versions/A/DSExternalDisplay
0x00007fff3e101000 	/System/Library/Frameworks/OpenGL.framework/Versions/A/Libraries/libCoreFSCache.dylib
0x00007fff39846000 	/System/Library/Frameworks/MetalPerformanceShaders.framework/Frameworks/MPSCore.framework/Versions/A/MPSCore
0x00007fff39884000 	/System/Library/Frameworks/MetalPerformanceShaders.framework/Frameworks/MPSImage.framework/Versions/A/MPSImage
0x00007fff3994b000 	/System/Library/Frameworks/MetalPerformanceShaders.framework/Frameworks/MPSNeuralNetwork.framework/Versions/A/MPSNeuralNetwork
0x00007fff3990f000 	/System/Library/Frameworks/MetalPerformanceShaders.framework/Frameworks/MPSMatrix.framework/Versions/A/MPSMatrix
0x00007fff39aaa000 	/System/Library/Frameworks/MetalPerformanceShaders.framework/Frameworks/MPSRayIntersector.framework/Versions/A/MPSRayIntersector
0x00007fff39935000 	/System/Library/Frameworks/MetalPerformanceShaders.framework/Frameworks/MPSNDArray.framework/Versions/A/MPSNDArray
0x00007fff5ab50000 	/System/Library/PrivateFrameworks/MetalTools.framework/Versions/A/MetalTools
0x00007fff46d7f000 	/System/Library/PrivateFrameworks/AggregateDictionary.framework/Versions/A/AggregateDictionary
0x00007fff4b95b000 	/System/Library/PrivateFrameworks/CoreAnalytics.framework/Versions/A/CoreAnalytics
0x00007fff47f05000 	/System/Library/PrivateFrameworks/AppleSauce.framework/Versions/A/AppleSauce
0x00007fff6ad57000 	/usr/lib/libIOReport.dylib
0x00007fff36202000 	/System/Library/Frameworks/CoreVideo.framework/Versions/A/CoreVideo
0x00007fff568e8000 	/System/Library/PrivateFrameworks/GraphVisualizer.framework/Versions/A/GraphVisualizer
0x00007fff4fc4f000 	/System/Library/PrivateFrameworks/FaceCore.framework/Versions/A/FaceCore
0x00007fff3d717000 	/System/Library/Frameworks/OpenCL.framework/Versions/A/OpenCL
0x00007fff6ab79000 	/usr/lib/libFosl_dynamic.dylib
0x00007fff5c019000 	/System/Library/PrivateFrameworks/OTSVG.framework/Versions/A/OTSVG
0x00007fff323c4000 	/System/Library/Frameworks/ApplicationServices.framework/Versions/A/Frameworks/ATS.framework/Versions/A/Resources/libFontRegistry.dylib
0x00007fff508cc000 	/System/Library/PrivateFrameworks/FontServices.framework/libhvf.dylib
0x00007fff3e10c000 	/System/Library/Frameworks/OpenGL.framework/Versions/A/Libraries/libGFXShared.dylib
0x00007fff3e2ea000 	/System/Library/Frameworks/OpenGL.framework/Versions/A/Libraries/libGLU.dylib
0x00007fff3e115000 	/System/Library/Frameworks/OpenGL.framework/Versions/A/Libraries/libGL.dylib
0x00007fff3e120000 	/System/Library/Frameworks/OpenGL.framework/Versions/A/Libraries/libGLImage.dylib
0x00007fff3e0fe000 	/System/Library/Frameworks/OpenGL.framework/Versions/A/Libraries/libCVMSPluginSupport.dylib
0x00007fff3e107000 	/System/Library/Frameworks/OpenGL.framework/Versions/A/Libraries/libCoreVMClient.dylib
0x00007fff6c7ed000 	/usr/lib/libncurses.5.4.dylib
0x00007fff322c0000 	/System/Library/Frameworks/ApplicationServices.framework/Versions/A/Frameworks/ATS.framework/Versions/A/ATS
0x00007fff3248d000 	/System/Library/Frameworks/ApplicationServices.framework/Versions/A/Frameworks/ColorSyncLegacy.framework/Versions/A/ColorSyncLegacy
0x00007fff3252b000 	/System/Library/Frameworks/ApplicationServices.framework/Versions/A/Frameworks/HIServices.framework/Versions/A/HIServices
0x00007fff32583000 	/System/Library/Frameworks/ApplicationServices.framework/Versions/A/Frameworks/LangAnalysis.framework/Versions/A/LangAnalysis
0x00007fff32592000 	/System/Library/Frameworks/ApplicationServices.framework/Versions/A/Frameworks/PrintCore.framework/Versions/A/PrintCore
0x00007fff325d8000 	/System/Library/Frameworks/ApplicationServices.framework/Versions/A/Frameworks/QD.framework/Versions/A/QD
0x00007fff325e3000 	/System/Library/Frameworks/ApplicationServices.framework/Versions/A/Frameworks/SpeechSynthesis.framework/Versions/A/SpeechSynthesis
0x00007fff3245d000 	/System/Library/Frameworks/ApplicationServices.framework/Versions/A/Frameworks/ATSUI.framework/Versions/A/ATSUI
0x00007fff6bc2f000 	/usr/lib/libcups.2.dylib
0x00007fff38b97000 	/System/Library/Frameworks/Kerberos.framework/Versions/A/Kerberos
0x00007fff36cd8000 	/System/Library/Frameworks/GSS.framework/Versions/A/GSS
0x00007fff6cf6e000 	/usr/lib/libresolv.9.dylib
0x00007fff56a96000 	/System/Library/PrivateFrameworks/Heimdal.framework/Versions/A/Heimdal
0x00007fff38baa000 	/System/Library/Frameworks/Kerberos.framework/Versions/A/Libraries/libHeimdalProxy.dylib
0x00007fff6bdd8000 	/usr/lib/libheimdal-asn1.dylib
0x00007fff4adf4000 	/System/Library/PrivateFrameworks/CommonAuth.framework/Versions/A/CommonAuth
0x00007fff48083000 	/System/Library/PrivateFrameworks/AssertionServices.framework/Versions/A/AssertionServices
0x00007fff48c25000 	/System/Library/PrivateFrameworks/AudioToolboxCore.framework/Versions/A/AudioToolboxCore
0x00007fff67bf9000 	/System/Library/PrivateFrameworks/caulk.framework/Versions/A/caulk
0x00007fff491ee000 	/System/Library/PrivateFrameworks/BaseBoard.framework/Versions/A/BaseBoard
0x00007fff60264000 	/System/Library/PrivateFrameworks/RunningBoardServices.framework/Versions/A/RunningBoardServices
0x00007fff5d278000 	/System/Library/PrivateFrameworks/PersistentConnection.framework/Versions/A/PersistentConnection
0x00007fff5fc5e000 	/System/Library/PrivateFrameworks/ProtocolBuffer.framework/Versions/A/ProtocolBuffer
0x00007fff4ae18000 	/System/Library/PrivateFrameworks/CommonUtilities.framework/Versions/A/CommonUtilities
0x00007fff4937c000 	/System/Library/PrivateFrameworks/Bom.framework/Versions/A/Bom
0x00007fff6aa2a000 	/usr/lib/libAudioToolboxUtility.dylib
0x00007fff4914c000 	/System/Library/PrivateFrameworks/Backup.framework/Versions/A/Backup
0x00007fff4ded3000 	/System/Library/PrivateFrameworks/CrashReporterSupport.framework/Versions/A/CrashReporterSupport
0x00007fff61cf2000 	/System/Library/PrivateFrameworks/Sharing.framework/Versions/A/Sharing
0x00007fff47692000 	/System/Library/PrivateFrameworks/Apple80211.framework/Versions/A/Apple80211
0x00007fff48e69000 	/System/Library/PrivateFrameworks/AuthKit.framework/Versions/A/AuthKit
0x00007fff4dbe3000 	/System/Library/PrivateFrameworks/CoreUtils.framework/Versions/A/CoreUtils
0x00007fff36247000 	/System/Library/Frameworks/CoreWLAN.framework/Versions/A/CoreWLAN
0x00007fff36e65000 	/System/Library/Frameworks/IOBluetooth.framework/Versions/A/IOBluetooth
0x00007fff5ae54000 	/System/Library/PrivateFrameworks/MobileKeyBag.framework/Versions/A/MobileKeyBag
0x00007fff4c9e9000 	/System/Library/PrivateFrameworks/CorePhoneNumbers.framework/Versions/A/CorePhoneNumbers
0x00007fff47a82000 	/System/Library/PrivateFrameworks/AppleIDAuthSupport.framework/Versions/A/AppleIDAuthSupport
0x00007fff3ab8f000 	/System/Library/Frameworks/Network.framework/Versions/A/Network
0x00007fff59525000 	/System/Library/PrivateFrameworks/KeychainCircle.framework/Versions/A/KeychainCircle
0x00007fff33ca0000 	/System/Library/Frameworks/CoreBluetooth.framework/Versions/A/CoreBluetooth
0x00007fff63d6f000 	/System/Library/PrivateFrameworks/SpeechRecognitionCore.framework/Versions/A/SpeechRecognitionCore
0x0000000102600000 	/Users/dgoptsii/Downloads/jdk-14.0.1.jdk/Contents/Home/lib/server/libjvm.dylib
0x0000000101da4000 	/Users/dgoptsii/Downloads/jdk-14.0.1.jdk/Contents/Home/lib/libjimage.dylib
0x0000000101db1000 	/Users/dgoptsii/Downloads/jdk-14.0.1.jdk/Contents/Home/lib/libinstrument.dylib
0x0000000101dc1000 	/Users/dgoptsii/Downloads/jdk-14.0.1.jdk/Contents/Home/lib/libjava.dylib
0x0000000101df0000 	/Users/dgoptsii/Downloads/jdk-14.0.1.jdk/Contents/Home/lib/libzip.dylib
0x0000000108c48000 	/Users/dgoptsii/Downloads/jdk-14.0.1.jdk/Contents/Home/lib/libnio.dylib
0x0000000108c5b000 	/Users/dgoptsii/Downloads/jdk-14.0.1.jdk/Contents/Home/lib/libnet.dylib
0x0000000108cfb000 	/Users/dgoptsii/Downloads/jdk-14.0.1.jdk/Contents/Home/lib/libverify.dylib
0x0000000108d0a000 	/Users/dgoptsii/Downloads/jdk-14.0.1.jdk/Contents/Home/lib/libextnet.dylib
0x0000000108d11000 	/Users/dgoptsii/Downloads/jdk-14.0.1.jdk/Contents/Home/lib/libawt.dylib
0x0000000108dad000 	/Users/dgoptsii/Downloads/jdk-14.0.1.jdk/Contents/Home/lib/libmlib_image.dylib
0x00007fff38b80000 	/System/Library/Frameworks/JavaVM.framework/Versions/A/Frameworks/JavaNativeFoundation.framework/Versions/A/JavaNativeFoundation
0x00007fff38b89000 	/System/Library/Frameworks/JavaVM.framework/Versions/A/Frameworks/JavaRuntimeSupport.framework/Versions/A/JavaRuntimeSupport
0x00007fff38b92000 	/System/Library/Frameworks/JavaVM.framework/Versions/A/JavaVM
0x00007fff5933c000 	/System/Library/PrivateFrameworks/JavaLaunching.framework/Versions/A/JavaLaunching
0x00007fff32e71000 	/System/Library/Frameworks/Carbon.framework/Versions/A/Carbon
0x00007fff4d988000 	/System/Library/PrivateFrameworks/CoreSymbolication.framework/Versions/A/CoreSymbolication
0x00007fff32e72000 	/System/Library/Frameworks/Carbon.framework/Versions/A/Frameworks/CommonPanels.framework/Versions/A/CommonPanels
0x00007fff3316b000 	/System/Library/Frameworks/Carbon.framework/Versions/A/Frameworks/Help.framework/Versions/A/Help
0x00007fff3316f000 	/System/Library/Frameworks/Carbon.framework/Versions/A/Frameworks/ImageCapture.framework/Versions/A/ImageCapture
0x00007fff33176000 	/System/Library/Frameworks/Carbon.framework/Versions/A/Frameworks/OpenScripting.framework/Versions/A/OpenScripting
0x00007fff33175000 	/System/Library/Frameworks/Carbon.framework/Versions/A/Frameworks/Ink.framework/Versions/A/Ink
0x00007fff331b1000 	/System/Library/Frameworks/Carbon.framework/Versions/A/Frameworks/Print.framework/Versions/A/Print
0x00007fff331b2000 	/System/Library/Frameworks/Carbon.framework/Versions/A/Frameworks/SecurityHI.framework/Versions/A/SecurityHI
0x00007fff4e107000 	/System/Library/PrivateFrameworks/DebugSymbols.framework/Versions/A/DebugSymbols
0x0000000108e19000 	/Users/dgoptsii/Downloads/jdk-14.0.1.jdk/Contents/Home/lib/libawt_lwawt.dylib
0x0000000108ecb000 	/Users/dgoptsii/Downloads/jdk-14.0.1.jdk/Contents/Home/lib/libosxapp.dylib
0x00007fff36744000 	/System/Library/Frameworks/ExceptionHandling.framework/Versions/A/ExceptionHandling
0x0000000108ef3000 	/Users/dgoptsii/Downloads/jdk-14.0.1.jdk/Contents/Home/lib/libfontmanager.dylib
0x0000000108ff9000 	/Users/dgoptsii/Downloads/jdk-14.0.1.jdk/Contents/Home/lib/libfreetype.dylib
0x00007fff4d402000 	/System/Library/PrivateFrameworks/CoreServicesInternal.framework/Versions/A/CoreServicesInternal
0x00007fff36763000 	/System/Library/Frameworks/FileProvider.framework/Versions/A/FileProvider
0x00007fff31307000 	/System/Library/Frameworks/Accounts.framework/Versions/A/Accounts
0x00007fff55793000 	/System/Library/PrivateFrameworks/GenerationalStorage.framework/Versions/A/GenerationalStorage
0x00007fff645af000 	/System/Library/PrivateFrameworks/SymptomDiagnosticReporter.framework/Versions/A/SymptomDiagnosticReporter
0x00007fff47197000 	/System/Library/PrivateFrameworks/AppContainer.framework/Versions/A/AppContainer
0x00007fff6cf88000 	/usr/lib/libsandbox.1.dylib
0x00007fff65ef3000 	/System/Library/PrivateFrameworks/UserManagement.framework/Versions/A/UserManagement
0x00007fff49f34000 	/System/Library/PrivateFrameworks/ChunkingLibrary.framework/Versions/A/ChunkingLibrary
0x00007fff47209000 	/System/Library/PrivateFrameworks/AppSandbox.framework/Versions/A/AppSandbox
0x00007fff61b7c000 	/System/Library/PrivateFrameworks/SecCodeWrapper.framework/Versions/A/SecCodeWrapper
0x00007fff6ae3f000 	/usr/lib/libMatch.1.dylib
0x00007fff27270000 	/System/Library/CoreServices/RawCamera.bundle/Contents/MacOS/RawCamera
0x00007fff5ac7e000 	/System/Library/PrivateFrameworks/MobileAsset.framework/Versions/A/MobileAsset
0x00007fff64457000 	/System/Library/PrivateFrameworks/StreamingZip.framework/Versions/A/StreamingZip
0x00007fff39012000 	/System/Library/Frameworks/MediaToolbox.framework/Versions/A/MediaToolbox
0x00007fff4b90b000 	/System/Library/PrivateFrameworks/CoreAVCHD.framework/Versions/A/CoreAVCHD
0x00007fff38f3c000 	/System/Library/Frameworks/MediaAccessibility.framework/Versions/A/MediaAccessibility
0x00007fff5a034000 	/System/Library/PrivateFrameworks/Mangrove.framework/Versions/A/Mangrove
0x00007fff3540f000 	/System/Library/Frameworks/CoreMedia.framework/Versions/A/CoreMedia
0x00007fff5a2a0000 	/System/Library/PrivateFrameworks/MediaExperience.framework/Versions/A/MediaExperience
0x00007fff41ecf000 	/System/Library/Frameworks/VideoToolbox.framework/Versions/A/VideoToolbox
0x00007fff4b535000 	/System/Library/PrivateFrameworks/CoreAUC.framework/Versions/A/CoreAUC
0x00007fff6cfe0000 	/usr/lib/libspindump.dylib
0x00007fff485d4000 	/System/Library/PrivateFrameworks/AudioResourceArbitration.framework/Versions/A/AudioResourceArbitration
0x00007fff47fea000 	/System/Library/PrivateFrameworks/AppleVA.framework/Versions/A/AppleVA
0x00007fff2fe85000 	/System/Library/Frameworks/Accelerate.framework/Versions/A/Frameworks/vImage.framework/Versions/A/Libraries/libCGInterfaces.dylib
0x00000001091d2000 	/usr/lib/libobjc-trampolines.dylib
0x00007fff50833000 	/System/Library/PrivateFrameworks/FontServices.framework/libTrueTypeScaler.dylib
0x00007fff299f7000 	/System/Library/Extensions/AppleIntelBDWGraphicsMTLDriver.bundle/Contents/MacOS/AppleIntelBDWGraphicsMTLDriver
0x00007fff53dbd000 	/System/Library/PrivateFrameworks/GPUCompiler.framework/Versions/3902/Libraries/libmetal_timestamp.dylib
0x00007fff66cbf000 	/System/Library/PrivateFrameworks/ViewBridge.framework/Versions/A/ViewBridge
0x000000012798d000 	/Users/dgoptsii/Game/natives/liblwjgl.dylib
0x0000000127a0f000 	/Users/dgoptsii/Downloads/jdk-14.0.1.jdk/Contents/Home/lib/libjawt.dylib
0x00007fff3ed72000 	/System/Library/Frameworks/OpenGL.framework/Versions/A/Resources/GLEngine.bundle/GLEngine
0x00007fff3e155000 	/System/Library/Frameworks/OpenGL.framework/Versions/A/Libraries/libGLProgrammability.dylib
0x00007fff294f2000 	/System/Library/Extensions/AppleIntelBDWGraphicsGLDriver.bundle/Contents/MacOS/AppleIntelBDWGraphicsGLDriver
0x00007fff55462000 	/System/Library/PrivateFrameworks/GPUSupport.framework/Versions/A/Libraries/libGPUSupportMercury.dylib
0x00007fff3eeec000 	/System/Library/Frameworks/OpenGL.framework/Versions/A/Resources/GLRendererFloat.bundle/GLRendererFloat
0x00007fff3d70e000 	/System/Library/Frameworks/OpenCL.framework/Versions/A/Libraries/libcldcpuengine.dylib
0x00007fff67f4c000 	/System/Library/PrivateFrameworks/login.framework/Versions/A/login


VM Arguments:
jvm_args: -Djava.library.path=/Users/dgoptsii/Game/natives:/Users/dgoptsii/Game/Libary -javaagent:/Applications/IntelliJ IDEA CE.app/Contents/lib/idea_rt.jar=50088:/Applications/IntelliJ IDEA CE.app/Contents/bin -Dfile.encoding=UTF-8 
java_command: Game.SetupGame
java_class_path (initial): /Users/dgoptsii/Game/out/production/GAME:/Users/dgoptsii/Game/Libary/Pack200Task.jar:/Users/dgoptsii/Game/libs/ibxm.jar:/Users/dgoptsii/Game/libs/jnlp.jar:/Users/dgoptsii/Game/libs/lwjgl.jar:/Users/dgoptsii/Game/libs/slick.jar:/Users/dgoptsii/Game/libs/jinput.jar:/Users/dgoptsii/Game/libs/jogg-0.0.7.jar:/Users/dgoptsii/Game/libs/lwjgl_util.jar:/Users/dgoptsii/Game/libs/tinylinepp.jar:/Users/dgoptsii/Game/libs/natives-mac.jar:/Users/dgoptsii/Game/libs/jorbis-0.0.15.jar:/Users/dgoptsii/Game/libs/natives-linux.jar:/Users/dgoptsii/Game/libs/slick-examples.jar:/Users/dgoptsii/Game/libs/natives-windows.jar:/Users/dgoptsii/Game/libs/lwjgl_util_applet.jar
Launcher Type: SUN_STANDARD

[Global flags]
     intx CICompilerCount                          = 3                                         {product} {ergonomic}
     uint ConcGCThreads                            = 1                                         {product} {ergonomic}
     uint G1ConcRefinementThreads                  = 4                                         {product} {ergonomic}
   size_t G1HeapRegionSize                         = 1048576                                   {product} {ergonomic}
    uintx GCDrainStackTargetSize                   = 64                                        {product} {ergonomic}
   size_t InitialHeapSize                          = 134217728                                 {product} {ergonomic}
   size_t MarkStackSize                            = 4194304                                   {product} {ergonomic}
   size_t MaxHeapSize                              = 2147483648                                {product} {ergonomic}
   size_t MaxNewSize                               = 1287651328                                {product} {ergonomic}
   size_t MinHeapDeltaBytes                        = 1048576                                   {product} {ergonomic}
   size_t MinHeapSize                              = 8388608                                   {product} {ergonomic}
    uintx NonNMethodCodeHeapSize                   = 5832780                                {pd product} {ergonomic}
    uintx NonProfiledCodeHeapSize                  = 122912730                              {pd product} {ergonomic}
    uintx ProfiledCodeHeapSize                     = 122912730                              {pd product} {ergonomic}
    uintx ReservedCodeCacheSize                    = 251658240                              {pd product} {ergonomic}
     bool SegmentedCodeCache                       = true                                      {product} {ergonomic}
   size_t SoftMaxHeapSize                          = 2147483648                             {manageable} {ergonomic}
     bool UseCompressedClassPointers               = true                                 {lp64_product} {ergonomic}
     bool UseCompressedOops                        = true                                 {lp64_product} {ergonomic}
     bool UseG1GC                                  = true                                      {product} {ergonomic}

Logging:
Log output configuration:
 #0: stdout all=warning uptime,level,tags
 #1: stderr all=off uptime,level,tags

Environment Variables:
PATH=/usr/local/bin:/usr/bin:/bin:/usr/sbin:/sbin
SHELL=/bin/bash

Signal Handlers:
SIGSEGV: [libjvm.dylib+0x741580], sa_mask[0]=11111111011111110111111111111111, sa_flags=SA_ONSTACK|SA_RESTART|SA_SIGINFO
SIGBUS: [libjvm.dylib+0x741580], sa_mask[0]=11111111011111110111111111111111, sa_flags=SA_RESTART|SA_SIGINFO
SIGFPE: [libjvm.dylib+0x741580], sa_mask[0]=11111111011111110111111111111111, sa_flags=SA_RESTART|SA_SIGINFO
SIGPIPE: [libjvm.dylib+0x5eb3a3], sa_mask[0]=11111111011111110111111111111111, sa_flags=SA_RESTART|SA_SIGINFO
SIGXFSZ: [libjvm.dylib+0x5eb3a3], sa_mask[0]=11111111011111110111111111111111, sa_flags=SA_RESTART|SA_SIGINFO
SIGILL: [libjvm.dylib+0x741580], sa_mask[0]=11111111011111110111111111111111, sa_flags=SA_RESTART|SA_SIGINFO
SIGUSR2: [libjvm.dylib+0x5eb975], sa_mask[0]=00100000000000000000000000000000, sa_flags=SA_RESTART|SA_SIGINFO
SIGHUP: [libjvm.dylib+0x5ea9d7], sa_mask[0]=11111111011111110111111111111111, sa_flags=SA_RESTART|SA_SIGINFO
SIGINT: [libjvm.dylib+0x5ea9d7], sa_mask[0]=11111111011111110111111111111111, sa_flags=SA_RESTART|SA_SIGINFO
SIGTERM: [libjvm.dylib+0x5ea9d7], sa_mask[0]=11111111011111110111111111111111, sa_flags=SA_RESTART|SA_SIGINFO
SIGQUIT: [libjvm.dylib+0x5ea9d7], sa_mask[0]=11111111011111110111111111111111, sa_flags=SA_RESTART|SA_SIGINFO


---------------  S Y S T E M  ---------------

OS:uname:Darwin 19.4.0 Darwin Kernel Version 19.4.0: Wed Mar  4 22:28:40 PST 2020; root:xnu-6153.101.6~15/RELEASE_X86_64 x86_64
OS uptime: 3 days 3:18 hours
rlimit: STACK 8192k, CORE 0k, NPROC 1392, NOFILE 10240, AS infinity, DATA infinity, FSIZE infinity
load average:3.49 2.97 2.72

CPU:total 4 (initial active 4) (2 cores per cpu, 2 threads per core) family 6 model 61 stepping 4, cmov, cx8, fxsr, mmx, sse, sse2, sse3, ssse3, sse4.1, sse4.2, popcnt, avx, avx2, aes, clmul, erms, 3dnowpref, lzcnt, ht, tsc, tscinvbit, bmi1, bmi2, adx, fma

Memory: 4k page, physical 8388608k(607636k free), swap 8388608k(1304576k free)

vm_info: OpenJDK 64-Bit Server VM (14.0.1+7) for bsd-amd64 JRE (14.0.1+7), built on Mar  5 2020 10:34:43 by "mach5one" with clang 4.2.1 Compatible Apple LLVM 10.0.0 (clang-1000.11.45.5)

END.
