#
# A fatal error has been detected by the Java Runtime Environment:
#
#  SIGSEGV (0xb) at pc=0x00007fff71d06678, pid=11247, tid=9987
#
# JRE version: OpenJDK Runtime Environment (14.0.1+7) (build 14.0.1+7)
# Java VM: OpenJDK 64-Bit Server VM (14.0.1+7, mixed mode, sharing, tiered, compressed oops, g1 gc, bsd-amd64)
# Problematic frame:
# C  [libobjc.A.dylib+0x8678]  objc_release+0x18
#
# No core dump will be written. Core dumps have been disabled. To enable core dumping, try "ulimit -c unlimited" before starting Java again
#
# If you would like to submit a bug report, please visit:
#   https://bugreport.java.com/bugreport/crash.jsp
# The crash happened outside the Java Virtual Machine in native code.
# See problematic frame for where to report the bug.
#

---------------  S U M M A R Y ------------

Command Line: -Djava.library.path=/Users/dgoptsii/Game/natives:/Users/dgoptsii/Game/Libary -javaagent:/Applications/IntelliJ IDEA CE.app/Contents/lib/idea_rt.jar=56582:/Applications/IntelliJ IDEA CE.app/Contents/bin -Dfile.encoding=UTF-8 Game.SetupGame

Host: MacBookPro12,1 x86_64 2700 MHz, 4 cores, 8G, Darwin 19.4.0
Time: Sat May 30 14:01:23 2020 EEST elapsed time: 1 seconds (0d 0h 0m 1s)

---------------  T H R E A D  ---------------

Current thread (0x00007fd2b780c800):  JavaThread "main" [_thread_in_native, id=9987, stack(0x00007000069b1000,0x0000700006ab1000)]

Stack: [0x00007000069b1000,0x0000700006ab1000],  sp=0x0000700006ab02e8,  free space=1020k
Native frames: (J=compiled Java code, A=aot compiled Java code, j=interpreted, Vv=VM code, C=native code)
C  [libobjc.A.dylib+0x8678]  objc_release+0x18
C  [libobjc.A.dylib+0x8dba]  objc_autoreleasePoolPop+0xaf
C  [CoreFoundation+0x41c45]  _CFAutoreleasePoolPop+0x16
C  [Foundation+0x1eba1]  -[NSAutoreleasePool release]+0x81
C  [liblwjgl.dylib+0x16cce]  Java_org_lwjgl_opengl_MacOSXContextImplementation_setView+0x10e
j  org.lwjgl.opengl.MacOSXContextImplementation.setView(Ljava/nio/ByteBuffer;Ljava/nio/ByteBuffer;)V+0
j  org.lwjgl.opengl.MacOSXContextImplementation.makeCurrent(Lorg/lwjgl/opengl/PeerInfo;Ljava/nio/ByteBuffer;)V+7
j  org.lwjgl.opengl.ContextGL.makeCurrent()V+46
j  org.lwjgl.opengl.DrawableGL.makeCurrent()V+14
j  org.lwjgl.opengl.Display.makeCurrent()V+3
j  org.lwjgl.opengl.Display.makeCurrentAndSetSwapInterval()V+0
j  org.lwjgl.opengl.Display.create(Lorg/lwjgl/opengl/PixelFormat;Lorg/lwjgl/opengl/Drawable;Lorg/lwjgl/opengl/ContextAttribs;)V+108
j  org.lwjgl.opengl.Display.create(Lorg/lwjgl/opengl/PixelFormat;)V+12
j  org.newdawn.slick.AppGameContainer.tryCreateDisplay(Lorg/lwjgl/opengl/PixelFormat;)V+7
j  org.newdawn.slick.AppGameContainer.access$000(Lorg/newdawn/slick/AppGameContainer;Lorg/lwjgl/opengl/PixelFormat;)V+2
j  org.newdawn.slick.AppGameContainer$2.run()Ljava/lang/Object;+36
j  java.security.AccessController.executePrivileged(Ljava/security/PrivilegedAction;Ljava/security/AccessControlContext;Ljava/lang/Class;)Ljava/lang/Object;+29 java.base@14.0.1
j  java.security.AccessController.doPrivileged(Ljava/security/PrivilegedAction;)Ljava/lang/Object;+5 java.base@14.0.1
j  org.newdawn.slick.AppGameContainer.setup()V+112
j  org.newdawn.slick.AppGameContainer.start()V+1
j  Game.SetupGame.main([Ljava/lang/String;)V+48
v  ~StubRoutines::call_stub
V  [libjvm.dylib+0x34bbbe]  _ZN9JavaCalls11call_helperEP9JavaValueRK12methodHandleP17JavaCallArgumentsP6Thread+0x256
V  [libjvm.dylib+0x39032d]  _ZL17jni_invoke_staticP7JNIEnv_P9JavaValueP8_jobject11JNICallTypeP10_jmethodIDP18JNI_ArgumentPusherP6Thread+0x11c
V  [libjvm.dylib+0x393c10]  jni_CallStaticVoidMethod+0x1b3
C  [libjli.dylib+0x4a42]  JavaMain+0xab4
C  [libjli.dylib+0x6d4a]  ThreadJavaMain+0x9
C  [libsystem_pthread.dylib+0x6109]  _pthread_start+0x94
C  [libsystem_pthread.dylib+0x1b8b]  thread_start+0xf

Java frames: (J=compiled Java code, j=interpreted, Vv=VM code)
j  org.lwjgl.opengl.MacOSXContextImplementation.setView(Ljava/nio/ByteBuffer;Ljava/nio/ByteBuffer;)V+0
j  org.lwjgl.opengl.MacOSXContextImplementation.makeCurrent(Lorg/lwjgl/opengl/PeerInfo;Ljava/nio/ByteBuffer;)V+7
j  org.lwjgl.opengl.ContextGL.makeCurrent()V+46
j  org.lwjgl.opengl.DrawableGL.makeCurrent()V+14
j  org.lwjgl.opengl.Display.makeCurrent()V+3
j  org.lwjgl.opengl.Display.makeCurrentAndSetSwapInterval()V+0
j  org.lwjgl.opengl.Display.create(Lorg/lwjgl/opengl/PixelFormat;Lorg/lwjgl/opengl/Drawable;Lorg/lwjgl/opengl/ContextAttribs;)V+108
j  org.lwjgl.opengl.Display.create(Lorg/lwjgl/opengl/PixelFormat;)V+12
j  org.newdawn.slick.AppGameContainer.tryCreateDisplay(Lorg/lwjgl/opengl/PixelFormat;)V+7
j  org.newdawn.slick.AppGameContainer.access$000(Lorg/newdawn/slick/AppGameContainer;Lorg/lwjgl/opengl/PixelFormat;)V+2
j  org.newdawn.slick.AppGameContainer$2.run()Ljava/lang/Object;+36
j  java.security.AccessController.executePrivileged(Ljava/security/PrivilegedAction;Ljava/security/AccessControlContext;Ljava/lang/Class;)Ljava/lang/Object;+29 java.base@14.0.1
j  java.security.AccessController.doPrivileged(Ljava/security/PrivilegedAction;)Ljava/lang/Object;+5 java.base@14.0.1
j  org.newdawn.slick.AppGameContainer.setup()V+112
j  org.newdawn.slick.AppGameContainer.start()V+1
j  Game.SetupGame.main([Ljava/lang/String;)V+48
v  ~StubRoutines::call_stub

siginfo: si_signo: 11 (SIGSEGV), si_code: 1 (SEGV_MAPERR), si_addr: 0x0000000000000020

Register to memory mapping:

RAX=0x0 is NULL
RBX=0x00007fd2b800f000 points into unknown readable memory: a1 a1 a1 a1 41 55 54 4f
RCX=0x00007fd2b800f178 points into unknown readable memory: a3 a3 a3 a3 a3 a3 a3 a3
RDX=0x0000000000000005 is an unknown value
RSP=0x0000700006ab02e8 is pointing into the stack for thread: 0x00007fd2b780c800
RBP=0x0000700006ab0310 is pointing into the stack for thread: 0x00007fd2b780c800
RSI=0x00007fd2b6cafba0 points into unknown readable memory: 67 9c 6f 28 01 80 3d 00
RDI=0x00007fd2b6ccfaf0 points into unknown readable memory: 00 00 00 00 00 00 00 20
R8 =0x00000000000130a8 is an unknown value
R9 =0x0 is NULL
R10=0x00000001286f9c60: OBJC_CLASS_$_MacOSXOpenGLView+0 in /Users/dgoptsii/Game/natives/liblwjgl.dylib at 0x00000001286bb000
R11=0x00007fff36351b4d: -[NSResponder release]+0 in /System/Library/Frameworks/AppKit.framework/Versions/C/AppKit at 0x00007fff36347000
R12=0x00007fd2b6f675c0 points into unknown readable memory: 01 b9 2f 91 ff ff 1d 00
R13=0x0000000123517900 is pointing into metadata
R14=0x00007fd2b800f108 points into unknown readable memory: 00 00 00 00 00 00 00 00
R15=0xa3a3a3a3a3a3a3a3 is an unknown value


Registers:
RAX=0x0000000000000000, RBX=0x00007fd2b800f000, RCX=0x00007fd2b800f178, RDX=0x0000000000000005
RSP=0x0000700006ab02e8, RBP=0x0000700006ab0310, RSI=0x00007fd2b6cafba0, RDI=0x00007fd2b6ccfaf0
R8 =0x00000000000130a8, R9 =0x0000000000000000, R10=0x00000001286f9c60, R11=0x00007fff36351b4d
R12=0x00007fd2b6f675c0, R13=0x0000000123517900, R14=0x00007fd2b800f108, R15=0xa3a3a3a3a3a3a3a3
RIP=0x00007fff71d06678, EFLAGS=0x0000000000010246, ERR=0x0000000000000004
  TRAPNO=0x000000000000000e

Top of Stack: (sp=0x0000700006ab02e8)
0x0000700006ab02e8:   00007fff71d22054 0000000000000000
0x0000700006ab02f8:   00007fd2b800f000 00007fff7d13a83c
0x0000700006ab0308:   00007fd2b780cb10 0000700006ab0330
0x0000700006ab0318:   00007fff71d06dba 0000000000000000
0x0000700006ab0328:   00007fd2b800f108 0000700006ab0350
0x0000700006ab0338:   00007fff390c8c45 0000000000000000
0x0000700006ab0348:   00007fd2b6f675c0 0000700006ab0390
0x0000700006ab0358:   00007fff3b75bba1 0000000000000000
0x0000700006ab0368:   00007fd2b6fbd370 00007fd2b6cafba0
0x0000700006ab0378:   b67e3867681500d2 00007fd2b6caf260
0x0000700006ab0388:   00007fd2b6fa22b0 0000700006ab03c0
0x0000700006ab0398:   00000001286d1cce 0000000123517908
0x0000700006ab03a8:   0000000000000000 0000700006ab0458
0x0000700006ab03b8:   00007fd2b780c800 0000700006ab0430
0x0000700006ab03c8:   000000010cb336b0 0000700006ab0430
0x0000700006ab03d8:   000000010cb333fe 000000010cb333b6
0x0000700006ab03e8:   0000700006ab03e8 0000000123517900
0x0000700006ab03f8:   0000700006ab0458 0000000123517eb0
0x0000700006ab0408:   0000000000000000 0000000787acf0b0
0x0000700006ab0418:   0000000123517908 0000000000000000
0x0000700006ab0428:   0000700006ab0450 0000700006ab04a8
0x0000700006ab0438:   000000010cb2def3 0000000787acf0b0
0x0000700006ab0448:   000000010cb30758 0000000787ad92f8
0x0000700006ab0458:   0000000787a6cbe8 0000700006ab0460
0x0000700006ab0468:   00000001235177ff 0000700006ab04d8
0x0000700006ab0478:   0000000123517eb0 0000000000000000
0x0000700006ab0488:   0000000787acf0b0 0000000123517870
0x0000700006ab0498:   0000700006ab0450 0000700006ab04c8
0x0000700006ab04a8:   0000700006ab0538 000000010cb2df38
0x0000700006ab04b8:   0000000000000000 0000000787a6cbe8
0x0000700006ab04c8:   0000000787ad92f8 0000000787a6cb28
0x0000700006ab04d8:   0000000787acf1d8 00000000000000b6 

Instructions: (pc=0x00007fff71d06678)
0x00007fff71d06578:   90 90 90 90 90 90 66 83 7f 0e 00 74 03 31 c0 c3
0x00007fff71d06588:   48 8b 07 8b 57 08 48 8d 0d ab db 01 00 85 d2 74
0x00007fff71d06598:   38 8b 57 08 ff c2 81 fa 02 04 00 00 72 2b 31 f6
0x00007fff71d065a8:   89 d7 48 89 f1 d1 ef 48 ff c6 83 fa 03 89 fa 77
0x00007fff71d065b8:   f1 3b 35 d9 47 d1 27 73 0e 48 8b 15 d8 47 d1 27
0x00007fff71d065c8:   48 8b 4c ca 08 eb 02 31 c9 48 39 c1 0f 94 c0 c3
0x00007fff71d065d8:   90 90 90 90 90 90 90 90 90 90 90 90 90 90 55 48
0x00007fff71d065e8:   89 e5 41 56 53 89 fb 41 89 fe 49 c1 e6 04 be 01
0x00007fff71d065f8:   00 00 00 4c 89 f7 e8 5d d4 01 00 49 89 44 06 f8
0x00007fff71d06608:   49 c7 44 06 f0 01 00 00 00 80 3d 92 49 d1 27 00
0x00007fff71d06618:   74 2e 31 c9 83 fb 02 72 14 31 c9 89 da d1 ea ff
0x00007fff71d06628:   c1 83 fb 03 89 d3 77 f5 83 f9 0f 77 0c 89 c9 48
0x00007fff71d06638:   8d 15 12 47 d1 27 ff 04 8a 48 ff 05 48 47 d1 27
0x00007fff71d06648:   5b 41 5e 5d c3 90 90 90 90 90 90 90 90 90 90 90
0x00007fff71d06658:   90 90 e9 60 3e 00 00 90 48 85 ff 74 64 40 f6 c7
0x00007fff71d06668:   01 75 5e 48 b8 f8 ff ff ff ff 7f 00 00 48 23 07
0x00007fff71d06678:   f6 40 20 04 74 69 48 b9 00 00 00 00 00 00 00 01
0x00007fff71d06688:   48 ba 00 00 00 00 00 00 40 00 48 8b 07 a8 01 74
0x00007fff71d06698:   3e 48 89 c6 48 29 ce 73 21 48 0f ba e0 37 72 4c
0x00007fff71d066a8:   48 0f ba e0 36 0f 82 ab b0 01 00 48 89 c6 48 09
0x00007fff71d066b8:   d6 f0 48 0f b1 37 75 d2 eb 08 f0 48 0f b1 37 75
0x00007fff71d066c8:   c9 c3 48 8b 35 1f 38 d1 27 ff 25 a1 19 d1 27 f6
0x00007fff71d066d8:   40 1c 01 75 ec be 01 00 00 00 e9 e7 56 00 00 48
0x00007fff71d066e8:   8b 35 32 37 d1 27 ff 25 84 19 d1 27 be 01 00 00
0x00007fff71d066f8:   00 e9 e8 59 00 00 90 90 90 e9 04 00 00 00 90 90
0x00007fff71d06708:   90 90 55 48 89 e5 53 50 48 89 fb f6 c3 01 75 21
0x00007fff71d06718:   48 b8 07 00 00 00 00 00 a0 00 48 23 03 48 83 f8
0x00007fff71d06728:   01 75 15 48 89 df 48 83 c4 08 5b 5d e9 7b d3 01
0x00007fff71d06738:   00 48 83 c4 08 5b 5d c3 48 89 df e8 3a 00 00 00
0x00007fff71d06748:   eb e1 90 90 90 90 90 90 48 85 ff 74 1c 55 48 89
0x00007fff71d06758:   e5 53 50 48 89 fb e8 1f 00 00 00 48 89 df e8 49
0x00007fff71d06768:   d3 01 00 48 83 c4 08 5b 5d 31 c0 c3 90 90 90 90 


Stack slot to memory mapping:
stack at sp + 0 slots: 0x00007fff71d22054: _ZN19AutoreleasePoolPage12releaseUntilEPP11objc_object+0x86 in /usr/lib/libobjc.A.dylib at 0x00007fff71cfe000
stack at sp + 1 slots: 0x0 is NULL
stack at sp + 2 slots: 0x00007fd2b800f000 points into unknown readable memory: a1 a1 a1 a1 41 55 54 4f
stack at sp + 3 slots: 0x00007fff7d13a83c: GCC_except_table740+0xb40c96c in /usr/lib/libobjc.A.dylib at 0x00007fff71cfe000
stack at sp + 4 slots: 0x00007fd2b780cb10 points into unknown readable memory: 60 1c f0 03 01 00 00 00
stack at sp + 5 slots: 0x0000700006ab0330 is pointing into the stack for thread: 0x00007fd2b780c800
stack at sp + 6 slots: 0x00007fff71d06dba: objc_autoreleasePoolPop+0xaf in /usr/lib/libobjc.A.dylib at 0x00007fff71cfe000
stack at sp + 7 slots: 0x0 is NULL


---------------  P R O C E S S  ---------------

Threads class SMR info:
_java_thread_list=0x00007fd2b6e447e0, length=14, elements={
0x00007fd2b780c800, 0x00007fd2b8815800, 0x00007fd2b7840800, 0x00007fd2b8011800,
0x00007fd2b800e000, 0x00007fd2b8079000, 0x00007fd2b8079800, 0x00007fd2b807a800,
0x00007fd2b784b800, 0x00007fd2b8817800, 0x00007fd2b815c000, 0x00007fd2b8187800,
0x00007fd2b8167000, 0x00007fd2b823d000
}

Java Threads: ( => current thread )
=>0x00007fd2b780c800 JavaThread "main" [_thread_in_native, id=9987, stack(0x00007000069b1000,0x0000700006ab1000)]
  0x00007fd2b8815800 JavaThread "Reference Handler" daemon [_thread_blocked, id=17155, stack(0x00007000070c6000,0x00007000071c6000)]
  0x00007fd2b7840800 JavaThread "Finalizer" daemon [_thread_blocked, id=13827, stack(0x00007000071c9000,0x00007000072c9000)]
  0x00007fd2b8011800 JavaThread "Signal Dispatcher" daemon [_thread_blocked, id=22275, stack(0x00007000073d2000,0x00007000074d2000)]
  0x00007fd2b800e000 JavaThread "Service Thread" daemon [_thread_blocked, id=43011, stack(0x00007000074d5000,0x00007000075d5000)]
  0x00007fd2b8079000 JavaThread "C2 CompilerThread0" daemon [_thread_blocked, id=42499, stack(0x00007000075d8000,0x00007000076d8000)]
  0x00007fd2b8079800 JavaThread "C1 CompilerThread0" daemon [_thread_blocked, id=23043, stack(0x00007000076db000,0x00007000077db000)]
  0x00007fd2b807a800 JavaThread "Sweeper thread" daemon [_thread_blocked, id=23299, stack(0x00007000077de000,0x00007000078de000)]
  0x00007fd2b784b800 JavaThread "Common-Cleaner" daemon [_thread_blocked, id=23811, stack(0x00007000078e1000,0x00007000079e1000)]
  0x00007fd2b8817800 JavaThread "Monitor Ctrl-Break" daemon [_thread_in_native, id=40707, stack(0x00007000079e4000,0x0000700007ae4000)]
  0x00007fd2b815c000 JavaThread "Notification Thread" daemon [_thread_blocked, id=40195, stack(0x0000700007ae7000,0x0000700007be7000)]
  0x00007fd2b8187800 JavaThread "AppKit Thread" daemon [_thread_in_native, id=775, stack(0x00007ffeec94c000,0x00007ffeed14c000)]
  0x00007fd2b8167000 JavaThread "AWT-Shutdown" [_thread_blocked, id=33027, stack(0x0000700007d70000,0x0000700007e70000)]
  0x00007fd2b823d000 JavaThread "Attach Listener" daemon [_thread_blocked, id=67075, stack(0x000070000828b000,0x000070000838b000)]

Other Threads:
  0x00007fd2b8814800 VMThread "VM Thread" [stack: 0x0000700006fc3000,0x00007000070c3000] [id=17923]
  0x00007fd2b7841800 WatcherThread [stack: 0x0000700007bea000,0x0000700007cea000] [id=24835]
  0x00007fd2b7832000 GCTaskThread "GC Thread#0" [stack: 0x0000700006ab4000,0x0000700006bb4000] [id=20483]
  0x00007fd2b8023000 ConcurrentGCThread "G1 Main Marker" [stack: 0x0000700006bb7000,0x0000700006cb7000] [id=13059]
  0x00007fd2b8024000 ConcurrentGCThread "G1 Conc#0" [stack: 0x0000700006cba000,0x0000700006dba000] [id=19203]
  0x00007fd2b8074800 ConcurrentGCThread "G1 Refine#0" [stack: 0x0000700006dbd000,0x0000700006ebd000] [id=18691]
  0x00007fd2b8075800 ConcurrentGCThread "G1 Young RemSet Sampling" [stack: 0x0000700006ec0000,0x0000700006fc0000] [id=18435]

Threads with active compile tasks:

VM state:not at safepoint (normal execution)

VM Mutex/Monitor currently owned by a thread: None

Heap address: 0x0000000780000000, size: 2048 MB, Compressed Oops mode: Zero based, Oop shift amount: 3
Narrow klass base: 0x0000000800000000, Narrow klass shift: 3
Compressed class space size: 1073741824 Address: 0x0000000800b03000

Heap:
 garbage-first heap   total 133120K, used 42800K [0x0000000780000000, 0x0000000800000000)
  region size 1024K, 6 young (6144K), 0 survivors (0K)
 Metaspace       used 3493K, capacity 5422K, committed 5760K, reserved 1056768K
  class space    used 341K, capacity 554K, committed 640K, reserved 1048576K
Heap Regions: E=young(eden), S=young(survivor), O=old, HS=humongous(starts), HC=humongous(continues), CS=collection set, F=free, OA=open archive, CA=closed archive, TAMS=top-at-mark-start (previous, next)
|   0|0x0000000780000000, 0x0000000780100000, 0x0000000780100000|100%|HS|  |TAMS 0x0000000780000000, 0x0000000780000000| Complete 
|   1|0x0000000780100000, 0x0000000780200000, 0x0000000780200000|100%|HC|  |TAMS 0x0000000780100000, 0x0000000780100000| Complete 
|   2|0x0000000780200000, 0x0000000780300000, 0x0000000780300000|100%|HC|  |TAMS 0x0000000780200000, 0x0000000780200000| Complete 
|   3|0x0000000780300000, 0x0000000780400000, 0x0000000780400000|100%|HC|  |TAMS 0x0000000780300000, 0x0000000780300000| Complete 
|   4|0x0000000780400000, 0x0000000780500000, 0x0000000780500000|100%|HC|  |TAMS 0x0000000780400000, 0x0000000780400000| Complete 
|   5|0x0000000780500000, 0x0000000780600000, 0x0000000780600000|100%|HC|  |TAMS 0x0000000780500000, 0x0000000780500000| Complete 
|   6|0x0000000780600000, 0x0000000780700000, 0x0000000780700000|100%|HC|  |TAMS 0x0000000780600000, 0x0000000780600000| Complete 
|   7|0x0000000780700000, 0x0000000780800000, 0x0000000780800000|100%|HC|  |TAMS 0x0000000780700000, 0x0000000780700000| Complete 
|   8|0x0000000780800000, 0x0000000780900000, 0x0000000780900000|100%|HC|  |TAMS 0x0000000780800000, 0x0000000780800000| Complete 
|   9|0x0000000780900000, 0x0000000780a00000, 0x0000000780a00000|100%|HC|  |TAMS 0x0000000780900000, 0x0000000780900000| Complete 
|  10|0x0000000780a00000, 0x0000000780b00000, 0x0000000780b00000|100%|HC|  |TAMS 0x0000000780a00000, 0x0000000780a00000| Complete 
|  11|0x0000000780b00000, 0x0000000780c00000, 0x0000000780c00000|100%|HC|  |TAMS 0x0000000780b00000, 0x0000000780b00000| Complete 
|  12|0x0000000780c00000, 0x0000000780d00000, 0x0000000780d00000|100%|HC|  |TAMS 0x0000000780c00000, 0x0000000780c00000| Complete 
|  13|0x0000000780d00000, 0x0000000780e00000, 0x0000000780e00000|100%|HC|  |TAMS 0x0000000780d00000, 0x0000000780d00000| Complete 
|  14|0x0000000780e00000, 0x0000000780f00000, 0x0000000780f00000|100%|HC|  |TAMS 0x0000000780e00000, 0x0000000780e00000| Complete 
|  15|0x0000000780f00000, 0x0000000781000000, 0x0000000781000000|100%|HC|  |TAMS 0x0000000780f00000, 0x0000000780f00000| Complete 
|  16|0x0000000781000000, 0x0000000781100000, 0x0000000781100000|100%|HC|  |TAMS 0x0000000781000000, 0x0000000781000000| Complete 
|  17|0x0000000781100000, 0x0000000781200000, 0x0000000781200000|100%|HC|  |TAMS 0x0000000781100000, 0x0000000781100000| Complete 
|  18|0x0000000781200000, 0x0000000781300000, 0x0000000781300000|100%|HC|  |TAMS 0x0000000781200000, 0x0000000781200000| Complete 
|  19|0x0000000781300000, 0x0000000781400000, 0x0000000781400000|100%|HC|  |TAMS 0x0000000781300000, 0x0000000781300000| Complete 
|  20|0x0000000781400000, 0x0000000781500000, 0x0000000781500000|100%|HS|  |TAMS 0x0000000781400000, 0x0000000781400000| Complete 
|  21|0x0000000781500000, 0x0000000781600000, 0x0000000781600000|100%|HC|  |TAMS 0x0000000781500000, 0x0000000781500000| Complete 
|  22|0x0000000781600000, 0x0000000781700000, 0x0000000781700000|100%|HC|  |TAMS 0x0000000781600000, 0x0000000781600000| Complete 
|  23|0x0000000781700000, 0x0000000781800000, 0x0000000781800000|100%|HC|  |TAMS 0x0000000781700000, 0x0000000781700000| Complete 
|  24|0x0000000781800000, 0x0000000781900000, 0x0000000781900000|100%|HC|  |TAMS 0x0000000781800000, 0x0000000781800000| Complete 
|  25|0x0000000781900000, 0x0000000781a00000, 0x0000000781a00000|100%|HC|  |TAMS 0x0000000781900000, 0x0000000781900000| Complete 
|  26|0x0000000781a00000, 0x0000000781b00000, 0x0000000781b00000|100%|HC|  |TAMS 0x0000000781a00000, 0x0000000781a00000| Complete 
|  27|0x0000000781b00000, 0x0000000781c00000, 0x0000000781c00000|100%|HC|  |TAMS 0x0000000781b00000, 0x0000000781b00000| Complete 
|  28|0x0000000781c00000, 0x0000000781d00000, 0x0000000781d00000|100%|HS|  |TAMS 0x0000000781c00000, 0x0000000781c00000| Complete 
|  29|0x0000000781d00000, 0x0000000781e00000, 0x0000000781e00000|100%|HC|  |TAMS 0x0000000781d00000, 0x0000000781d00000| Complete 
|  30|0x0000000781e00000, 0x0000000781f00000, 0x0000000781f00000|100%|HC|  |TAMS 0x0000000781e00000, 0x0000000781e00000| Complete 
|  31|0x0000000781f00000, 0x0000000782000000, 0x0000000782000000|100%|HC|  |TAMS 0x0000000781f00000, 0x0000000781f00000| Complete 
|  32|0x0000000782000000, 0x0000000782100000, 0x0000000782100000|100%|HC|  |TAMS 0x0000000782000000, 0x0000000782000000| Complete 
|  33|0x0000000782100000, 0x0000000782200000, 0x0000000782200000|100%|HC|  |TAMS 0x0000000782100000, 0x0000000782100000| Complete 
|  34|0x0000000782200000, 0x0000000782300000, 0x0000000782300000|100%|HC|  |TAMS 0x0000000782200000, 0x0000000782200000| Complete 
|  35|0x0000000782300000, 0x0000000782400000, 0x0000000782400000|100%|HC|  |TAMS 0x0000000782300000, 0x0000000782300000| Complete 
|  36|0x0000000782400000, 0x0000000782400000, 0x0000000782500000|  0%| F|  |TAMS 0x0000000782400000, 0x0000000782400000| Untracked 
|  37|0x0000000782500000, 0x0000000782500000, 0x0000000782600000|  0%| F|  |TAMS 0x0000000782500000, 0x0000000782500000| Untracked 
|  38|0x0000000782600000, 0x0000000782600000, 0x0000000782700000|  0%| F|  |TAMS 0x0000000782600000, 0x0000000782600000| Untracked 
|  39|0x0000000782700000, 0x0000000782700000, 0x0000000782800000|  0%| F|  |TAMS 0x0000000782700000, 0x0000000782700000| Untracked 
|  40|0x0000000782800000, 0x0000000782800000, 0x0000000782900000|  0%| F|  |TAMS 0x0000000782800000, 0x0000000782800000| Untracked 
|  41|0x0000000782900000, 0x0000000782900000, 0x0000000782a00000|  0%| F|  |TAMS 0x0000000782900000, 0x0000000782900000| Untracked 
|  42|0x0000000782a00000, 0x0000000782a00000, 0x0000000782b00000|  0%| F|  |TAMS 0x0000000782a00000, 0x0000000782a00000| Untracked 
|  43|0x0000000782b00000, 0x0000000782b00000, 0x0000000782c00000|  0%| F|  |TAMS 0x0000000782b00000, 0x0000000782b00000| Untracked 
|  44|0x0000000782c00000, 0x0000000782c00000, 0x0000000782d00000|  0%| F|  |TAMS 0x0000000782c00000, 0x0000000782c00000| Untracked 
|  45|0x0000000782d00000, 0x0000000782d00000, 0x0000000782e00000|  0%| F|  |TAMS 0x0000000782d00000, 0x0000000782d00000| Untracked 
|  46|0x0000000782e00000, 0x0000000782e00000, 0x0000000782f00000|  0%| F|  |TAMS 0x0000000782e00000, 0x0000000782e00000| Untracked 
|  47|0x0000000782f00000, 0x0000000782f00000, 0x0000000783000000|  0%| F|  |TAMS 0x0000000782f00000, 0x0000000782f00000| Untracked 
|  48|0x0000000783000000, 0x0000000783000000, 0x0000000783100000|  0%| F|  |TAMS 0x0000000783000000, 0x0000000783000000| Untracked 
|  49|0x0000000783100000, 0x0000000783100000, 0x0000000783200000|  0%| F|  |TAMS 0x0000000783100000, 0x0000000783100000| Untracked 
|  50|0x0000000783200000, 0x0000000783200000, 0x0000000783300000|  0%| F|  |TAMS 0x0000000783200000, 0x0000000783200000| Untracked 
|  51|0x0000000783300000, 0x0000000783300000, 0x0000000783400000|  0%| F|  |TAMS 0x0000000783300000, 0x0000000783300000| Untracked 
|  52|0x0000000783400000, 0x0000000783400000, 0x0000000783500000|  0%| F|  |TAMS 0x0000000783400000, 0x0000000783400000| Untracked 
|  53|0x0000000783500000, 0x0000000783500000, 0x0000000783600000|  0%| F|  |TAMS 0x0000000783500000, 0x0000000783500000| Untracked 
|  54|0x0000000783600000, 0x0000000783600000, 0x0000000783700000|  0%| F|  |TAMS 0x0000000783600000, 0x0000000783600000| Untracked 
|  55|0x0000000783700000, 0x0000000783700000, 0x0000000783800000|  0%| F|  |TAMS 0x0000000783700000, 0x0000000783700000| Untracked 
|  56|0x0000000783800000, 0x0000000783800000, 0x0000000783900000|  0%| F|  |TAMS 0x0000000783800000, 0x0000000783800000| Untracked 
|  57|0x0000000783900000, 0x0000000783900000, 0x0000000783a00000|  0%| F|  |TAMS 0x0000000783900000, 0x0000000783900000| Untracked 
|  58|0x0000000783a00000, 0x0000000783a00000, 0x0000000783b00000|  0%| F|  |TAMS 0x0000000783a00000, 0x0000000783a00000| Untracked 
|  59|0x0000000783b00000, 0x0000000783b00000, 0x0000000783c00000|  0%| F|  |TAMS 0x0000000783b00000, 0x0000000783b00000| Untracked 
|  60|0x0000000783c00000, 0x0000000783c00000, 0x0000000783d00000|  0%| F|  |TAMS 0x0000000783c00000, 0x0000000783c00000| Untracked 
|  61|0x0000000783d00000, 0x0000000783d00000, 0x0000000783e00000|  0%| F|  |TAMS 0x0000000783d00000, 0x0000000783d00000| Untracked 
|  62|0x0000000783e00000, 0x0000000783e00000, 0x0000000783f00000|  0%| F|  |TAMS 0x0000000783e00000, 0x0000000783e00000| Untracked 
|  63|0x0000000783f00000, 0x0000000783f00000, 0x0000000784000000|  0%| F|  |TAMS 0x0000000783f00000, 0x0000000783f00000| Untracked 
|  64|0x0000000784000000, 0x0000000784000000, 0x0000000784100000|  0%| F|  |TAMS 0x0000000784000000, 0x0000000784000000| Untracked 
|  65|0x0000000784100000, 0x0000000784100000, 0x0000000784200000|  0%| F|  |TAMS 0x0000000784100000, 0x0000000784100000| Untracked 
|  66|0x0000000784200000, 0x0000000784200000, 0x0000000784300000|  0%| F|  |TAMS 0x0000000784200000, 0x0000000784200000| Untracked 
|  67|0x0000000784300000, 0x0000000784300000, 0x0000000784400000|  0%| F|  |TAMS 0x0000000784300000, 0x0000000784300000| Untracked 
|  68|0x0000000784400000, 0x0000000784400000, 0x0000000784500000|  0%| F|  |TAMS 0x0000000784400000, 0x0000000784400000| Untracked 
|  69|0x0000000784500000, 0x0000000784500000, 0x0000000784600000|  0%| F|  |TAMS 0x0000000784500000, 0x0000000784500000| Untracked 
|  70|0x0000000784600000, 0x0000000784600000, 0x0000000784700000|  0%| F|  |TAMS 0x0000000784600000, 0x0000000784600000| Untracked 
|  71|0x0000000784700000, 0x0000000784700000, 0x0000000784800000|  0%| F|  |TAMS 0x0000000784700000, 0x0000000784700000| Untracked 
|  72|0x0000000784800000, 0x0000000784800000, 0x0000000784900000|  0%| F|  |TAMS 0x0000000784800000, 0x0000000784800000| Untracked 
|  73|0x0000000784900000, 0x0000000784900000, 0x0000000784a00000|  0%| F|  |TAMS 0x0000000784900000, 0x0000000784900000| Untracked 
|  74|0x0000000784a00000, 0x0000000784a00000, 0x0000000784b00000|  0%| F|  |TAMS 0x0000000784a00000, 0x0000000784a00000| Untracked 
|  75|0x0000000784b00000, 0x0000000784b00000, 0x0000000784c00000|  0%| F|  |TAMS 0x0000000784b00000, 0x0000000784b00000| Untracked 
|  76|0x0000000784c00000, 0x0000000784c00000, 0x0000000784d00000|  0%| F|  |TAMS 0x0000000784c00000, 0x0000000784c00000| Untracked 
|  77|0x0000000784d00000, 0x0000000784d00000, 0x0000000784e00000|  0%| F|  |TAMS 0x0000000784d00000, 0x0000000784d00000| Untracked 
|  78|0x0000000784e00000, 0x0000000784e00000, 0x0000000784f00000|  0%| F|  |TAMS 0x0000000784e00000, 0x0000000784e00000| Untracked 
|  79|0x0000000784f00000, 0x0000000784f00000, 0x0000000785000000|  0%| F|  |TAMS 0x0000000784f00000, 0x0000000784f00000| Untracked 
|  80|0x0000000785000000, 0x0000000785000000, 0x0000000785100000|  0%| F|  |TAMS 0x0000000785000000, 0x0000000785000000| Untracked 
|  81|0x0000000785100000, 0x0000000785100000, 0x0000000785200000|  0%| F|  |TAMS 0x0000000785100000, 0x0000000785100000| Untracked 
|  82|0x0000000785200000, 0x0000000785200000, 0x0000000785300000|  0%| F|  |TAMS 0x0000000785200000, 0x0000000785200000| Untracked 
|  83|0x0000000785300000, 0x0000000785300000, 0x0000000785400000|  0%| F|  |TAMS 0x0000000785300000, 0x0000000785300000| Untracked 
|  84|0x0000000785400000, 0x0000000785400000, 0x0000000785500000|  0%| F|  |TAMS 0x0000000785400000, 0x0000000785400000| Untracked 
|  85|0x0000000785500000, 0x0000000785500000, 0x0000000785600000|  0%| F|  |TAMS 0x0000000785500000, 0x0000000785500000| Untracked 
|  86|0x0000000785600000, 0x0000000785600000, 0x0000000785700000|  0%| F|  |TAMS 0x0000000785600000, 0x0000000785600000| Untracked 
|  87|0x0000000785700000, 0x0000000785700000, 0x0000000785800000|  0%| F|  |TAMS 0x0000000785700000, 0x0000000785700000| Untracked 
|  88|0x0000000785800000, 0x0000000785800000, 0x0000000785900000|  0%| F|  |TAMS 0x0000000785800000, 0x0000000785800000| Untracked 
|  89|0x0000000785900000, 0x0000000785900000, 0x0000000785a00000|  0%| F|  |TAMS 0x0000000785900000, 0x0000000785900000| Untracked 
|  90|0x0000000785a00000, 0x0000000785a00000, 0x0000000785b00000|  0%| F|  |TAMS 0x0000000785a00000, 0x0000000785a00000| Untracked 
|  91|0x0000000785b00000, 0x0000000785b00000, 0x0000000785c00000|  0%| F|  |TAMS 0x0000000785b00000, 0x0000000785b00000| Untracked 
|  92|0x0000000785c00000, 0x0000000785c00000, 0x0000000785d00000|  0%| F|  |TAMS 0x0000000785c00000, 0x0000000785c00000| Untracked 
|  93|0x0000000785d00000, 0x0000000785d00000, 0x0000000785e00000|  0%| F|  |TAMS 0x0000000785d00000, 0x0000000785d00000| Untracked 
|  94|0x0000000785e00000, 0x0000000785e00000, 0x0000000785f00000|  0%| F|  |TAMS 0x0000000785e00000, 0x0000000785e00000| Untracked 
|  95|0x0000000785f00000, 0x0000000785f00000, 0x0000000786000000|  0%| F|  |TAMS 0x0000000785f00000, 0x0000000785f00000| Untracked 
|  96|0x0000000786000000, 0x0000000786000000, 0x0000000786100000|  0%| F|  |TAMS 0x0000000786000000, 0x0000000786000000| Untracked 
|  97|0x0000000786100000, 0x0000000786100000, 0x0000000786200000|  0%| F|  |TAMS 0x0000000786100000, 0x0000000786100000| Untracked 
|  98|0x0000000786200000, 0x0000000786200000, 0x0000000786300000|  0%| F|  |TAMS 0x0000000786200000, 0x0000000786200000| Untracked 
|  99|0x0000000786300000, 0x0000000786300000, 0x0000000786400000|  0%| F|  |TAMS 0x0000000786300000, 0x0000000786300000| Untracked 
| 100|0x0000000786400000, 0x0000000786400000, 0x0000000786500000|  0%| F|  |TAMS 0x0000000786400000, 0x0000000786400000| Untracked 
| 101|0x0000000786500000, 0x0000000786500000, 0x0000000786600000|  0%| F|  |TAMS 0x0000000786500000, 0x0000000786500000| Untracked 
| 102|0x0000000786600000, 0x0000000786600000, 0x0000000786700000|  0%| F|  |TAMS 0x0000000786600000, 0x0000000786600000| Untracked 
| 103|0x0000000786700000, 0x0000000786700000, 0x0000000786800000|  0%| F|  |TAMS 0x0000000786700000, 0x0000000786700000| Untracked 
| 104|0x0000000786800000, 0x0000000786800000, 0x0000000786900000|  0%| F|  |TAMS 0x0000000786800000, 0x0000000786800000| Untracked 
| 105|0x0000000786900000, 0x0000000786900000, 0x0000000786a00000|  0%| F|  |TAMS 0x0000000786900000, 0x0000000786900000| Untracked 
| 106|0x0000000786a00000, 0x0000000786a00000, 0x0000000786b00000|  0%| F|  |TAMS 0x0000000786a00000, 0x0000000786a00000| Untracked 
| 107|0x0000000786b00000, 0x0000000786b00000, 0x0000000786c00000|  0%| F|  |TAMS 0x0000000786b00000, 0x0000000786b00000| Untracked 
| 108|0x0000000786c00000, 0x0000000786c00000, 0x0000000786d00000|  0%| F|  |TAMS 0x0000000786c00000, 0x0000000786c00000| Untracked 
| 109|0x0000000786d00000, 0x0000000786d00000, 0x0000000786e00000|  0%| F|  |TAMS 0x0000000786d00000, 0x0000000786d00000| Untracked 
| 110|0x0000000786e00000, 0x0000000786e00000, 0x0000000786f00000|  0%| F|  |TAMS 0x0000000786e00000, 0x0000000786e00000| Untracked 
| 111|0x0000000786f00000, 0x0000000786f00000, 0x0000000787000000|  0%| F|  |TAMS 0x0000000786f00000, 0x0000000786f00000| Untracked 
| 112|0x0000000787000000, 0x0000000787000000, 0x0000000787100000|  0%| F|  |TAMS 0x0000000787000000, 0x0000000787000000| Untracked 
| 113|0x0000000787100000, 0x0000000787100000, 0x0000000787200000|  0%| F|  |TAMS 0x0000000787100000, 0x0000000787100000| Untracked 
| 114|0x0000000787200000, 0x0000000787200000, 0x0000000787300000|  0%| F|  |TAMS 0x0000000787200000, 0x0000000787200000| Untracked 
| 115|0x0000000787300000, 0x0000000787300000, 0x0000000787400000|  0%| F|  |TAMS 0x0000000787300000, 0x0000000787300000| Untracked 
| 116|0x0000000787400000, 0x0000000787400000, 0x0000000787500000|  0%| F|  |TAMS 0x0000000787400000, 0x0000000787400000| Untracked 
| 117|0x0000000787500000, 0x0000000787500000, 0x0000000787600000|  0%| F|  |TAMS 0x0000000787500000, 0x0000000787500000| Untracked 
| 118|0x0000000787600000, 0x0000000787600000, 0x0000000787700000|  0%| F|  |TAMS 0x0000000787600000, 0x0000000787600000| Untracked 
| 119|0x0000000787700000, 0x0000000787700000, 0x0000000787800000|  0%| F|  |TAMS 0x0000000787700000, 0x0000000787700000| Untracked 
| 120|0x0000000787800000, 0x0000000787800000, 0x0000000787900000|  0%| F|  |TAMS 0x0000000787800000, 0x0000000787800000| Untracked 
| 121|0x0000000787900000, 0x0000000787900000, 0x0000000787a00000|  0%| F|  |TAMS 0x0000000787900000, 0x0000000787900000| Untracked 
| 122|0x0000000787a00000, 0x0000000787b00000, 0x0000000787b00000|100%| E|  |TAMS 0x0000000787a00000, 0x0000000787a00000| Complete 
| 123|0x0000000787b00000, 0x0000000787c00000, 0x0000000787c00000|100%| E|CS|TAMS 0x0000000787b00000, 0x0000000787b00000| Complete 
| 124|0x0000000787c00000, 0x0000000787d00000, 0x0000000787d00000|100%| E|CS|TAMS 0x0000000787c00000, 0x0000000787c00000| Complete 
| 125|0x0000000787d00000, 0x0000000787e00000, 0x0000000787e00000|100%| E|CS|TAMS 0x0000000787d00000, 0x0000000787d00000| Complete 
| 126|0x0000000787e00000, 0x0000000787f00000, 0x0000000787f00000|100%| E|CS|TAMS 0x0000000787e00000, 0x0000000787e00000| Complete 
| 127|0x0000000787f00000, 0x0000000788000000, 0x0000000788000000|100%| E|CS|TAMS 0x0000000787f00000, 0x0000000787f00000| Complete 
|1022|0x00000007bfe00000, 0x00000007bfe51000, 0x00000007bff00000| 31%|OA|  |TAMS 0x00000007bfe00000, 0x00000007bfe00000| Untracked 
|1023|0x00000007bff00000, 0x00000007bff7b000, 0x00000007c0000000| 48%|CA|  |TAMS 0x00000007bff00000, 0x00000007bff00000| Untracked 

Card table byte_map: [0x000000011c40f000,0x000000011c80f000] _byte_map_base: 0x000000011880f000

Marking Bits (Prev, Next): (CMBitMap*) 0x00007fd2b8008818, (CMBitMap*) 0x00007fd2b8008858
 Prev Bits: [0x000000011cc0f000, 0x000000011ec0f000)
 Next Bits: [0x000000011ec0f000, 0x0000000120c0f000)

Polling page: 0x0000000102b03000

Metaspace:

Usage:
  Non-class:      4.75 MB capacity,     3.08 MB ( 65%) used,     1.67 MB ( 35%) free+waste,     7.81 KB ( <1%) overhead. 
      Class:    554.00 KB capacity,   341.06 KB ( 62%) used,   208.38 KB ( 38%) free+waste,     4.56 KB ( <1%) overhead. 
       Both:      5.29 MB capacity,     3.41 MB ( 64%) used,     1.87 MB ( 35%) free+waste,    12.38 KB ( <1%) overhead. 

Virtual space:
  Non-class space:        8.00 MB reserved,       5.00 MB ( 62%) committed 
      Class space:        1.00 GB reserved,     640.00 KB ( <1%) committed 
             Both:        1.01 GB reserved,       5.62 MB ( <1%) committed 

Chunk freelists:
   Non-Class:  44.00 KB
       Class:  10.00 KB
        Both:  54.00 KB

MaxMetaspaceSize: unlimited
CompressedClassSpaceSize: 1.00 GB

CodeHeap 'non-profiled nmethods': size=120032Kb used=187Kb max_used=187Kb free=119844Kb
 bounds [0x00000001145ec000, 0x000000011485c000, 0x000000011bb24000]
CodeHeap 'profiled nmethods': size=120028Kb used=870Kb max_used=870Kb free=119157Kb
 bounds [0x000000010d0b5000, 0x000000010d325000, 0x00000001145ec000]
CodeHeap 'non-nmethods': size=5700Kb used=1163Kb max_used=1175Kb free=4536Kb
 bounds [0x000000010cb24000, 0x000000010cd94000, 0x000000010d0b5000]
 total_blobs=1148 nmethods=598 adapters=334
 compilation: enabled
              stopped_count=0, restarted_count=0
 full_count=0

Compilation events (20 events):
Event: 1.513 Thread 0x00007fd2b8079800  590       3       java.util.jar.JarFile::getEntry0 (24 bytes)
Event: 1.514 Thread 0x00007fd2b8079800 nmethod 590 0x000000010d18ac10 code [0x000000010d18ade0, 0x000000010d18b320]
Event: 1.514 Thread 0x00007fd2b8079800  591       3       java.util.jar.JarFile$1::<init> (10 bytes)
Event: 1.514 Thread 0x00007fd2b8079800 nmethod 591 0x000000010d18b490 code [0x000000010d18b620, 0x000000010d18b7f0]
Event: 1.514 Thread 0x00007fd2b8079800  592       3       java.util.zip.ZipFile$1::getEntry (10 bytes)
Event: 1.514 Thread 0x00007fd2b8079800 nmethod 592 0x000000010d18b890 code [0x000000010d18ba40, 0x000000010d18bca0]
Event: 1.514 Thread 0x00007fd2b8079800  587   !   3       java.util.zip.ZipFile$ZipFileInputStream::close (59 bytes)
Event: 1.514 Thread 0x00007fd2b8079800 nmethod 587 0x000000010d18bd90 code [0x000000010d18bf40, 0x000000010d18c3a0]
Event: 1.530 Thread 0x00007fd2b8079800  593       3       java.nio.Buffer::remaining (10 bytes)
Event: 1.530 Thread 0x00007fd2b8079800 nmethod 593 0x000000010d18c590 code [0x000000010d18c720, 0x000000010d18c830]
Event: 1.532 Thread 0x00007fd2b8079800  596       3       java.util.jar.JarFile::getEntry (22 bytes)
Event: 1.532 Thread 0x00007fd2b8079800 nmethod 596 0x000000010d18c890 code [0x000000010d18caa0, 0x000000010d18d220]
Event: 1.532 Thread 0x00007fd2b8079800  594       3       java.lang.String::indexOf (18 bytes)
Event: 1.533 Thread 0x00007fd2b8079800 nmethod 594 0x000000010d18d490 code [0x000000010d18d640, 0x000000010d18d920]
Event: 1.533 Thread 0x00007fd2b8079800  595       3       java.lang.String::indexOf (113 bytes)
Event: 1.534 Thread 0x00007fd2b8079800 nmethod 595 0x000000010d18da90 code [0x000000010d18dd00, 0x000000010d18e700]
Event: 1.534 Thread 0x00007fd2b8079800  597       1       java.util.zip.ZipEntry::getSize (5 bytes)
Event: 1.534 Thread 0x00007fd2b8079800 nmethod 597 0x000000011461a810 code [0x000000011461a9a0, 0x000000011461aa70]
Event: 1.534 Thread 0x00007fd2b8079800  598       1       java.nio.HeapByteBuffer::isDirect (2 bytes)
Event: 1.534 Thread 0x00007fd2b8079800 nmethod 598 0x000000011461ab10 code [0x000000011461aca0, 0x000000011461ad70]

GC Heap History (0 events):
No events

Deoptimization events (20 events):
Event: 1.041 Thread 0x00007fd2b780c800 DEOPT PACKING pc=0x000000010d15ede4 sp=0x0000700006ab03f0
Event: 1.041 Thread 0x00007fd2b780c800 DEOPT UNPACKING pc=0x000000010cb6d33a sp=0x0000700006aaf998 mode 0
Event: 1.042 Thread 0x00007fd2b780c800 DEOPT PACKING pc=0x000000010d15ede4 sp=0x0000700006ab03f0
Event: 1.042 Thread 0x00007fd2b780c800 DEOPT UNPACKING pc=0x000000010cb6d33a sp=0x0000700006aaf998 mode 0
Event: 1.042 Thread 0x00007fd2b780c800 DEOPT PACKING pc=0x000000010d15ede4 sp=0x0000700006ab03f0
Event: 1.042 Thread 0x00007fd2b780c800 DEOPT UNPACKING pc=0x000000010cb6d33a sp=0x0000700006aaf998 mode 0
Event: 1.047 Thread 0x00007fd2b780c800 DEOPT PACKING pc=0x000000010d15ede4 sp=0x0000700006ab03f0
Event: 1.047 Thread 0x00007fd2b780c800 DEOPT UNPACKING pc=0x000000010cb6d33a sp=0x0000700006aaf998 mode 0
Event: 1.048 Thread 0x00007fd2b780c800 DEOPT PACKING pc=0x000000010d15ede4 sp=0x0000700006ab03f0
Event: 1.048 Thread 0x00007fd2b780c800 DEOPT UNPACKING pc=0x000000010cb6d33a sp=0x0000700006aaf998 mode 0
Event: 1.048 Thread 0x00007fd2b780c800 DEOPT PACKING pc=0x000000010d15ede4 sp=0x0000700006ab03f0
Event: 1.048 Thread 0x00007fd2b780c800 DEOPT UNPACKING pc=0x000000010cb6d33a sp=0x0000700006aaf998 mode 0
Event: 1.123 Thread 0x00007fd2b780c800 Uncommon trap: trap_request=0xffffff45 fr.pc=0x0000000114613c54 relative=0x00000000000001f4
Event: 1.123 Thread 0x00007fd2b780c800 Uncommon trap: reason=unstable_if action=reinterpret pc=0x0000000114613c54 method=org.newdawn.slick.openal.WaveData.convertAudioBytes([BZ)Ljava/nio/ByteBuffer; @ 48 c2
Event: 1.124 Thread 0x00007fd2b780c800 DEOPT PACKING pc=0x0000000114613c54 sp=0x0000700006ab04d0
Event: 1.124 Thread 0x00007fd2b780c800 DEOPT UNPACKING pc=0x000000010cb6ce25 sp=0x0000700006ab04a0 mode 2
Event: 1.230 Thread 0x00007fd2b780c800 DEOPT PACKING pc=0x000000010d160c33 sp=0x0000700006ab0400
Event: 1.230 Thread 0x00007fd2b780c800 DEOPT UNPACKING pc=0x000000010cb6d33a sp=0x0000700006aaf998 mode 0
Event: 1.411 Thread 0x00007fd2b780c800 DEOPT PACKING pc=0x000000010d14fd90 sp=0x0000700006aaf2a0
Event: 1.411 Thread 0x00007fd2b780c800 DEOPT UNPACKING pc=0x000000010cb6d33a sp=0x0000700006aae718 mode 0

Classes unloaded (0 events):
No events

Classes redefined (0 events):
No events

Internal exceptions (4 events):
Event: 0.371 Thread 0x00007fd2b780c800 Exception <a 'java/lang/ClassNotFoundException'{0x0000000787dbb090}: sun/awt/resources/spi/awtProvider> (0x0000000787dbb090) 
thrown [./open/src/hotspot/share/classfile/systemDictionary.cpp, line 226]
Event: 0.412 Thread 0x00007fd2b780c800 Exception <a 'java/io/FileNotFoundException'{0x0000000787c04028}> (0x0000000787c04028) 
thrown [./open/src/hotspot/share/prims/jni.cpp, line 599]
Event: 0.423 Thread 0x00007fd2b780c800 Exception <a 'java/io/FileNotFoundException'{0x0000000787c2a268}> (0x0000000787c2a268) 
thrown [./open/src/hotspot/share/prims/jni.cpp, line 599]
Event: 0.429 Thread 0x00007fd2b780c800 Exception <a 'java/lang/ClassNotFoundException'{0x0000000787c2dcf8}: sun/awt/resources/spi/awtosxProvider> (0x0000000787c2dcf8) 
thrown [./open/src/hotspot/share/classfile/systemDictionary.cpp, line 226]

Events (20 events):
Event: 1.417 loading class java/awt/Point
Event: 1.417 loading class java/awt/geom/Point2D
Event: 1.417 loading class java/awt/geom/Point2D done
Event: 1.417 loading class java/awt/Point done
Event: 1.417 loading class java/awt/GraphicsConfiguration
Event: 1.422 loading class java/awt/GraphicsConfiguration done
Event: 1.422 loading class java/awt/Image
Event: 1.422 loading class java/awt/Image done
Event: 1.422 loading class java/awt/image/BufferedImage
Event: 1.422 loading class java/awt/image/WritableRenderedImage
Event: 1.422 loading class java/awt/image/RenderedImage
Event: 1.423 loading class java/awt/image/RenderedImage done
Event: 1.423 loading class java/awt/image/WritableRenderedImage done
Event: 1.423 loading class java/awt/Transparency
Event: 1.423 loading class java/awt/Transparency done
Event: 1.423 loading class java/awt/image/BufferedImage done
Event: 1.433 loading class jdk/internal/reflect/UnsafeQualifiedStaticIntegerFieldAccessorImpl
Event: 1.433 loading class jdk/internal/reflect/UnsafeQualifiedStaticIntegerFieldAccessorImpl done
Event: 1.534 loading class java/lang/NumberFormatException
Event: 1.534 loading class java/lang/NumberFormatException done


Dynamic libraries:
0x00007fff723da000 	/usr/lib/libz.1.dylib
0x0000000102abf000 	/Users/dgoptsii/Downloads/jdk-14.0.1.jdk/Contents/Home/lib/libjli.dylib
0x00007fff381ec000 	/System/Library/Frameworks/Cocoa.framework/Versions/A/Cocoa
0x00007fff459c9000 	/System/Library/Frameworks/Security.framework/Versions/A/Security
0x00007fff37156000 	/System/Library/Frameworks/ApplicationServices.framework/Versions/A/ApplicationServices
0x00007fff6fe9e000 	/usr/lib/libSystem.B.dylib
0x00007fff72c9a000 	/usr/lib/system/libcache.dylib
0x00007fff72ca0000 	/usr/lib/system/libcommonCrypto.dylib
0x00007fff72cac000 	/usr/lib/system/libcompiler_rt.dylib
0x00007fff72cb4000 	/usr/lib/system/libcopyfile.dylib
0x00007fff72cbe000 	/usr/lib/system/libcorecrypto.dylib
0x00007fff72e5d000 	/usr/lib/system/libdispatch.dylib
0x00007fff72e9e000 	/usr/lib/system/libdyld.dylib
0x00007fff72ed5000 	/usr/lib/system/libkeymgr.dylib
0x00007fff72ee3000 	/usr/lib/system/liblaunch.dylib
0x00007fff72ee4000 	/usr/lib/system/libmacho.dylib
0x00007fff72eea000 	/usr/lib/system/libquarantine.dylib
0x00007fff72eed000 	/usr/lib/system/libremovefile.dylib
0x00007fff72eef000 	/usr/lib/system/libsystem_asl.dylib
0x00007fff72f07000 	/usr/lib/system/libsystem_blocks.dylib
0x00007fff72f08000 	/usr/lib/system/libsystem_c.dylib
0x00007fff72f90000 	/usr/lib/system/libsystem_configuration.dylib
0x00007fff72f94000 	/usr/lib/system/libsystem_coreservices.dylib
0x00007fff72f98000 	/usr/lib/system/libsystem_darwin.dylib
0x00007fff72fa1000 	/usr/lib/system/libsystem_dnssd.dylib
0x00007fff72fa9000 	/usr/lib/system/libsystem_featureflags.dylib
0x00007fff72fab000 	/usr/lib/system/libsystem_info.dylib
0x00007fff73026000 	/usr/lib/system/libsystem_m.dylib
0x00007fff7306e000 	/usr/lib/system/libsystem_malloc.dylib
0x00007fff73096000 	/usr/lib/system/libsystem_networkextension.dylib
0x00007fff730a4000 	/usr/lib/system/libsystem_notify.dylib
0x00007fff730c2000 	/usr/lib/system/libsystem_sandbox.dylib
0x00007fff730c7000 	/usr/lib/system/libsystem_secinit.dylib
0x00007fff72ff9000 	/usr/lib/system/libsystem_kernel.dylib
0x00007fff730ae000 	/usr/lib/system/libsystem_platform.dylib
0x00007fff730b7000 	/usr/lib/system/libsystem_pthread.dylib
0x00007fff730ca000 	/usr/lib/system/libsystem_symptoms.dylib
0x00007fff730d2000 	/usr/lib/system/libsystem_trace.dylib
0x00007fff730ea000 	/usr/lib/system/libunwind.dylib
0x00007fff730f0000 	/usr/lib/system/libxpc.dylib
0x00007fff71cfe000 	/usr/lib/libobjc.A.dylib
0x00007fff701d7000 	/usr/lib/libc++abi.dylib
0x00007fff70184000 	/usr/lib/libc++.1.dylib
0x00007fff39087000 	/System/Library/Frameworks/CoreFoundation.framework/Versions/A/CoreFoundation
0x00007fff3b73d000 	/System/Library/Frameworks/Foundation.framework/Versions/C/Foundation
0x00007fff36347000 	/System/Library/Frameworks/AppKit.framework/Versions/C/AppKit
0x00007fff38b70000 	/System/Library/Frameworks/CoreData.framework/Versions/A/CoreData
0x00007fff69ebf000 	/System/Library/PrivateFrameworks/UIFoundation.framework/Versions/A/UIFoundation
0x00007fff64f6d000 	/System/Library/PrivateFrameworks/RemoteViewServices.framework/Versions/A/RemoteViewServices
0x00007fff6ca13000 	/System/Library/PrivateFrameworks/XCTTargetBootstrap.framework/Versions/A/XCTTargetBootstrap
0x00007fff38f5b000 	/System/Library/Frameworks/CoreDisplay.framework/Versions/A/CoreDisplay
0x00007fff3e5f6000 	/System/Library/Frameworks/Metal.framework/Versions/A/Metal
0x00007fff52fdc000 	/System/Library/PrivateFrameworks/DesktopServicesPriv.framework/Versions/A/DesktopServicesPriv
0x00007fff70fdb000 	/usr/lib/liblangid.dylib
0x00007fff52275000 	/System/Library/PrivateFrameworks/CoreSVG.framework/Versions/A/CoreSVG
0x00007fff680c3000 	/System/Library/PrivateFrameworks/SkyLight.framework/Versions/A/SkyLight
0x00007fff39508000 	/System/Library/Frameworks/CoreGraphics.framework/Versions/A/CoreGraphics
0x00007fff34d1b000 	/System/Library/Frameworks/Accelerate.framework/Versions/A/Accelerate
0x00007fff722cb000 	/usr/lib/libxml2.2.dylib
0x00007fff5df1f000 	/System/Library/PrivateFrameworks/IconServices.framework/Versions/A/IconServices
0x00007fff3bf1c000 	/System/Library/Frameworks/IOSurface.framework/Versions/A/IOSurface
0x00007fff6f9c8000 	/usr/lib/libDiagnosticMessagesClient.dylib
0x00007fff52e36000 	/System/Library/PrivateFrameworks/DFRFoundation.framework/Versions/A/DFRFoundation
0x00007fff70d6a000 	/usr/lib/libicucore.A.dylib
0x00007fff37488000 	/System/Library/Frameworks/AudioToolbox.framework/Versions/A/AudioToolbox
0x00007fff3756b000 	/System/Library/Frameworks/AudioUnit.framework/Versions/A/AudioUnit
0x00007fff700a0000 	/usr/lib/libauto.dylib
0x00007fff52ed8000 	/System/Library/PrivateFrameworks/DataDetectorsCore.framework/Versions/A/DataDetectorsCore
0x00007fff37d0d000 	/System/Library/Frameworks/Carbon.framework/Versions/A/Frameworks/HIToolbox.framework/Versions/A/HIToolbox
0x00007fff44bc6000 	/System/Library/Frameworks/QuartzCore.framework/Versions/A/QuartzCore
0x00007fff3804c000 	/System/Library/Frameworks/Carbon.framework/Versions/A/Frameworks/SpeechRecognition.framework/Versions/A/SpeechRecognition
0x00007fff5294d000 	/System/Library/PrivateFrameworks/CoreUI.framework/Versions/A/CoreUI
0x00007fff385db000 	/System/Library/Frameworks/CoreAudio.framework/Versions/A/CoreAudio
0x00007fff3b402000 	/System/Library/Frameworks/DiskArbitration.framework/Versions/A/DiskArbitration
0x00007fff5ff6c000 	/System/Library/PrivateFrameworks/MultitouchSupport.framework/Versions/A/MultitouchSupport
0x00007fff70c31000 	/usr/lib/libenergytrace.dylib
0x00007fff3be76000 	/System/Library/Frameworks/IOKit.framework/Versions/A/IOKit
0x00007fff3a46f000 	/System/Library/Frameworks/CoreServices.framework/Versions/A/CoreServices
0x00007fff62103000 	/System/Library/PrivateFrameworks/PerformanceAnalysis.framework/Versions/A/PerformanceAnalysis
0x00007fff43bf9000 	/System/Library/Frameworks/OpenGL.framework/Versions/A/OpenGL
0x00007fff381fa000 	/System/Library/Frameworks/ColorSync.framework/Versions/A/ColorSync
0x00007fff39b8a000 	/System/Library/Frameworks/CoreImage.framework/Versions/A/CoreImage
0x00007fff3aee1000 	/System/Library/Frameworks/CoreText.framework/Versions/A/CoreText
0x00007fff3bfac000 	/System/Library/Frameworks/ImageIO.framework/Versions/A/ImageIO
0x00007fff70200000 	/usr/lib/libcompression.dylib
0x00007fff6fd0c000 	/usr/lib/libMobileGestalt.dylib
0x00007fff69c38000 	/System/Library/PrivateFrameworks/TextureIO.framework/Versions/A/TextureIO
0x00007fff70003000 	/usr/lib/libate.dylib
0x00007fff5e128000 	/System/Library/PrivateFrameworks/InternationalSupport.framework/Versions/A/InternationalSupport
0x00007fff70fdd000 	/usr/lib/liblzma.5.dylib
0x00007fff70c58000 	/usr/lib/libfakelink.dylib
0x00007fff6ff90000 	/usr/lib/libarchive.2.dylib
0x00007fff46a79000 	/System/Library/Frameworks/SystemConfiguration.framework/Versions/A/SystemConfiguration
0x00007fff6f8fb000 	/usr/lib/libCRFSuite.dylib
0x00007fff378fe000 	/System/Library/Frameworks/CFNetwork.framework/Versions/A/CFNetwork
0x00007fff70166000 	/usr/lib/libbsm.0.dylib
0x00007fff72ed6000 	/usr/lib/system/libkxld.dylib
0x00007fff4c80b000 	/System/Library/PrivateFrameworks/AppleFSCompression.framework/Versions/A/AppleFSCompression
0x00007fff704f1000 	/usr/lib/libcoretls.dylib
0x00007fff70508000 	/usr/lib/libcoretls_cfhelpers.dylib
0x00007fff71d44000 	/usr/lib/libpam.2.dylib
0x00007fff71e79000 	/usr/lib/libsqlite3.dylib
0x00007fff722b8000 	/usr/lib/libxar.1.dylib
0x00007fff70177000 	/usr/lib/libbz2.1.0.dylib
0x00007fff70c79000 	/usr/lib/libiconv.2.dylib
0x00007fff701ed000 	/usr/lib/libcharset.1.dylib
0x00007fff717e3000 	/usr/lib/libnetwork.dylib
0x00007fff71d4b000 	/usr/lib/libpcap.A.dylib
0x00007fff6ff45000 	/usr/lib/libapple_nghttp2.dylib
0x00007fff3a826000 	/System/Library/Frameworks/CoreServices.framework/Versions/A/Frameworks/FSEvents.framework/Versions/A/FSEvents
0x00007fff3a4f6000 	/System/Library/Frameworks/CoreServices.framework/Versions/A/Frameworks/CarbonCore.framework/Versions/A/CarbonCore
0x00007fff3aa69000 	/System/Library/Frameworks/CoreServices.framework/Versions/A/Frameworks/Metadata.framework/Versions/A/Metadata
0x00007fff3ab02000 	/System/Library/Frameworks/CoreServices.framework/Versions/A/Frameworks/OSServices.framework/Versions/A/OSServices
0x00007fff3ab30000 	/System/Library/Frameworks/CoreServices.framework/Versions/A/Frameworks/SearchKit.framework/Versions/A/SearchKit
0x00007fff3a470000 	/System/Library/Frameworks/CoreServices.framework/Versions/A/Frameworks/AE.framework/Versions/A/AE
0x00007fff3a82f000 	/System/Library/Frameworks/CoreServices.framework/Versions/A/Frameworks/LaunchServices.framework/Versions/A/LaunchServices
0x00007fff3a7d8000 	/System/Library/Frameworks/CoreServices.framework/Versions/A/Frameworks/DictionaryServices.framework/Versions/A/DictionaryServices
0x00007fff3ab98000 	/System/Library/Frameworks/CoreServices.framework/Versions/A/Frameworks/SharedFileList.framework/Versions/A/SharedFileList
0x00007fff3fa19000 	/System/Library/Frameworks/NetFS.framework/Versions/A/NetFS
0x00007fff6049b000 	/System/Library/PrivateFrameworks/NetAuth.framework/Versions/A/NetAuth
0x00007fff6cde0000 	/System/Library/PrivateFrameworks/login.framework/Versions/A/Frameworks/loginsupport.framework/Versions/A/loginsupport
0x00007fff69705000 	/System/Library/PrivateFrameworks/TCC.framework/Versions/A/TCC
0x00007fff513e8000 	/System/Library/PrivateFrameworks/CoreNLP.framework/Versions/A/CoreNLP
0x00007fff5f99a000 	/System/Library/PrivateFrameworks/MetadataUtilities.framework/Versions/A/MetadataUtilities
0x00007fff710b5000 	/usr/lib/libmecabra.dylib
0x00007fff7100d000 	/usr/lib/libmecab.dylib
0x00007fff70c69000 	/usr/lib/libgermantok.dylib
0x00007fff6ff2c000 	/usr/lib/libThaiTokenizer.dylib
0x00007fff6f932000 	/usr/lib/libChineseTokenizer.dylib
0x00007fff34d33000 	/System/Library/Frameworks/Accelerate.framework/Versions/A/Frameworks/vImage.framework/Versions/A/vImage
0x00007fff3619d000 	/System/Library/Frameworks/Accelerate.framework/Versions/A/Frameworks/vecLib.framework/Versions/A/vecLib
0x00007fff360da000 	/System/Library/Frameworks/Accelerate.framework/Versions/A/Frameworks/vecLib.framework/Versions/A/libvMisc.dylib
0x00007fff35f02000 	/System/Library/Frameworks/Accelerate.framework/Versions/A/Frameworks/vecLib.framework/Versions/A/libvDSP.dylib
0x00007fff3538a000 	/System/Library/Frameworks/Accelerate.framework/Versions/A/Frameworks/vecLib.framework/Versions/A/libBLAS.dylib
0x00007fff35ac6000 	/System/Library/Frameworks/Accelerate.framework/Versions/A/Frameworks/vecLib.framework/Versions/A/libLAPACK.dylib
0x00007fff35e62000 	/System/Library/Frameworks/Accelerate.framework/Versions/A/Frameworks/vecLib.framework/Versions/A/libLinearAlgebra.dylib
0x00007fff35eef000 	/System/Library/Frameworks/Accelerate.framework/Versions/A/Frameworks/vecLib.framework/Versions/A/libSparseBLAS.dylib
0x00007fff35e78000 	/System/Library/Frameworks/Accelerate.framework/Versions/A/Frameworks/vecLib.framework/Versions/A/libQuadrature.dylib
0x00007fff355f2000 	/System/Library/Frameworks/Accelerate.framework/Versions/A/Frameworks/vecLib.framework/Versions/A/libBNNS.dylib
0x00007fff35e7e000 	/System/Library/Frameworks/Accelerate.framework/Versions/A/Frameworks/vecLib.framework/Versions/A/libSparse.dylib
0x00007fff5e510000 	/System/Library/PrivateFrameworks/LanguageModeling.framework/Versions/A/LanguageModeling
0x00007fff50d98000 	/System/Library/PrivateFrameworks/CoreEmoji.framework/Versions/A/CoreEmoji
0x00007fff5e62e000 	/System/Library/PrivateFrameworks/LinguisticData.framework/Versions/A/LinguisticData
0x00007fff5e5df000 	/System/Library/PrivateFrameworks/Lexicon.framework/Versions/A/Lexicon
0x00007fff701ee000 	/usr/lib/libcmph.dylib
0x00007fff42607000 	/System/Library/Frameworks/OpenDirectory.framework/Versions/A/Frameworks/CFOpenDirectory.framework/Versions/A/CFOpenDirectory
0x00007fff42624000 	/System/Library/Frameworks/OpenDirectory.framework/Versions/A/OpenDirectory
0x00007fff4aa44000 	/System/Library/PrivateFrameworks/APFS.framework/Versions/A/APFS
0x00007fff45d13000 	/System/Library/Frameworks/SecurityFoundation.framework/Versions/A/SecurityFoundation
0x00007fff722b4000 	/usr/lib/libutil.dylib
0x00007fff522cd000 	/System/Library/PrivateFrameworks/CoreServicesStore.framework/Versions/A/CoreServicesStore
0x00007fff45dca000 	/System/Library/Frameworks/ServiceManagement.framework/Versions/A/ServiceManagement
0x00007fff4dfd9000 	/System/Library/PrivateFrameworks/BackgroundTaskManagement.framework/Versions/A/BackgroundTaskManagement
0x00007fff723b1000 	/usr/lib/libxslt.1.dylib
0x00007fff4ce7d000 	/System/Library/PrivateFrameworks/AppleSystemInfo.framework/Versions/A/AppleSystemInfo
0x00007fff3c1c7000 	/System/Library/Frameworks/ImageIO.framework/Versions/A/Resources/libJPEG.dylib
0x00007fff3c483000 	/System/Library/Frameworks/ImageIO.framework/Versions/A/Resources/libTIFF.dylib
0x00007fff3c466000 	/System/Library/Frameworks/ImageIO.framework/Versions/A/Resources/libPng.dylib
0x00007fff3c109000 	/System/Library/Frameworks/ImageIO.framework/Versions/A/Resources/libGIF.dylib
0x00007fff3c10d000 	/System/Library/Frameworks/ImageIO.framework/Versions/A/Resources/libJP2.dylib
0x00007fff3c481000 	/System/Library/Frameworks/ImageIO.framework/Versions/A/Resources/libRadiance.dylib
0x00007fff70c32000 	/usr/lib/libexpat.1.dylib
0x00007fff4c966000 	/System/Library/PrivateFrameworks/AppleJPEG.framework/Versions/A/AppleJPEG
0x00007fff55592000 	/System/Library/PrivateFrameworks/FontServices.framework/libFontParser.dylib
0x00007fff6bde6000 	/System/Library/PrivateFrameworks/WatchdogClient.framework/Versions/A/WatchdogClient
0x00007fff5db6c000 	/System/Library/PrivateFrameworks/IOAccelerator.framework/Versions/A/IOAccelerator
0x00007fff3e991000 	/System/Library/Frameworks/MetalPerformanceShaders.framework/Versions/A/MetalPerformanceShaders
0x00007fff5a305000 	/System/Library/PrivateFrameworks/GPUWrangler.framework/Versions/A/GPUWrangler
0x00007fff5db81000 	/System/Library/PrivateFrameworks/IOPresentment.framework/Versions/A/IOPresentment
0x00007fff52e49000 	/System/Library/PrivateFrameworks/DSExternalDisplay.framework/Versions/A/DSExternalDisplay
0x00007fff42f98000 	/System/Library/Frameworks/OpenGL.framework/Versions/A/Libraries/libCoreFSCache.dylib
0x00007fff3e6dd000 	/System/Library/Frameworks/MetalPerformanceShaders.framework/Frameworks/MPSCore.framework/Versions/A/MPSCore
0x00007fff3e71b000 	/System/Library/Frameworks/MetalPerformanceShaders.framework/Frameworks/MPSImage.framework/Versions/A/MPSImage
0x00007fff3e7e2000 	/System/Library/Frameworks/MetalPerformanceShaders.framework/Frameworks/MPSNeuralNetwork.framework/Versions/A/MPSNeuralNetwork
0x00007fff3e7a6000 	/System/Library/Frameworks/MetalPerformanceShaders.framework/Frameworks/MPSMatrix.framework/Versions/A/MPSMatrix
0x00007fff3e941000 	/System/Library/Frameworks/MetalPerformanceShaders.framework/Frameworks/MPSRayIntersector.framework/Versions/A/MPSRayIntersector
0x00007fff3e7cc000 	/System/Library/Frameworks/MetalPerformanceShaders.framework/Frameworks/MPSNDArray.framework/Versions/A/MPSNDArray
0x00007fff5f9e7000 	/System/Library/PrivateFrameworks/MetalTools.framework/Versions/A/MetalTools
0x00007fff4bc16000 	/System/Library/PrivateFrameworks/AggregateDictionary.framework/Versions/A/AggregateDictionary
0x00007fff507f2000 	/System/Library/PrivateFrameworks/CoreAnalytics.framework/Versions/A/CoreAnalytics
0x00007fff4cd9c000 	/System/Library/PrivateFrameworks/AppleSauce.framework/Versions/A/AppleSauce
0x00007fff6fbee000 	/usr/lib/libIOReport.dylib
0x00007fff3b099000 	/System/Library/Frameworks/CoreVideo.framework/Versions/A/CoreVideo
0x00007fff5b77f000 	/System/Library/PrivateFrameworks/GraphVisualizer.framework/Versions/A/GraphVisualizer
0x00007fff54ae6000 	/System/Library/PrivateFrameworks/FaceCore.framework/Versions/A/FaceCore
0x00007fff425ae000 	/System/Library/Frameworks/OpenCL.framework/Versions/A/OpenCL
0x00007fff6fa10000 	/usr/lib/libFosl_dynamic.dylib
0x00007fff60eb0000 	/System/Library/PrivateFrameworks/OTSVG.framework/Versions/A/OTSVG
0x00007fff3725b000 	/System/Library/Frameworks/ApplicationServices.framework/Versions/A/Frameworks/ATS.framework/Versions/A/Resources/libFontRegistry.dylib
0x00007fff55763000 	/System/Library/PrivateFrameworks/FontServices.framework/libhvf.dylib
0x00007fff42fa3000 	/System/Library/Frameworks/OpenGL.framework/Versions/A/Libraries/libGFXShared.dylib
0x00007fff43181000 	/System/Library/Frameworks/OpenGL.framework/Versions/A/Libraries/libGLU.dylib
0x00007fff42fac000 	/System/Library/Frameworks/OpenGL.framework/Versions/A/Libraries/libGL.dylib
0x00007fff42fb7000 	/System/Library/Frameworks/OpenGL.framework/Versions/A/Libraries/libGLImage.dylib
0x00007fff42f95000 	/System/Library/Frameworks/OpenGL.framework/Versions/A/Libraries/libCVMSPluginSupport.dylib
0x00007fff42f9e000 	/System/Library/Frameworks/OpenGL.framework/Versions/A/Libraries/libCoreVMClient.dylib
0x00007fff71684000 	/usr/lib/libncurses.5.4.dylib
0x00007fff37157000 	/System/Library/Frameworks/ApplicationServices.framework/Versions/A/Frameworks/ATS.framework/Versions/A/ATS
0x00007fff37324000 	/System/Library/Frameworks/ApplicationServices.framework/Versions/A/Frameworks/ColorSyncLegacy.framework/Versions/A/ColorSyncLegacy
0x00007fff373c2000 	/System/Library/Frameworks/ApplicationServices.framework/Versions/A/Frameworks/HIServices.framework/Versions/A/HIServices
0x00007fff3741a000 	/System/Library/Frameworks/ApplicationServices.framework/Versions/A/Frameworks/LangAnalysis.framework/Versions/A/LangAnalysis
0x00007fff37429000 	/System/Library/Frameworks/ApplicationServices.framework/Versions/A/Frameworks/PrintCore.framework/Versions/A/PrintCore
0x00007fff3746f000 	/System/Library/Frameworks/ApplicationServices.framework/Versions/A/Frameworks/QD.framework/Versions/A/QD
0x00007fff3747a000 	/System/Library/Frameworks/ApplicationServices.framework/Versions/A/Frameworks/SpeechSynthesis.framework/Versions/A/SpeechSynthesis
0x00007fff372f4000 	/System/Library/Frameworks/ApplicationServices.framework/Versions/A/Frameworks/ATSUI.framework/Versions/A/ATSUI
0x00007fff70ac6000 	/usr/lib/libcups.2.dylib
0x00007fff3da2e000 	/System/Library/Frameworks/Kerberos.framework/Versions/A/Kerberos
0x00007fff3bb6f000 	/System/Library/Frameworks/GSS.framework/Versions/A/GSS
0x00007fff71e05000 	/usr/lib/libresolv.9.dylib
0x00007fff5b92d000 	/System/Library/PrivateFrameworks/Heimdal.framework/Versions/A/Heimdal
0x00007fff3da41000 	/System/Library/Frameworks/Kerberos.framework/Versions/A/Libraries/libHeimdalProxy.dylib
0x00007fff70c6f000 	/usr/lib/libheimdal-asn1.dylib
0x00007fff4fc8b000 	/System/Library/PrivateFrameworks/CommonAuth.framework/Versions/A/CommonAuth
0x00007fff4cf1a000 	/System/Library/PrivateFrameworks/AssertionServices.framework/Versions/A/AssertionServices
0x00007fff4dabc000 	/System/Library/PrivateFrameworks/AudioToolboxCore.framework/Versions/A/AudioToolboxCore
0x00007fff6ca90000 	/System/Library/PrivateFrameworks/caulk.framework/Versions/A/caulk
0x00007fff4e085000 	/System/Library/PrivateFrameworks/BaseBoard.framework/Versions/A/BaseBoard
0x00007fff650fb000 	/System/Library/PrivateFrameworks/RunningBoardServices.framework/Versions/A/RunningBoardServices
0x00007fff6210f000 	/System/Library/PrivateFrameworks/PersistentConnection.framework/Versions/A/PersistentConnection
0x00007fff64af5000 	/System/Library/PrivateFrameworks/ProtocolBuffer.framework/Versions/A/ProtocolBuffer
0x00007fff4fcaf000 	/System/Library/PrivateFrameworks/CommonUtilities.framework/Versions/A/CommonUtilities
0x00007fff4e213000 	/System/Library/PrivateFrameworks/Bom.framework/Versions/A/Bom
0x00007fff6f8c1000 	/usr/lib/libAudioToolboxUtility.dylib
0x00007fff4dfe3000 	/System/Library/PrivateFrameworks/Backup.framework/Versions/A/Backup
0x00007fff52d6a000 	/System/Library/PrivateFrameworks/CrashReporterSupport.framework/Versions/A/CrashReporterSupport
0x00007fff66b89000 	/System/Library/PrivateFrameworks/Sharing.framework/Versions/A/Sharing
0x00007fff4c529000 	/System/Library/PrivateFrameworks/Apple80211.framework/Versions/A/Apple80211
0x00007fff4dd00000 	/System/Library/PrivateFrameworks/AuthKit.framework/Versions/A/AuthKit
0x00007fff52a7a000 	/System/Library/PrivateFrameworks/CoreUtils.framework/Versions/A/CoreUtils
0x00007fff3b0de000 	/System/Library/Frameworks/CoreWLAN.framework/Versions/A/CoreWLAN
0x00007fff3bcfc000 	/System/Library/Frameworks/IOBluetooth.framework/Versions/A/IOBluetooth
0x00007fff5fceb000 	/System/Library/PrivateFrameworks/MobileKeyBag.framework/Versions/A/MobileKeyBag
0x00007fff51880000 	/System/Library/PrivateFrameworks/CorePhoneNumbers.framework/Versions/A/CorePhoneNumbers
0x00007fff4c919000 	/System/Library/PrivateFrameworks/AppleIDAuthSupport.framework/Versions/A/AppleIDAuthSupport
0x00007fff3fa26000 	/System/Library/Frameworks/Network.framework/Versions/A/Network
0x00007fff5e3bc000 	/System/Library/PrivateFrameworks/KeychainCircle.framework/Versions/A/KeychainCircle
0x00007fff38b37000 	/System/Library/Frameworks/CoreBluetooth.framework/Versions/A/CoreBluetooth
0x00007fff68c06000 	/System/Library/PrivateFrameworks/SpeechRecognitionCore.framework/Versions/A/SpeechRecognitionCore
0x0000000103600000 	/Users/dgoptsii/Downloads/jdk-14.0.1.jdk/Contents/Home/lib/server/libjvm.dylib
0x0000000102af8000 	/Users/dgoptsii/Downloads/jdk-14.0.1.jdk/Contents/Home/lib/libjimage.dylib
0x0000000102b05000 	/Users/dgoptsii/Downloads/jdk-14.0.1.jdk/Contents/Home/lib/libinstrument.dylib
0x0000000102b15000 	/Users/dgoptsii/Downloads/jdk-14.0.1.jdk/Contents/Home/lib/libjava.dylib
0x0000000102bb5000 	/Users/dgoptsii/Downloads/jdk-14.0.1.jdk/Contents/Home/lib/libzip.dylib
0x000000012556a000 	/Users/dgoptsii/Downloads/jdk-14.0.1.jdk/Contents/Home/lib/libnio.dylib
0x000000012557d000 	/Users/dgoptsii/Downloads/jdk-14.0.1.jdk/Contents/Home/lib/libnet.dylib
0x000000012561d000 	/Users/dgoptsii/Downloads/jdk-14.0.1.jdk/Contents/Home/lib/libverify.dylib
0x000000012562c000 	/Users/dgoptsii/Downloads/jdk-14.0.1.jdk/Contents/Home/lib/libextnet.dylib
0x0000000125633000 	/Users/dgoptsii/Downloads/jdk-14.0.1.jdk/Contents/Home/lib/libawt.dylib
0x00000001256cf000 	/Users/dgoptsii/Downloads/jdk-14.0.1.jdk/Contents/Home/lib/libmlib_image.dylib
0x00007fff3da17000 	/System/Library/Frameworks/JavaVM.framework/Versions/A/Frameworks/JavaNativeFoundation.framework/Versions/A/JavaNativeFoundation
0x00007fff3da20000 	/System/Library/Frameworks/JavaVM.framework/Versions/A/Frameworks/JavaRuntimeSupport.framework/Versions/A/JavaRuntimeSupport
0x00007fff3da29000 	/System/Library/Frameworks/JavaVM.framework/Versions/A/JavaVM
0x00007fff5e1d3000 	/System/Library/PrivateFrameworks/JavaLaunching.framework/Versions/A/JavaLaunching
0x00007fff37d08000 	/System/Library/Frameworks/Carbon.framework/Versions/A/Carbon
0x00007fff5281f000 	/System/Library/PrivateFrameworks/CoreSymbolication.framework/Versions/A/CoreSymbolication
0x00007fff37d09000 	/System/Library/Frameworks/Carbon.framework/Versions/A/Frameworks/CommonPanels.framework/Versions/A/CommonPanels
0x00007fff38002000 	/System/Library/Frameworks/Carbon.framework/Versions/A/Frameworks/Help.framework/Versions/A/Help
0x00007fff38006000 	/System/Library/Frameworks/Carbon.framework/Versions/A/Frameworks/ImageCapture.framework/Versions/A/ImageCapture
0x00007fff3800d000 	/System/Library/Frameworks/Carbon.framework/Versions/A/Frameworks/OpenScripting.framework/Versions/A/OpenScripting
0x00007fff3800c000 	/System/Library/Frameworks/Carbon.framework/Versions/A/Frameworks/Ink.framework/Versions/A/Ink
0x00007fff38048000 	/System/Library/Frameworks/Carbon.framework/Versions/A/Frameworks/Print.framework/Versions/A/Print
0x00007fff38049000 	/System/Library/Frameworks/Carbon.framework/Versions/A/Frameworks/SecurityHI.framework/Versions/A/SecurityHI
0x00007fff52f9e000 	/System/Library/PrivateFrameworks/DebugSymbols.framework/Versions/A/DebugSymbols
0x000000012573b000 	/Users/dgoptsii/Downloads/jdk-14.0.1.jdk/Contents/Home/lib/libawt_lwawt.dylib
0x00000001257ed000 	/Users/dgoptsii/Downloads/jdk-14.0.1.jdk/Contents/Home/lib/libosxapp.dylib
0x00007fff3b5db000 	/System/Library/Frameworks/ExceptionHandling.framework/Versions/A/ExceptionHandling
0x0000000125814000 	/Users/dgoptsii/Downloads/jdk-14.0.1.jdk/Contents/Home/lib/libfontmanager.dylib
0x000000012591a000 	/Users/dgoptsii/Downloads/jdk-14.0.1.jdk/Contents/Home/lib/libfreetype.dylib
0x00007fff52299000 	/System/Library/PrivateFrameworks/CoreServicesInternal.framework/Versions/A/CoreServicesInternal
0x00007fff3b5fa000 	/System/Library/Frameworks/FileProvider.framework/Versions/A/FileProvider
0x00007fff3619e000 	/System/Library/Frameworks/Accounts.framework/Versions/A/Accounts
0x00007fff5a62a000 	/System/Library/PrivateFrameworks/GenerationalStorage.framework/Versions/A/GenerationalStorage
0x00007fff69446000 	/System/Library/PrivateFrameworks/SymptomDiagnosticReporter.framework/Versions/A/SymptomDiagnosticReporter
0x00007fff4c02e000 	/System/Library/PrivateFrameworks/AppContainer.framework/Versions/A/AppContainer
0x00007fff71e1f000 	/usr/lib/libsandbox.1.dylib
0x00007fff6ad8a000 	/System/Library/PrivateFrameworks/UserManagement.framework/Versions/A/UserManagement
0x00007fff4edcb000 	/System/Library/PrivateFrameworks/ChunkingLibrary.framework/Versions/A/ChunkingLibrary
0x00007fff4c0a0000 	/System/Library/PrivateFrameworks/AppSandbox.framework/Versions/A/AppSandbox
0x00007fff66a13000 	/System/Library/PrivateFrameworks/SecCodeWrapper.framework/Versions/A/SecCodeWrapper
0x00007fff6fcd6000 	/usr/lib/libMatch.1.dylib
0x00007fff2c107000 	/System/Library/CoreServices/RawCamera.bundle/Contents/MacOS/RawCamera
0x00007fff5fb15000 	/System/Library/PrivateFrameworks/MobileAsset.framework/Versions/A/MobileAsset
0x00007fff692ee000 	/System/Library/PrivateFrameworks/StreamingZip.framework/Versions/A/StreamingZip
0x00007fff3dea9000 	/System/Library/Frameworks/MediaToolbox.framework/Versions/A/MediaToolbox
0x00007fff507a2000 	/System/Library/PrivateFrameworks/CoreAVCHD.framework/Versions/A/CoreAVCHD
0x00007fff3ddd3000 	/System/Library/Frameworks/MediaAccessibility.framework/Versions/A/MediaAccessibility
0x00007fff5eecb000 	/System/Library/PrivateFrameworks/Mangrove.framework/Versions/A/Mangrove
0x00007fff3a2a6000 	/System/Library/Frameworks/CoreMedia.framework/Versions/A/CoreMedia
0x00007fff5f137000 	/System/Library/PrivateFrameworks/MediaExperience.framework/Versions/A/MediaExperience
0x00007fff46d66000 	/System/Library/Frameworks/VideoToolbox.framework/Versions/A/VideoToolbox
0x00007fff503cc000 	/System/Library/PrivateFrameworks/CoreAUC.framework/Versions/A/CoreAUC
0x00007fff71e77000 	/usr/lib/libspindump.dylib
0x00007fff4d46b000 	/System/Library/PrivateFrameworks/AudioResourceArbitration.framework/Versions/A/AudioResourceArbitration
0x00007fff4ce81000 	/System/Library/PrivateFrameworks/AppleVA.framework/Versions/A/AppleVA
0x00007fff34d1c000 	/System/Library/Frameworks/Accelerate.framework/Versions/A/Frameworks/vImage.framework/Versions/A/Libraries/libCGInterfaces.dylib
0x0000000127616000 	/usr/lib/libobjc-trampolines.dylib
0x00007fff556ca000 	/System/Library/PrivateFrameworks/FontServices.framework/libTrueTypeScaler.dylib
0x00007fff2e88e000 	/System/Library/Extensions/AppleIntelBDWGraphicsMTLDriver.bundle/Contents/MacOS/AppleIntelBDWGraphicsMTLDriver
0x00007fff58c54000 	/System/Library/PrivateFrameworks/GPUCompiler.framework/Versions/3902/Libraries/libmetal_timestamp.dylib
0x00007fff6bb56000 	/System/Library/PrivateFrameworks/ViewBridge.framework/Versions/A/ViewBridge
0x00000001286bb000 	/Users/dgoptsii/Game/natives/liblwjgl.dylib
0x000000012873d000 	/Users/dgoptsii/Downloads/jdk-14.0.1.jdk/Contents/Home/lib/libjawt.dylib
0x0000000128744000 	/Users/dgoptsii/Game/natives/openal.dylib
0x00000001287aa000 	/System/Library/Components/CoreAudio.component/Contents/MacOS/CoreAudio
0x00007fff4d9a5000 	/System/Library/PrivateFrameworks/AudioSession.framework/Versions/A/AudioSession
0x00007fff4d9f7000 	/System/Library/PrivateFrameworks/AudioSession.framework/libSessionUtility.dylib
0x0000000128952000 	/System/Library/Extensions/AppleHDA.kext/Contents/PlugIns/AppleHDAHALPlugIn.bundle/Contents/MacOS/AppleHDAHALPlugIn
0x00007fff43c09000 	/System/Library/Frameworks/OpenGL.framework/Versions/A/Resources/GLEngine.bundle/GLEngine
0x00007fff42fec000 	/System/Library/Frameworks/OpenGL.framework/Versions/A/Libraries/libGLProgrammability.dylib
0x00007fff2e389000 	/System/Library/Extensions/AppleIntelBDWGraphicsGLDriver.bundle/Contents/MacOS/AppleIntelBDWGraphicsGLDriver
0x00007fff5a2f9000 	/System/Library/PrivateFrameworks/GPUSupport.framework/Versions/A/Libraries/libGPUSupportMercury.dylib
0x00007fff43d83000 	/System/Library/Frameworks/OpenGL.framework/Versions/A/Resources/GLRendererFloat.bundle/GLRendererFloat
0x00007fff425a5000 	/System/Library/Frameworks/OpenCL.framework/Versions/A/Libraries/libcldcpuengine.dylib
0x00007fff6cde3000 	/System/Library/PrivateFrameworks/login.framework/Versions/A/login


VM Arguments:
jvm_args: -Djava.library.path=/Users/dgoptsii/Game/natives:/Users/dgoptsii/Game/Libary -javaagent:/Applications/IntelliJ IDEA CE.app/Contents/lib/idea_rt.jar=56582:/Applications/IntelliJ IDEA CE.app/Contents/bin -Dfile.encoding=UTF-8 
java_command: Game.SetupGame
java_class_path (initial): /Users/dgoptsii/Game/out/production/GAME:/Users/dgoptsii/Game/Libary/Pack200Task.jar:/Users/dgoptsii/Game/libs/ibxm.jar:/Users/dgoptsii/Game/libs/jnlp.jar:/Users/dgoptsii/Game/libs/lwjgl.jar:/Users/dgoptsii/Game/libs/slick.jar:/Users/dgoptsii/Game/libs/jinput.jar:/Users/dgoptsii/Game/libs/jogg-0.0.7.jar:/Users/dgoptsii/Game/libs/lwjgl_util.jar:/Users/dgoptsii/Game/libs/tinylinepp.jar:/Users/dgoptsii/Game/libs/natives-mac.jar:/Users/dgoptsii/Game/libs/jorbis-0.0.15.jar:/Users/dgoptsii/Game/libs/natives-linux.jar:/Users/dgoptsii/Game/libs/slick-examples.jar:/Users/dgoptsii/Game/libs/natives-windows.jar:/Users/dgoptsii/Game/libs/lwjgl_util_applet.jar
Launcher Type: SUN_STANDARD

[Global flags]
     intx CICompilerCount                          = 3                                         {product} {ergonomic}
     uint ConcGCThreads                            = 1                                         {product} {ergonomic}
     uint G1ConcRefinementThreads                  = 4                                         {product} {ergonomic}
   size_t G1HeapRegionSize                         = 1048576                                   {product} {ergonomic}
    uintx GCDrainStackTargetSize                   = 64                                        {product} {ergonomic}
   size_t InitialHeapSize                          = 134217728                                 {product} {ergonomic}
   size_t MarkStackSize                            = 4194304                                   {product} {ergonomic}
   size_t MaxHeapSize                              = 2147483648                                {product} {ergonomic}
   size_t MaxNewSize                               = 1287651328                                {product} {ergonomic}
   size_t MinHeapDeltaBytes                        = 1048576                                   {product} {ergonomic}
   size_t MinHeapSize                              = 8388608                                   {product} {ergonomic}
    uintx NonNMethodCodeHeapSize                   = 5832780                                {pd product} {ergonomic}
    uintx NonProfiledCodeHeapSize                  = 122912730                              {pd product} {ergonomic}
    uintx ProfiledCodeHeapSize                     = 122912730                              {pd product} {ergonomic}
    uintx ReservedCodeCacheSize                    = 251658240                              {pd product} {ergonomic}
     bool SegmentedCodeCache                       = true                                      {product} {ergonomic}
   size_t SoftMaxHeapSize                          = 2147483648                             {manageable} {ergonomic}
     bool UseCompressedClassPointers               = true                                 {lp64_product} {ergonomic}
     bool UseCompressedOops                        = true                                 {lp64_product} {ergonomic}
     bool UseG1GC                                  = true                                      {product} {ergonomic}

Logging:
Log output configuration:
 #0: stdout all=warning uptime,level,tags
 #1: stderr all=off uptime,level,tags

Environment Variables:
PATH=/usr/local/bin:/usr/bin:/bin:/usr/sbin:/sbin
SHELL=/bin/bash

Signal Handlers:
SIGSEGV: [libjvm.dylib+0x741580], sa_mask[0]=11111111011111110111111111111111, sa_flags=SA_ONSTACK|SA_RESTART|SA_SIGINFO
SIGBUS: [libjvm.dylib+0x741580], sa_mask[0]=11111111011111110111111111111111, sa_flags=SA_RESTART|SA_SIGINFO
SIGFPE: [libjvm.dylib+0x741580], sa_mask[0]=11111111011111110111111111111111, sa_flags=SA_RESTART|SA_SIGINFO
SIGPIPE: [libjvm.dylib+0x5eb3a3], sa_mask[0]=11111111011111110111111111111111, sa_flags=SA_RESTART|SA_SIGINFO
SIGXFSZ: [libjvm.dylib+0x5eb3a3], sa_mask[0]=11111111011111110111111111111111, sa_flags=SA_RESTART|SA_SIGINFO
SIGILL: [libjvm.dylib+0x741580], sa_mask[0]=11111111011111110111111111111111, sa_flags=SA_RESTART|SA_SIGINFO
SIGUSR2: [libjvm.dylib+0x5eb975], sa_mask[0]=00100000000000000000000000000000, sa_flags=SA_RESTART|SA_SIGINFO
SIGHUP: [libjvm.dylib+0x5ea9d7], sa_mask[0]=11111111011111110111111111111111, sa_flags=SA_RESTART|SA_SIGINFO
SIGINT: [libjvm.dylib+0x5ea9d7], sa_mask[0]=11111111011111110111111111111111, sa_flags=SA_RESTART|SA_SIGINFO
SIGTERM: [libjvm.dylib+0x5ea9d7], sa_mask[0]=11111111011111110111111111111111, sa_flags=SA_RESTART|SA_SIGINFO
SIGQUIT: [libjvm.dylib+0x5ea9d7], sa_mask[0]=11111111011111110111111111111111, sa_flags=SA_RESTART|SA_SIGINFO


---------------  S Y S T E M  ---------------

OS:uname:Darwin 19.4.0 Darwin Kernel Version 19.4.0: Wed Mar  4 22:28:40 PST 2020; root:xnu-6153.101.6~15/RELEASE_X86_64 x86_64
OS uptime: 2 days 23:35 hours
rlimit: STACK 8192k, CORE 0k, NPROC 1392, NOFILE 10240, AS infinity, DATA infinity, FSIZE infinity
load average:2.67 5.85 5.62

CPU:total 4 (initial active 4) (2 cores per cpu, 2 threads per core) family 6 model 61 stepping 4, cmov, cx8, fxsr, mmx, sse, sse2, sse3, ssse3, sse4.1, sse4.2, popcnt, avx, avx2, aes, clmul, erms, 3dnowpref, lzcnt, ht, tsc, tscinvbit, bmi1, bmi2, adx, fma

Memory: 4k page, physical 8388608k(378356k free), swap 5242880k(1341696k free)

vm_info: OpenJDK 64-Bit Server VM (14.0.1+7) for bsd-amd64 JRE (14.0.1+7), built on Mar  5 2020 10:34:43 by "mach5one" with clang 4.2.1 Compatible Apple LLVM 10.0.0 (clang-1000.11.45.5)

END.
