#
# There is insufficient memory for the Java Runtime Environment to continue.
# Native memory allocation (mmap) failed to map 132120576 bytes for Failed to commit area from 0x0000000082a00000 to 0x000000008a800000 of length 132120576.
# Possible reasons:
#   The system is out of physical RAM or swap space
#   The process is running with CompressedOops enabled, and the Java Heap may be blocking the growth of the native heap
# Possible solutions:
#   Reduce memory load on the system
#   Increase physical memory or swap space
#   Check if swap backing store is full
#   Decrease Java heap size (-Xmx/-Xms)
#   Decrease number of Java threads
#   Decrease Java thread stack sizes (-Xss)
#   Set larger code cache with -XX:ReservedCodeCacheSize=
#   JVM is running with Unscaled Compressed Oops mode in which the Java heap is
#     placed in the first 4GB address space. The Java Heap base address is the
#     maximum limit for the native heap growth. Please use -XX:HeapBaseMinAddress
#     to set the Java Heap base and to place the Java Heap above 4GB virtual address.
# This output file may be truncated or incomplete.
#
#  Out of Memory Error (./open/src/hotspot/os/windows/os_windows.cpp:3315), pid=8796, tid=2716
#
# JRE version:  (14.0.1+7) (build )
# Java VM: OpenJDK 64-Bit Server VM (14.0.1+7, mixed mode, sharing, tiered, compressed oops, g1 gc, windows-amd64)
# No core dump will be written. Minidumps are not enabled by default on client versions of Windows
#

---------------  S U M M A R Y ------------

Command Line: -Djava.library.path=C:\Users\Win10Pro\workspace_idea\Game\natives;C:\Users\Win10Pro\workspace_idea\Game\Libary -javaagent:C:\Program Files\JetBrains\IntelliJ IDEA Community Edition 2019.3.4\lib\idea_rt.jar=57656:C:\Program Files\JetBrains\IntelliJ IDEA Community Edition 2019.3.4\bin -Dfile.encoding=UTF-8 Game.SetupGame

Host: Intel(R) Core(TM) i5-8250U CPU @ 1.60GHz, 8 cores, 7G,  Windows 10 , 64 bit Build 18362 (10.0.18362.86)
Time: Thu May 21 19:11:39 2020 O?ieyia?y (e?oi) elapsed time: 0 seconds (0d 0h 0m 0s)

---------------  T H R E A D  ---------------

Current thread (0x00000219d44bd800):  JavaThread "Unknown thread" [_thread_in_vm, id=2716, stack(0x0000009776000000,0x0000009776100000)]

Stack: [0x0000009776000000,0x0000009776100000]
Native frames: (J=compiled Java code, j=interpreted, Vv=VM code, C=native code)
V  [jvm.dll+0x5f840a]
V  [jvm.dll+0x741e4a]
V  [jvm.dll+0x7435ff]
V  [jvm.dll+0x743c43]
V  [jvm.dll+0x20d288]
V  [jvm.dll+0x5f57ba]
V  [jvm.dll+0x5ea615]
V  [jvm.dll+0x2c7e9c]
V  [jvm.dll+0x2c7cd2]
V  [jvm.dll+0x2cdbbc]
V  [jvm.dll+0x313ff8]
V  [jvm.dll+0x313720]
V  [jvm.dll+0x2a092a]
V  [jvm.dll+0x2a1a79]
V  [jvm.dll+0x71f718]
V  [jvm.dll+0x321c44]
V  [jvm.dll+0x700b0c]
V  [jvm.dll+0x392dff]
V  [jvm.dll+0x394e71]
C  [jli.dll+0x523b]
C  [ucrtbase.dll+0x1d912]
C  [KERNEL32.DLL+0x17bd4]
C  [ntdll.dll+0x6ce71]


---------------  P R O C E S S  ---------------

Threads class SMR info:
_java_thread_list=0x00007ffc61403078, length=0, elements={
}

Java Threads: ( => current thread )

Other Threads:
  0x00000219d4500000 GCTaskThread "GC Thread#0" [stack: 0x0000009776100000,0x0000009776200000] [id=13812]
  0x00000219d4512000 ConcurrentGCThread "G1 Main Marker" [stack: 0x0000009776200000,0x0000009776300000] [id=1580]
  0x00000219d4513000 ConcurrentGCThread "G1 Conc#0" [stack: 0x0000009776300000,0x0000009776400000] [id=15284]

[error occurred during error reporting (printing all threads), id 0xc0000005, EXCEPTION_ACCESS_VIOLATION (0xc0000005) at pc=0x00007ffc60c31257]

VM state:not at safepoint (not fully initialized)

VM Mutex/Monitor currently owned by a thread:  ([mutex/lock_event])
[0x00000219d44ba3a0] Heap_lock - owner thread: 0x00000219d44bd800

Heap address: 0x0000000082a00000, size: 2006 MB, Compressed Oops mode: 32-bit
Narrow klass base: 0x0000000000000000, Narrow klass shift: 0

GC Heap History (0 events):
No events

Deoptimization events (0 events):
No events

Classes unloaded (0 events):
No events

Classes redefined (0 events):
No events

Internal exceptions (0 events):
No events

Events (2 events):
Event: 0.008 Loaded shared library C:\Program Files\Java\jdk-14.0.1\bin\java.dll
Event: 0.008 Loaded shared library C:\Program Files\Java\jdk-14.0.1\bin\zip.dll


Dynamic libraries:
0x00007ff6f9ea0000 - 0x00007ff6f9ead000 	C:\Program Files\Java\jdk-14.0.1\bin\java.exe
0x00007ffca42e0000 - 0x00007ffca44d0000 	C:\Windows\SYSTEM32\ntdll.dll
0x00007ffca28b0000 - 0x00007ffca2962000 	C:\Windows\System32\KERNEL32.DLL
0x00007ffca17c0000 - 0x00007ffca1a63000 	C:\Windows\System32\KERNELBASE.dll
0x00007ffca2270000 - 0x00007ffca236a000 	C:\Windows\System32\ucrtbase.dll
0x00007ffc9a1d0000 - 0x00007ffc9a1e8000 	C:\Program Files\Java\jdk-14.0.1\bin\jli.dll
0x00007ffc99fd0000 - 0x00007ffc99fe5000 	C:\Program Files\Java\jdk-14.0.1\bin\VCRUNTIME140.dll
0x00007ffca2990000 - 0x00007ffca2b23000 	C:\Windows\System32\USER32.dll
0x00007ffc90160000 - 0x00007ffc903e5000 	C:\Windows\WinSxS\amd64_microsoft.windows.common-controls_6595b64144ccf1df_6.0.18362.207_none_e6c5ae95130e4267\COMCTL32.dll
0x00007ffca1270000 - 0x00007ffca1291000 	C:\Windows\System32\win32u.dll
0x00007ffca3560000 - 0x00007ffca35fe000 	C:\Windows\System32\msvcrt.dll
0x00007ffca2b40000 - 0x00007ffca2b66000 	C:\Windows\System32\GDI32.dll
0x00007ffca3100000 - 0x00007ffca3436000 	C:\Windows\System32\combase.dll
0x00007ffca1330000 - 0x00007ffca14c4000 	C:\Windows\System32\gdi32full.dll
0x00007ffca3440000 - 0x00007ffca3560000 	C:\Windows\System32\RPCRT4.dll
0x00007ffca1670000 - 0x00007ffca170e000 	C:\Windows\System32\msvcp_win.dll
0x00007ffca12a0000 - 0x00007ffca1321000 	C:\Windows\System32\bcryptPrimitives.dll
0x00007ffca3600000 - 0x00007ffca362e000 	C:\Windows\System32\IMM32.DLL
0x00007ffc82a70000 - 0x00007ffc82b0b000 	C:\Program Files\Java\jdk-14.0.1\bin\msvcp140.dll
0x00007ffc60980000 - 0x00007ffc6149e000 	C:\Program Files\Java\jdk-14.0.1\bin\server\jvm.dll
0x00007ffca2b80000 - 0x00007ffca2c23000 	C:\Windows\System32\ADVAPI32.dll
0x00007ffca2480000 - 0x00007ffca2517000 	C:\Windows\System32\sechost.dll
0x00007ffca23a0000 - 0x00007ffca23a8000 	C:\Windows\System32\PSAPI.DLL
0x00007ffc9cf20000 - 0x00007ffc9cf29000 	C:\Windows\SYSTEM32\WSOCK32.dll
0x00007ffc9c6f0000 - 0x00007ffc9c714000 	C:\Windows\SYSTEM32\WINMM.dll
0x00007ffca2840000 - 0x00007ffca28af000 	C:\Windows\System32\WS2_32.dll
0x00007ffc9a570000 - 0x00007ffc9a57a000 	C:\Windows\SYSTEM32\VERSION.dll
0x00007ffc9c5e0000 - 0x00007ffc9c60d000 	C:\Windows\SYSTEM32\winmmbase.dll
0x00007ffca1620000 - 0x00007ffca166a000 	C:\Windows\System32\cfgmgr32.dll
0x00007ffca11c0000 - 0x00007ffca11d1000 	C:\Windows\System32\kernel.appcore.dll
0x00007ffc9cf00000 - 0x00007ffc9cf0a000 	C:\Program Files\Java\jdk-14.0.1\bin\jimage.dll
0x00007ffc9fb30000 - 0x00007ffc9fd24000 	C:\Windows\SYSTEM32\DBGHELP.DLL
0x00007ffc9bf50000 - 0x00007ffc9bf7a000 	C:\Windows\SYSTEM32\dbgcore.DLL
0x00007ffc9bfa0000 - 0x00007ffc9bfae000 	C:\Program Files\Java\jdk-14.0.1\bin\instrument.dll
0x00007ffc916e0000 - 0x00007ffc91705000 	C:\Program Files\Java\jdk-14.0.1\bin\java.dll
0x00007ffc99e50000 - 0x00007ffc99e66000 	C:\Program Files\Java\jdk-14.0.1\bin\zip.dll

dbghelp: loaded successfully - version: 4.0.5 - missing functions: none
symbol engine: initialized successfully - sym options: 0x614 - pdb path: .;C:\Program Files\Java\jdk-14.0.1\bin;C:\Windows\SYSTEM32;C:\Windows\WinSxS\amd64_microsoft.windows.common-controls_6595b64144ccf1df_6.0.18362.207_none_e6c5ae95130e4267;C:\Program Files\Java\jdk-14.0.1\bin\server

VM Arguments:
jvm_args: -Djava.library.path=C:\Users\Win10Pro\workspace_idea\Game\natives;C:\Users\Win10Pro\workspace_idea\Game\Libary -javaagent:C:\Program Files\JetBrains\IntelliJ IDEA Community Edition 2019.3.4\lib\idea_rt.jar=57656:C:\Program Files\JetBrains\IntelliJ IDEA Community Edition 2019.3.4\bin -Dfile.encoding=UTF-8 
java_command: Game.SetupGame
java_class_path (initial): C:\Users\Win10Pro\workspace_idea\Game\out\production\GAME;C:\Users\Win10Pro\workspace_idea\Game\Libary\Pack200Task.jar;C:\Users\Win10Pro\workspace_idea\Game\libs\ibxm.jar;C:\Users\Win10Pro\workspace_idea\Game\libs\jnlp.jar;C:\Users\Win10Pro\workspace_idea\Game\libs\lwjgl.jar;C:\Users\Win10Pro\workspace_idea\Game\libs\slick.jar;C:\Users\Win10Pro\workspace_idea\Game\libs\jinput.jar;C:\Users\Win10Pro\workspace_idea\Game\libs\jogg-0.0.7.jar;C:\Users\Win10Pro\workspace_idea\Game\libs\lwjgl_util.jar;C:\Users\Win10Pro\workspace_idea\Game\libs\tinylinepp.jar;C:\Users\Win10Pro\workspace_idea\Game\libs\natives-mac.jar;C:\Users\Win10Pro\workspace_idea\Game\libs\jorbis-0.0.15.jar;C:\Users\Win10Pro\workspace_idea\Game\libs\natives-linux.jar;C:\Users\Win10Pro\workspace_idea\Game\libs\slick-examples.jar;C:\Users\Win10Pro\workspace_idea\Game\libs\natives-windows.jar;C:\Users\Win10Pro\workspace_idea\Game\libs\lwjgl_util_applet.jar
Launcher Type: SUN_STANDARD

[Global flags]
     intx CICompilerCount                          = 4                                         {product} {ergonomic}
     uint ConcGCThreads                            = 2                                         {product} {ergonomic}
     uint G1ConcRefinementThreads                  = 8                                         {product} {ergonomic}
   size_t G1HeapRegionSize                         = 1048576                                   {product} {ergonomic}
    uintx GCDrainStackTargetSize                   = 64                                        {product} {ergonomic}
   size_t InitialHeapSize                          = 132120576                                 {product} {ergonomic}
   size_t MarkStackSize                            = 4194304                                   {product} {ergonomic}
   size_t MaxHeapSize                              = 2103443456                                {product} {ergonomic}
   size_t MinHeapDeltaBytes                        = 1048576                                   {product} {ergonomic}
   size_t MinHeapSize                              = 8388608                                   {product} {ergonomic}
    uintx NonNMethodCodeHeapSize                   = 5839372                                {pd product} {ergonomic}
    uintx NonProfiledCodeHeapSize                  = 122909434                              {pd product} {ergonomic}
    uintx ProfiledCodeHeapSize                     = 122909434                              {pd product} {ergonomic}
    uintx ReservedCodeCacheSize                    = 251658240                              {pd product} {ergonomic}
     bool SegmentedCodeCache                       = true                                      {product} {ergonomic}
   size_t SoftMaxHeapSize                          = 2103443456                             {manageable} {ergonomic}
     bool UseCompressedClassPointers               = true                                 {lp64_product} {ergonomic}
     bool UseCompressedOops                        = true                                 {lp64_product} {ergonomic}
     bool UseG1GC                                  = true                                      {product} {ergonomic}
     bool UseLargePagesIndividualAllocation        = false                                  {pd product} {ergonomic}

Logging:
Log output configuration:
 #0: stdout all=warning uptime,level,tags
 #1: stderr all=off uptime,level,tags

Environment Variables:
JAVA_HOME=C:\Users\Win10Pro\Downloads\jdk-8u241-windows-x64
PATH="C:\Program Files (x86)\Common Files\Oracle\Java\javapath;C:\Users\Win10Pro\Downloads\jdk-8u241-windows-x64\bin";C:\Windows\system32;C:\Windows;C:\Windows\System32\Wbem;C:\Windows\System32\WindowsPowerShell\v1.0\;C:\Windows\System32\OpenSSH\;C:\Program Files\Git\cmd;C:\Users\Win10Pro\AppData\Local\Microsoft\WindowsApps;;C:\Program Files\JetBrains\IntelliJ IDEA Community Edition 2019.3.4\bin;
USERNAME=Win10Pro
OS=Windows_NT
PROCESSOR_IDENTIFIER=Intel64 Family 6 Model 142 Stepping 10, GenuineIntel



---------------  S Y S T E M  ---------------

OS: Windows 10 , 64 bit Build 18362 (10.0.18362.86)
OS uptime: 2 days 21:53 hours

CPU:total 8 (initial active 8) (4 cores per cpu, 2 threads per core) family 6 model 142 stepping 10, cmov, cx8, fxsr, mmx, sse, sse2, sse3, ssse3, sse4.1, sse4.2, popcnt, avx, avx2, aes, clmul, erms, 3dnowpref, lzcnt, ht, tsc, tscinvbit, bmi1, bmi2, adx, fma

Memory: 4k page, system-wide physical 8023M (2204M free)
TotalPageFile size 10071M (AvailPageFile size 118M)
current process WorkingSet (physical memory assigned to process): 10M, peak: 10M
current process commit charge ("private bytes"): 60M, peak: 186M

vm_info: OpenJDK 64-Bit Server VM (14.0.1+7) for windows-amd64 JRE (14.0.1+7), built on Mar  5 2020 10:30:04 by "mach5one" with MS VC++ 15.9 (VS2017)

END.
