#
# A fatal error has been detected by the Java Runtime Environment:
#
#  SIGSEGV (0xb) at pc=0x00007fff6e260890, pid=15151, tid=45571
#
# JRE version: OpenJDK Runtime Environment (14.0.1+7) (build 14.0.1+7)
# Java VM: OpenJDK 64-Bit Server VM (14.0.1+7, mixed mode, sharing, tiered, compressed oops, g1 gc, bsd-amd64)
# Problematic frame:
# C  [libxpc.dylib+0x7890]  _xpc_dictionary_serialize_apply+0xb4
#
# No core dump will be written. Core dumps have been disabled. To enable core dumping, try "ulimit -c unlimited" before starting Java again
#
# If you would like to submit a bug report, please visit:
#   https://bugreport.java.com/bugreport/crash.jsp
#

---------------  S U M M A R Y ------------

Command Line: -Djava.library.path=/Users/dgoptsii/Game/natives:/Users/dgoptsii/Game/Libary -javaagent:/Applications/IntelliJ IDEA CE.app/Contents/lib/idea_rt.jar=65048:/Applications/IntelliJ IDEA CE.app/Contents/bin -Dfile.encoding=UTF-8 Game.SetupGame

Host: MacBookPro12,1 x86_64 2700 MHz, 4 cores, 8G, Darwin 19.4.0
Time: Fri May 22 14:29:32 2020 EEST elapsed time: 1 seconds (0d 0h 0m 1s)

---------------  T H R E A D  ---------------

Current thread is native thread

Stack: [0x0000700008379000,0x00007000083f9000],  sp=0x00007000083f85f0,  free space=509k
Native frames: (J=compiled Java code, A=aot compiled Java code, j=interpreted, Vv=VM code, C=native code)
C  [libxpc.dylib+0x7890]  _xpc_dictionary_serialize_apply+0xb4
C  [libxpc.dylib+0x7309]  _xpc_dictionary_apply_node_f+0x84
C  [libxpc.dylib+0x766b]  _xpc_dictionary_serialize+0x8f
C  [libxpc.dylib+0x7896]  _xpc_dictionary_serialize_apply+0xba
C  [libxpc.dylib+0x7309]  _xpc_dictionary_apply_node_f+0x84
C  [libxpc.dylib+0x766b]  _xpc_dictionary_serialize+0x8f
C  [libxpc.dylib+0x6fe9]  _xpc_serializer_pack+0x20e
C  [libxpc.dylib+0xba93]  _xpc_connection_pack_message+0x72
C  [libxpc.dylib+0xc9d3]  xpc_connection_send_message+0x49
C  [CoreAnalytics+0x32a2]  _ZZN10applesauce8dispatch2v15asyncIZNKS0_13ManagedObjectIN13CoreAnalytics6ClientEE15execute_wrappedIZNKS5_14sendXpcMessageENS_3xpc4dictEE3$_3EEvOT_EUlvE_EEvP16dispatch_queue_sSC_ENUlPvE_8__invokeESG_+0x36
C  [libdispatch.dylib+0x2658]  _dispatch_client_callout+0x8
C  [libdispatch.dylib+0x7c44]  _dispatch_lane_serial_drain+0x255
C  [libdispatch.dylib+0x85d6]  _dispatch_lane_invoke+0x16b
C  [libdispatch.dylib+0x11c09]  _dispatch_workloop_worker_thread+0x254
C  [libsystem_pthread.dylib+0x2a3d]  _pthread_wqthread+0x122
C  [libsystem_pthread.dylib+0x1b77]  start_wqthread+0xf


siginfo: si_signo: 11 (SIGSEGV), si_code: 0 (unknown), si_addr: 0x0000000000000000

Register to memory mapping:

RAX=
[error occurred during error reporting (printing register info), id 0xb, SIGSEGV (0xb) at pc=0x0000000110ef57ba]

Registers:
RAX=0xb000000000000000, RBX=0x00007fd0325c5cf0, RCX=0x0000000000000001, RDX=0x000000000000000f
RSP=0x00007000083f85f0, RBP=0x00007000083f8610, RSI=0x00007fd0325c52f0, RDI=0x00007fd0325b2fc0
R8 =0x0000000000000004, R9 =0x0000000000000000, R10=0x0000000000001002, R11=0xffff803104da33e0
R12=0x0000000000000000, R13=0x00007fd0325c52f0, R14=0x00007fd0325c52f0, R15=0x00007fd0325c5cd0
RIP=0x00007fff6e260890, EFLAGS=0x0000000000010246, ERR=0x0000000000000000
  TRAPNO=0x000000000000000d

Top of Stack: (sp=0x00007000083f85f0)
0x00007000083f85f0:   a5e66ecf95ad0001 0000000000000002
0x00007000083f8600:   00007fff6e2607dc 00007fff94ce6b58
0x00007000083f8610:   00007000083f86c0 00007fff6e260309
0x00007000083f8620:   00007000083f8640 00007fff6e2604e7
0x00007000083f8630:   0000000000000001 0000000000000006
0x00007000083f8640:   00007000083f86f0 00007fff6e1daa3d
0x00007000083f8650:   0000000000000009 000000010ff8ea00
0x00007000083f8660:   0000000000001400 000000010ff76080
0x00007000083f8670:   0000000000000009 000000010ff8fe00
0x00007000083f8680:   00007000083f8720 00007fd03259b660
0x00007000083f8690:   0000000000000007 00007000083f86d8
0x00007000083f86a0:   00007fd0325c52f0 00007fd0325c52f0
0x00007000083f86b0:   000000000000001c 00007fd03259b660
0x00007000083f86c0:   00007000083f8700 00007fff6e26066b
0x00007000083f86d0:   0000f00095ad0000 0000000700000000
0x00007000083f86e0:   00007fd0325c0b20 00007fd0325c5890
0x00007000083f86f0:   00007fd0325c52f0 00007fd0325c0b00
0x00007000083f8700:   00007000083f8730 00007fff6e260896
0x00007000083f8710:   0000000000000001 0000000000000000
0x00007000083f8720:   00007fff6e2607dc 00007fff94ce6b58
0x00007000083f8730:   00007000083f87e0 00007fff6e260309
0x00007000083f8740:   0000000000000090 0000000000000001
0x00007000083f8750:   00007000083f8780 00007fff6e1d9f59
0x00007000083f8760:   00007fff94cc1a48 0000000000000000
0x00007000083f8770:   000000000000a010 0000000000000038
0x00007000083f8780:   00007000083f87a0 00007fff6e1d9ed9
0x00007000083f8790:   0000000000000090 00007fff94cc1a48
0x00007000083f87a0:   00007000083f87c0 00007fd0325c5270
0x00007000083f87b0:   0000000000000007 00007000083f87f8
0x00007000083f87c0:   00007fd0325c52f0 0000000000000000
0x00007000083f87d0:   000000000000000c 00007fd0325c5270
0x00007000083f87e0:   00007000083f8820 00007fff6e26066b 

Instructions: (pc=0x00007fff6e260890)
0x00007fff6e260790:   52 a8 26 48 8b 00 48 3b 45 d0 75 12 48 81 c4 b8
0x00007fff6e2607a0:   00 00 00 5b 41 5c 41 5d 41 5e 41 5f 5d c3 e8 fb
0x00007fff6e2607b0:   0c 02 00 48 8d 3d 17 53 02 00 e8 ca 9b 01 00 48
0x00007fff6e2607c0:   8d bd 30 ff ff ff 48 89 de 4c 89 e1 e8 6d 05 02
0x00007fff6e2607d0:   00 48 8b 47 30 48 2b 47 20 c3 90 90 55 48 89 e5
0x00007fff6e2607e0:   41 57 41 56 53 50 49 89 f6 49 89 ff 48 8d 5f 20
0x00007fff6e2607f0:   8b 47 18 83 f8 01 74 05 83 f8 02 75 03 48 8b 1b
0x00007fff6e260800:   48 89 df e8 2c 11 02 00 48 8d 50 01 4c 89 f7 48
0x00007fff6e260810:   89 de b9 01 00 00 00 e8 84 fe ff ff 49 8b 7f 10
0x00007fff6e260820:   40 f6 c7 01 75 24 48 8b 07 a8 01 75 12 48 3b 05
0x00007fff6e260830:   44 53 a8 26 73 09 48 3b 05 43 53 a8 26 73 4e e8
0x00007fff6e260840:   66 22 01 00 49 8b 7f 10 eb 43 48 8b 05 ef 52 a8
0x00007fff6e260850:   26 48 8b 08 48 31 f9 89 c8 d1 e8 83 e0 07 ba 07
0x00007fff6e260860:   00 00 00 39 d0 75 0a c1 e9 04 0f b6 c1 48 83 c0
0x00007fff6e260870:   08 66 83 f8 0c 74 0f 66 83 f8 0d 75 26 48 8d 05
0x00007fff6e260880:   94 a0 a8 26 eb 07 48 8d 05 5b a1 a8 26 4c 89 f6
0x00007fff6e260890:   ff 90 80 00 00 00 b0 01 48 83 c4 08 5b 41 5e 41
0x00007fff6e2608a0:   5f 5d c3 48 8d 3d 95 26 02 00 e8 da 9a 01 00 55
0x00007fff6e2608b0:   48 89 e5 41 56 53 48 83 ec 10 48 89 f3 49 89 fe
0x00007fff6e2608c0:   48 8d 05 21 a1 a8 26 8b 40 28 48 8d 75 ec 89 06
0x00007fff6e2608d0:   ba 04 00 00 00 48 89 df b9 01 00 00 00 e8 be fd
0x00007fff6e2608e0:   ff ff 4c 89 f7 e8 22 00 00 00 48 8d 75 e0 48 89
0x00007fff6e2608f0:   06 ba 08 00 00 00 48 89 df b9 01 00 00 00 e8 9d
0x00007fff6e260900:   fd ff ff 48 83 c4 10 5b 41 5e 5d c3 55 48 89 e5
0x00007fff6e260910:   53 50 48 89 fb f6 c3 01 74 4a 48 8b 05 1f 52 a8
0x00007fff6e260920:   26 48 8b 00 48 31 d8 89 c1 d1 e9 83 e1 07 ba 07
0x00007fff6e260930:   00 00 00 39 d1 75 0c 89 c1 c1 e9 04 0f b6 c9 48
0x00007fff6e260940:   83 c1 08 66 83 f9 0c 75 1b 89 c1 83 e1 0e ba 0e
0x00007fff6e260950:   00 00 00 48 39 d1 0f 94 c1 c0 e1 03 80 c9 04 48
0x00007fff6e260960:   d3 e8 eb 19 48 89 df e8 0a b0 ff ff 48 3b 05 95
0x00007fff6e260970:   51 a8 26 74 04 31 c0 eb 04 48 8b 43 18 48 83 c4
0x00007fff6e260980:   08 5b 5d c3 55 48 89 e5 41 56 53 48 83 ec 10 49 


Stack slot to memory mapping:
stack at sp + 0 slots: 
[error occurred during error reporting (inspecting top of stack), id 0xb, SIGSEGV (0xb) at pc=0x0000000110ef57ba]


---------------  P R O C E S S  ---------------

VM state:not at safepoint (normal execution)

VM Mutex/Monitor currently owned by a thread: None

Heap address: 0x0000000780000000, size: 2048 MB, Compressed Oops mode: Zero based, Oop shift amount: 3
Narrow klass base: 0x0000000800000000, Narrow klass shift: 3
Compressed class space size: 1073741824 Address: 0x0000000800b03000

Heap:
 garbage-first heap   total 133120K, used 4912K [0x0000000780000000, 0x0000000800000000)
  region size 1024K, 6 young (6144K), 0 survivors (0K)
 Metaspace       used 3266K, capacity 5450K, committed 5760K, reserved 1056768K
  class space    used 306K, capacity 515K, committed 640K, reserved 1048576K
Heap Regions: E=young(eden), S=young(survivor), O=old, HS=humongous(starts), HC=humongous(continues), CS=collection set, F=free, OA=open archive, CA=closed archive, TAMS=top-at-mark-start (previous, next)
|   0|0x0000000780000000, 0x0000000780000000, 0x0000000780100000|  0%| F|  |TAMS 0x0000000780000000, 0x0000000780000000| Untracked 
|   1|0x0000000780100000, 0x0000000780100000, 0x0000000780200000|  0%| F|  |TAMS 0x0000000780100000, 0x0000000780100000| Untracked 
|   2|0x0000000780200000, 0x0000000780200000, 0x0000000780300000|  0%| F|  |TAMS 0x0000000780200000, 0x0000000780200000| Untracked 
|   3|0x0000000780300000, 0x0000000780300000, 0x0000000780400000|  0%| F|  |TAMS 0x0000000780300000, 0x0000000780300000| Untracked 
|   4|0x0000000780400000, 0x0000000780400000, 0x0000000780500000|  0%| F|  |TAMS 0x0000000780400000, 0x0000000780400000| Untracked 
|   5|0x0000000780500000, 0x0000000780500000, 0x0000000780600000|  0%| F|  |TAMS 0x0000000780500000, 0x0000000780500000| Untracked 
|   6|0x0000000780600000, 0x0000000780600000, 0x0000000780700000|  0%| F|  |TAMS 0x0000000780600000, 0x0000000780600000| Untracked 
|   7|0x0000000780700000, 0x0000000780700000, 0x0000000780800000|  0%| F|  |TAMS 0x0000000780700000, 0x0000000780700000| Untracked 
|   8|0x0000000780800000, 0x0000000780800000, 0x0000000780900000|  0%| F|  |TAMS 0x0000000780800000, 0x0000000780800000| Untracked 
|   9|0x0000000780900000, 0x0000000780900000, 0x0000000780a00000|  0%| F|  |TAMS 0x0000000780900000, 0x0000000780900000| Untracked 
|  10|0x0000000780a00000, 0x0000000780a00000, 0x0000000780b00000|  0%| F|  |TAMS 0x0000000780a00000, 0x0000000780a00000| Untracked 
|  11|0x0000000780b00000, 0x0000000780b00000, 0x0000000780c00000|  0%| F|  |TAMS 0x0000000780b00000, 0x0000000780b00000| Untracked 
|  12|0x0000000780c00000, 0x0000000780c00000, 0x0000000780d00000|  0%| F|  |TAMS 0x0000000780c00000, 0x0000000780c00000| Untracked 
|  13|0x0000000780d00000, 0x0000000780d00000, 0x0000000780e00000|  0%| F|  |TAMS 0x0000000780d00000, 0x0000000780d00000| Untracked 
|  14|0x0000000780e00000, 0x0000000780e00000, 0x0000000780f00000|  0%| F|  |TAMS 0x0000000780e00000, 0x0000000780e00000| Untracked 
|  15|0x0000000780f00000, 0x0000000780f00000, 0x0000000781000000|  0%| F|  |TAMS 0x0000000780f00000, 0x0000000780f00000| Untracked 
|  16|0x0000000781000000, 0x0000000781000000, 0x0000000781100000|  0%| F|  |TAMS 0x0000000781000000, 0x0000000781000000| Untracked 
|  17|0x0000000781100000, 0x0000000781100000, 0x0000000781200000|  0%| F|  |TAMS 0x0000000781100000, 0x0000000781100000| Untracked 
|  18|0x0000000781200000, 0x0000000781200000, 0x0000000781300000|  0%| F|  |TAMS 0x0000000781200000, 0x0000000781200000| Untracked 
|  19|0x0000000781300000, 0x0000000781300000, 0x0000000781400000|  0%| F|  |TAMS 0x0000000781300000, 0x0000000781300000| Untracked 
|  20|0x0000000781400000, 0x0000000781400000, 0x0000000781500000|  0%| F|  |TAMS 0x0000000781400000, 0x0000000781400000| Untracked 
|  21|0x0000000781500000, 0x0000000781500000, 0x0000000781600000|  0%| F|  |TAMS 0x0000000781500000, 0x0000000781500000| Untracked 
|  22|0x0000000781600000, 0x0000000781600000, 0x0000000781700000|  0%| F|  |TAMS 0x0000000781600000, 0x0000000781600000| Untracked 
|  23|0x0000000781700000, 0x0000000781700000, 0x0000000781800000|  0%| F|  |TAMS 0x0000000781700000, 0x0000000781700000| Untracked 
|  24|0x0000000781800000, 0x0000000781800000, 0x0000000781900000|  0%| F|  |TAMS 0x0000000781800000, 0x0000000781800000| Untracked 
|  25|0x0000000781900000, 0x0000000781900000, 0x0000000781a00000|  0%| F|  |TAMS 0x0000000781900000, 0x0000000781900000| Untracked 
|  26|0x0000000781a00000, 0x0000000781a00000, 0x0000000781b00000|  0%| F|  |TAMS 0x0000000781a00000, 0x0000000781a00000| Untracked 
|  27|0x0000000781b00000, 0x0000000781b00000, 0x0000000781c00000|  0%| F|  |TAMS 0x0000000781b00000, 0x0000000781b00000| Untracked 
|  28|0x0000000781c00000, 0x0000000781c00000, 0x0000000781d00000|  0%| F|  |TAMS 0x0000000781c00000, 0x0000000781c00000| Untracked 
|  29|0x0000000781d00000, 0x0000000781d00000, 0x0000000781e00000|  0%| F|  |TAMS 0x0000000781d00000, 0x0000000781d00000| Untracked 
|  30|0x0000000781e00000, 0x0000000781e00000, 0x0000000781f00000|  0%| F|  |TAMS 0x0000000781e00000, 0x0000000781e00000| Untracked 
|  31|0x0000000781f00000, 0x0000000781f00000, 0x0000000782000000|  0%| F|  |TAMS 0x0000000781f00000, 0x0000000781f00000| Untracked 
|  32|0x0000000782000000, 0x0000000782000000, 0x0000000782100000|  0%| F|  |TAMS 0x0000000782000000, 0x0000000782000000| Untracked 
|  33|0x0000000782100000, 0x0000000782100000, 0x0000000782200000|  0%| F|  |TAMS 0x0000000782100000, 0x0000000782100000| Untracked 
|  34|0x0000000782200000, 0x0000000782200000, 0x0000000782300000|  0%| F|  |TAMS 0x0000000782200000, 0x0000000782200000| Untracked 
|  35|0x0000000782300000, 0x0000000782300000, 0x0000000782400000|  0%| F|  |TAMS 0x0000000782300000, 0x0000000782300000| Untracked 
|  36|0x0000000782400000, 0x0000000782400000, 0x0000000782500000|  0%| F|  |TAMS 0x0000000782400000, 0x0000000782400000| Untracked 
|  37|0x0000000782500000, 0x0000000782500000, 0x0000000782600000|  0%| F|  |TAMS 0x0000000782500000, 0x0000000782500000| Untracked 
|  38|0x0000000782600000, 0x0000000782600000, 0x0000000782700000|  0%| F|  |TAMS 0x0000000782600000, 0x0000000782600000| Untracked 
|  39|0x0000000782700000, 0x0000000782700000, 0x0000000782800000|  0%| F|  |TAMS 0x0000000782700000, 0x0000000782700000| Untracked 
|  40|0x0000000782800000, 0x0000000782800000, 0x0000000782900000|  0%| F|  |TAMS 0x0000000782800000, 0x0000000782800000| Untracked 
|  41|0x0000000782900000, 0x0000000782900000, 0x0000000782a00000|  0%| F|  |TAMS 0x0000000782900000, 0x0000000782900000| Untracked 
|  42|0x0000000782a00000, 0x0000000782a00000, 0x0000000782b00000|  0%| F|  |TAMS 0x0000000782a00000, 0x0000000782a00000| Untracked 
|  43|0x0000000782b00000, 0x0000000782b00000, 0x0000000782c00000|  0%| F|  |TAMS 0x0000000782b00000, 0x0000000782b00000| Untracked 
|  44|0x0000000782c00000, 0x0000000782c00000, 0x0000000782d00000|  0%| F|  |TAMS 0x0000000782c00000, 0x0000000782c00000| Untracked 
|  45|0x0000000782d00000, 0x0000000782d00000, 0x0000000782e00000|  0%| F|  |TAMS 0x0000000782d00000, 0x0000000782d00000| Untracked 
|  46|0x0000000782e00000, 0x0000000782e00000, 0x0000000782f00000|  0%| F|  |TAMS 0x0000000782e00000, 0x0000000782e00000| Untracked 
|  47|0x0000000782f00000, 0x0000000782f00000, 0x0000000783000000|  0%| F|  |TAMS 0x0000000782f00000, 0x0000000782f00000| Untracked 
|  48|0x0000000783000000, 0x0000000783000000, 0x0000000783100000|  0%| F|  |TAMS 0x0000000783000000, 0x0000000783000000| Untracked 
|  49|0x0000000783100000, 0x0000000783100000, 0x0000000783200000|  0%| F|  |TAMS 0x0000000783100000, 0x0000000783100000| Untracked 
|  50|0x0000000783200000, 0x0000000783200000, 0x0000000783300000|  0%| F|  |TAMS 0x0000000783200000, 0x0000000783200000| Untracked 
|  51|0x0000000783300000, 0x0000000783300000, 0x0000000783400000|  0%| F|  |TAMS 0x0000000783300000, 0x0000000783300000| Untracked 
|  52|0x0000000783400000, 0x0000000783400000, 0x0000000783500000|  0%| F|  |TAMS 0x0000000783400000, 0x0000000783400000| Untracked 
|  53|0x0000000783500000, 0x0000000783500000, 0x0000000783600000|  0%| F|  |TAMS 0x0000000783500000, 0x0000000783500000| Untracked 
|  54|0x0000000783600000, 0x0000000783600000, 0x0000000783700000|  0%| F|  |TAMS 0x0000000783600000, 0x0000000783600000| Untracked 
|  55|0x0000000783700000, 0x0000000783700000, 0x0000000783800000|  0%| F|  |TAMS 0x0000000783700000, 0x0000000783700000| Untracked 
|  56|0x0000000783800000, 0x0000000783800000, 0x0000000783900000|  0%| F|  |TAMS 0x0000000783800000, 0x0000000783800000| Untracked 
|  57|0x0000000783900000, 0x0000000783900000, 0x0000000783a00000|  0%| F|  |TAMS 0x0000000783900000, 0x0000000783900000| Untracked 
|  58|0x0000000783a00000, 0x0000000783a00000, 0x0000000783b00000|  0%| F|  |TAMS 0x0000000783a00000, 0x0000000783a00000| Untracked 
|  59|0x0000000783b00000, 0x0000000783b00000, 0x0000000783c00000|  0%| F|  |TAMS 0x0000000783b00000, 0x0000000783b00000| Untracked 
|  60|0x0000000783c00000, 0x0000000783c00000, 0x0000000783d00000|  0%| F|  |TAMS 0x0000000783c00000, 0x0000000783c00000| Untracked 
|  61|0x0000000783d00000, 0x0000000783d00000, 0x0000000783e00000|  0%| F|  |TAMS 0x0000000783d00000, 0x0000000783d00000| Untracked 
|  62|0x0000000783e00000, 0x0000000783e00000, 0x0000000783f00000|  0%| F|  |TAMS 0x0000000783e00000, 0x0000000783e00000| Untracked 
|  63|0x0000000783f00000, 0x0000000783f00000, 0x0000000784000000|  0%| F|  |TAMS 0x0000000783f00000, 0x0000000783f00000| Untracked 
|  64|0x0000000784000000, 0x0000000784000000, 0x0000000784100000|  0%| F|  |TAMS 0x0000000784000000, 0x0000000784000000| Untracked 
|  65|0x0000000784100000, 0x0000000784100000, 0x0000000784200000|  0%| F|  |TAMS 0x0000000784100000, 0x0000000784100000| Untracked 
|  66|0x0000000784200000, 0x0000000784200000, 0x0000000784300000|  0%| F|  |TAMS 0x0000000784200000, 0x0000000784200000| Untracked 
|  67|0x0000000784300000, 0x0000000784300000, 0x0000000784400000|  0%| F|  |TAMS 0x0000000784300000, 0x0000000784300000| Untracked 
|  68|0x0000000784400000, 0x0000000784400000, 0x0000000784500000|  0%| F|  |TAMS 0x0000000784400000, 0x0000000784400000| Untracked 
|  69|0x0000000784500000, 0x0000000784500000, 0x0000000784600000|  0%| F|  |TAMS 0x0000000784500000, 0x0000000784500000| Untracked 
|  70|0x0000000784600000, 0x0000000784600000, 0x0000000784700000|  0%| F|  |TAMS 0x0000000784600000, 0x0000000784600000| Untracked 
|  71|0x0000000784700000, 0x0000000784700000, 0x0000000784800000|  0%| F|  |TAMS 0x0000000784700000, 0x0000000784700000| Untracked 
|  72|0x0000000784800000, 0x0000000784800000, 0x0000000784900000|  0%| F|  |TAMS 0x0000000784800000, 0x0000000784800000| Untracked 
|  73|0x0000000784900000, 0x0000000784900000, 0x0000000784a00000|  0%| F|  |TAMS 0x0000000784900000, 0x0000000784900000| Untracked 
|  74|0x0000000784a00000, 0x0000000784a00000, 0x0000000784b00000|  0%| F|  |TAMS 0x0000000784a00000, 0x0000000784a00000| Untracked 
|  75|0x0000000784b00000, 0x0000000784b00000, 0x0000000784c00000|  0%| F|  |TAMS 0x0000000784b00000, 0x0000000784b00000| Untracked 
|  76|0x0000000784c00000, 0x0000000784c00000, 0x0000000784d00000|  0%| F|  |TAMS 0x0000000784c00000, 0x0000000784c00000| Untracked 
|  77|0x0000000784d00000, 0x0000000784d00000, 0x0000000784e00000|  0%| F|  |TAMS 0x0000000784d00000, 0x0000000784d00000| Untracked 
|  78|0x0000000784e00000, 0x0000000784e00000, 0x0000000784f00000|  0%| F|  |TAMS 0x0000000784e00000, 0x0000000784e00000| Untracked 
|  79|0x0000000784f00000, 0x0000000784f00000, 0x0000000785000000|  0%| F|  |TAMS 0x0000000784f00000, 0x0000000784f00000| Untracked 
|  80|0x0000000785000000, 0x0000000785000000, 0x0000000785100000|  0%| F|  |TAMS 0x0000000785000000, 0x0000000785000000| Untracked 
|  81|0x0000000785100000, 0x0000000785100000, 0x0000000785200000|  0%| F|  |TAMS 0x0000000785100000, 0x0000000785100000| Untracked 
|  82|0x0000000785200000, 0x0000000785200000, 0x0000000785300000|  0%| F|  |TAMS 0x0000000785200000, 0x0000000785200000| Untracked 
|  83|0x0000000785300000, 0x0000000785300000, 0x0000000785400000|  0%| F|  |TAMS 0x0000000785300000, 0x0000000785300000| Untracked 
|  84|0x0000000785400000, 0x0000000785400000, 0x0000000785500000|  0%| F|  |TAMS 0x0000000785400000, 0x0000000785400000| Untracked 
|  85|0x0000000785500000, 0x0000000785500000, 0x0000000785600000|  0%| F|  |TAMS 0x0000000785500000, 0x0000000785500000| Untracked 
|  86|0x0000000785600000, 0x0000000785600000, 0x0000000785700000|  0%| F|  |TAMS 0x0000000785600000, 0x0000000785600000| Untracked 
|  87|0x0000000785700000, 0x0000000785700000, 0x0000000785800000|  0%| F|  |TAMS 0x0000000785700000, 0x0000000785700000| Untracked 
|  88|0x0000000785800000, 0x0000000785800000, 0x0000000785900000|  0%| F|  |TAMS 0x0000000785800000, 0x0000000785800000| Untracked 
|  89|0x0000000785900000, 0x0000000785900000, 0x0000000785a00000|  0%| F|  |TAMS 0x0000000785900000, 0x0000000785900000| Untracked 
|  90|0x0000000785a00000, 0x0000000785a00000, 0x0000000785b00000|  0%| F|  |TAMS 0x0000000785a00000, 0x0000000785a00000| Untracked 
|  91|0x0000000785b00000, 0x0000000785b00000, 0x0000000785c00000|  0%| F|  |TAMS 0x0000000785b00000, 0x0000000785b00000| Untracked 
|  92|0x0000000785c00000, 0x0000000785c00000, 0x0000000785d00000|  0%| F|  |TAMS 0x0000000785c00000, 0x0000000785c00000| Untracked 
|  93|0x0000000785d00000, 0x0000000785d00000, 0x0000000785e00000|  0%| F|  |TAMS 0x0000000785d00000, 0x0000000785d00000| Untracked 
|  94|0x0000000785e00000, 0x0000000785e00000, 0x0000000785f00000|  0%| F|  |TAMS 0x0000000785e00000, 0x0000000785e00000| Untracked 
|  95|0x0000000785f00000, 0x0000000785f00000, 0x0000000786000000|  0%| F|  |TAMS 0x0000000785f00000, 0x0000000785f00000| Untracked 
|  96|0x0000000786000000, 0x0000000786000000, 0x0000000786100000|  0%| F|  |TAMS 0x0000000786000000, 0x0000000786000000| Untracked 
|  97|0x0000000786100000, 0x0000000786100000, 0x0000000786200000|  0%| F|  |TAMS 0x0000000786100000, 0x0000000786100000| Untracked 
|  98|0x0000000786200000, 0x0000000786200000, 0x0000000786300000|  0%| F|  |TAMS 0x0000000786200000, 0x0000000786200000| Untracked 
|  99|0x0000000786300000, 0x0000000786300000, 0x0000000786400000|  0%| F|  |TAMS 0x0000000786300000, 0x0000000786300000| Untracked 
| 100|0x0000000786400000, 0x0000000786400000, 0x0000000786500000|  0%| F|  |TAMS 0x0000000786400000, 0x0000000786400000| Untracked 
| 101|0x0000000786500000, 0x0000000786500000, 0x0000000786600000|  0%| F|  |TAMS 0x0000000786500000, 0x0000000786500000| Untracked 
| 102|0x0000000786600000, 0x0000000786600000, 0x0000000786700000|  0%| F|  |TAMS 0x0000000786600000, 0x0000000786600000| Untracked 
| 103|0x0000000786700000, 0x0000000786700000, 0x0000000786800000|  0%| F|  |TAMS 0x0000000786700000, 0x0000000786700000| Untracked 
| 104|0x0000000786800000, 0x0000000786800000, 0x0000000786900000|  0%| F|  |TAMS 0x0000000786800000, 0x0000000786800000| Untracked 
| 105|0x0000000786900000, 0x0000000786900000, 0x0000000786a00000|  0%| F|  |TAMS 0x0000000786900000, 0x0000000786900000| Untracked 
| 106|0x0000000786a00000, 0x0000000786a00000, 0x0000000786b00000|  0%| F|  |TAMS 0x0000000786a00000, 0x0000000786a00000| Untracked 
| 107|0x0000000786b00000, 0x0000000786b00000, 0x0000000786c00000|  0%| F|  |TAMS 0x0000000786b00000, 0x0000000786b00000| Untracked 
| 108|0x0000000786c00000, 0x0000000786c00000, 0x0000000786d00000|  0%| F|  |TAMS 0x0000000786c00000, 0x0000000786c00000| Untracked 
| 109|0x0000000786d00000, 0x0000000786d00000, 0x0000000786e00000|  0%| F|  |TAMS 0x0000000786d00000, 0x0000000786d00000| Untracked 
| 110|0x0000000786e00000, 0x0000000786e00000, 0x0000000786f00000|  0%| F|  |TAMS 0x0000000786e00000, 0x0000000786e00000| Untracked 
| 111|0x0000000786f00000, 0x0000000786f00000, 0x0000000787000000|  0%| F|  |TAMS 0x0000000786f00000, 0x0000000786f00000| Untracked 
| 112|0x0000000787000000, 0x0000000787000000, 0x0000000787100000|  0%| F|  |TAMS 0x0000000787000000, 0x0000000787000000| Untracked 
| 113|0x0000000787100000, 0x0000000787100000, 0x0000000787200000|  0%| F|  |TAMS 0x0000000787100000, 0x0000000787100000| Untracked 
| 114|0x0000000787200000, 0x0000000787200000, 0x0000000787300000|  0%| F|  |TAMS 0x0000000787200000, 0x0000000787200000| Untracked 
| 115|0x0000000787300000, 0x0000000787300000, 0x0000000787400000|  0%| F|  |TAMS 0x0000000787300000, 0x0000000787300000| Untracked 
| 116|0x0000000787400000, 0x0000000787400000, 0x0000000787500000|  0%| F|  |TAMS 0x0000000787400000, 0x0000000787400000| Untracked 
| 117|0x0000000787500000, 0x0000000787500000, 0x0000000787600000|  0%| F|  |TAMS 0x0000000787500000, 0x0000000787500000| Untracked 
| 118|0x0000000787600000, 0x0000000787600000, 0x0000000787700000|  0%| F|  |TAMS 0x0000000787600000, 0x0000000787600000| Untracked 
| 119|0x0000000787700000, 0x0000000787700000, 0x0000000787800000|  0%| F|  |TAMS 0x0000000787700000, 0x0000000787700000| Untracked 
| 120|0x0000000787800000, 0x0000000787800000, 0x0000000787900000|  0%| F|  |TAMS 0x0000000787800000, 0x0000000787800000| Untracked 
| 121|0x0000000787900000, 0x0000000787900000, 0x0000000787a00000|  0%| F|  |TAMS 0x0000000787900000, 0x0000000787900000| Untracked 
| 122|0x0000000787a00000, 0x0000000787a320f0, 0x0000000787b00000| 19%| E|  |TAMS 0x0000000787a00000, 0x0000000787a00000| Complete 
| 123|0x0000000787b00000, 0x0000000787c00000, 0x0000000787c00000|100%| E|  |TAMS 0x0000000787b00000, 0x0000000787b00000| Complete 
| 124|0x0000000787c00000, 0x0000000787d00000, 0x0000000787d00000|100%| E|CS|TAMS 0x0000000787c00000, 0x0000000787c00000| Complete 
| 125|0x0000000787d00000, 0x0000000787e00000, 0x0000000787e00000|100%| E|CS|TAMS 0x0000000787d00000, 0x0000000787d00000| Complete 
| 126|0x0000000787e00000, 0x0000000787f00000, 0x0000000787f00000|100%| E|CS|TAMS 0x0000000787e00000, 0x0000000787e00000| Complete 
| 127|0x0000000787f00000, 0x0000000788000000, 0x0000000788000000|100%| E|CS|TAMS 0x0000000787f00000, 0x0000000787f00000| Complete 
|1022|0x00000007bfe00000, 0x00000007bfe51000, 0x00000007bff00000| 31%|OA|  |TAMS 0x00000007bfe00000, 0x00000007bfe00000| Untracked 
|1023|0x00000007bff00000, 0x00000007bff7b000, 0x00000007c0000000| 48%|CA|  |TAMS 0x00000007bff00000, 0x00000007bff00000| Untracked 

Card table byte_map: [0x000000011a793000,0x000000011ab93000] _byte_map_base: 0x0000000116b93000

Marking Bits (Prev, Next): (CMBitMap*) 0x00007fd03380a618, (CMBitMap*) 0x00007fd03380a658
 Prev Bits: [0x000000011af93000, 0x000000011cf93000)
 Next Bits: [0x000000012c5fd000, 0x000000012e5fd000)

Polling page: 0x000000010ffbb000

Metaspace:

Usage:
  Non-class:      4.82 MB capacity,     2.89 MB ( 60%) used,     1.92 MB ( 40%) free+waste,     7.00 KB ( <1%) overhead. 
      Class:    515.00 KB capacity,   306.11 KB ( 59%) used,   204.83 KB ( 40%) free+waste,     4.06 KB ( <1%) overhead. 
       Both:      5.32 MB capacity,     3.19 MB ( 60%) used,     2.12 MB ( 40%) free+waste,    11.06 KB ( <1%) overhead. 

Virtual space:
  Non-class space:        8.00 MB reserved,       5.00 MB ( 62%) committed 
      Class space:        1.00 GB reserved,     640.00 KB ( <1%) committed 
             Both:        1.01 GB reserved,       5.62 MB ( <1%) committed 

Chunk freelists:
   Non-Class:  69.00 KB
       Class:  17.00 KB
        Both:  86.00 KB

MaxMetaspaceSize: unlimited
CompressedClassSpaceSize: 1.00 GB

CodeHeap 'non-profiled nmethods': size=120032Kb used=163Kb max_used=163Kb free=119868Kb
 bounds [0x00000001250c5000, 0x0000000125335000, 0x000000012c5fd000]
CodeHeap 'profiled nmethods': size=120028Kb used=744Kb max_used=744Kb free=119283Kb
 bounds [0x000000011db8e000, 0x000000011ddfe000, 0x00000001250c5000]
CodeHeap 'non-nmethods': size=5700Kb used=1150Kb max_used=1164Kb free=4549Kb
 bounds [0x000000011d5fd000, 0x000000011d86d000, 0x000000011db8e000]
 total_blobs=1029 nmethods=520 adapters=317
 compilation: enabled
              stopped_count=0, restarted_count=0
 full_count=0

Compilation events (20 events):
Event: 0.982 Thread 0x00007fd03282d000  512       3       java.lang.Integer::valueOf (32 bytes)
Event: 0.983 Thread 0x00007fd03282d000 nmethod 512 0x000000011dc43e90 code [0x000000011dc44040, 0x000000011dc44350]
Event: 0.983 Thread 0x00007fd03282d000  513       1       java.lang.reflect.Field::getRoot (5 bytes)
Event: 0.983 Thread 0x00007fd03282d000 nmethod 513 0x00000001250ed710 code [0x00000001250ed8a0, 0x00000001250ed970]
Event: 0.984 Thread 0x00007fd03282d000  514       3       java.lang.reflect.Field::setFieldAccessor (34 bytes)
Event: 0.984 Thread 0x00007fd03282d000 nmethod 514 0x000000011dc44490 code [0x000000011dc44660, 0x000000011dc44ac0]
Event: 0.984 Thread 0x00007fd03282d000  515       3       java.lang.ref.SoftReference::get (29 bytes)
Event: 0.984 Thread 0x00007fd03282d000 nmethod 515 0x000000011dc44b90 code [0x000000011dc44d20, 0x000000011dc44f10]
Event: 0.985 Thread 0x00007fd03282d000  516       3       java.util.zip.ZipFile$Source::getEntryPos (208 bytes)
Event: 0.986 Thread 0x00007fd03282d000 nmethod 516 0x000000011dc44f90 code [0x000000011dc451e0, 0x000000011dc45ed0]
Event: 0.987 Thread 0x00007fd03282d000  517       3       java.nio.Buffer::remaining (10 bytes)
Event: 0.987 Thread 0x00007fd03282d000 nmethod 517 0x000000011dc46510 code [0x000000011dc466a0, 0x000000011dc467b0]
Event: 0.988 Thread 0x00007fd03282d000  518       3       java.nio.ByteOrder::nativeOrder (4 bytes)
Event: 0.988 Thread 0x00007fd03282d000 nmethod 518 0x000000011dc46810 code [0x000000011dc469a0, 0x000000011dc46a90]
Event: 0.988 Thread 0x00007fd03282d000  519       3       java.nio.ByteBuffer::limit (8 bytes)
Event: 0.988 Thread 0x00007fd03282d000 nmethod 519 0x000000011dc46b10 code [0x000000011dc46ca0, 0x000000011dc46e00]
Event: 0.995 Thread 0x00007fd03282c800  520       4       java.util.concurrent.ConcurrentHashMap::tabAt (22 bytes)
Event: 0.995 Thread 0x00007fd03282c800 nmethod 520 0x00000001250eda10 code [0x00000001250edb80, 0x00000001250edbd8]
Event: 0.997 Thread 0x00007fd03282d000  521       3       java.util.concurrent.ConcurrentHashMap$Traverser::advance (188 bytes)
Event: 0.998 Thread 0x00007fd03282d000 nmethod 521 0x000000011dc46e90 code [0x000000011dc470e0, 0x000000011dc47f50]

GC Heap History (0 events):
No events

Deoptimization events (2 events):
Event: 0.985 Thread 0x00007fd034009000 DEOPT PACKING pc=0x000000011dbd3e10 sp=0x0000700006fb5810
Event: 0.985 Thread 0x00007fd034009000 DEOPT UNPACKING pc=0x000000011d64633a sp=0x0000700006fb4ca0 mode 0

Classes unloaded (0 events):
No events

Classes redefined (0 events):
No events

Internal exceptions (4 events):
Event: 0.346 Thread 0x00007fd034009000 Exception <a 'java/lang/ClassNotFoundException'{0x0000000787d7b020}: sun/awt/resources/spi/awtProvider> (0x0000000787d7b020) 
thrown [./open/src/hotspot/share/classfile/systemDictionary.cpp, line 226]
Event: 0.392 Thread 0x00007fd034009000 Exception <a 'java/io/FileNotFoundException'{0x0000000787dc7a70}> (0x0000000787dc7a70) 
thrown [./open/src/hotspot/share/prims/jni.cpp, line 599]
Event: 0.407 Thread 0x00007fd034009000 Exception <a 'java/io/FileNotFoundException'{0x0000000787dedef8}> (0x0000000787dedef8) 
thrown [./open/src/hotspot/share/prims/jni.cpp, line 599]
Event: 0.412 Thread 0x00007fd034009000 Exception <a 'java/lang/ClassNotFoundException'{0x0000000787df1988}: sun/awt/resources/spi/awtosxProvider> (0x0000000787df1988) 
thrown [./open/src/hotspot/share/classfile/systemDictionary.cpp, line 226]

Events (20 events):
Event: 0.968 loading class java/awt/IllegalComponentStateException
Event: 0.968 loading class java/awt/IllegalComponentStateException done
Event: 0.968 loading class java/awt/Point
Event: 0.968 loading class java/awt/geom/Point2D
Event: 0.968 loading class java/awt/geom/Point2D done
Event: 0.968 loading class java/awt/Point done
Event: 0.968 loading class java/awt/Image
Event: 0.970 loading class java/awt/Image done
Event: 0.970 loading class java/awt/image/BufferedImage
Event: 0.971 loading class java/awt/image/WritableRenderedImage
Event: 0.971 loading class java/awt/image/RenderedImage
Event: 0.971 loading class java/awt/image/RenderedImage done
Event: 0.971 loading class java/awt/image/WritableRenderedImage done
Event: 0.971 loading class java/awt/Transparency
Event: 0.971 loading class java/awt/Transparency done
Event: 0.972 loading class java/awt/image/BufferedImage done
Event: 0.978 loading class jdk/internal/reflect/UnsafeQualifiedStaticIntegerFieldAccessorImpl
Event: 0.978 loading class jdk/internal/reflect/UnsafeQualifiedStaticIntegerFieldAccessorImpl done
Event: 0.996 loading class java/lang/NumberFormatException
Event: 0.996 loading class java/lang/NumberFormatException done


Dynamic libraries:
0x00007fff6d543000 	/usr/lib/libz.1.dylib
0x000000010ff79000 	/Users/dgoptsii/Downloads/jdk-14.0.1.jdk/Contents/Home/lib/libjli.dylib
0x00007fff33355000 	/System/Library/Frameworks/Cocoa.framework/Versions/A/Cocoa
0x00007fff40b32000 	/System/Library/Frameworks/Security.framework/Versions/A/Security
0x00007fff322bf000 	/System/Library/Frameworks/ApplicationServices.framework/Versions/A/ApplicationServices
0x00007fff6b007000 	/usr/lib/libSystem.B.dylib
0x00007fff6de03000 	/usr/lib/system/libcache.dylib
0x00007fff6de09000 	/usr/lib/system/libcommonCrypto.dylib
0x00007fff6de15000 	/usr/lib/system/libcompiler_rt.dylib
0x00007fff6de1d000 	/usr/lib/system/libcopyfile.dylib
0x00007fff6de27000 	/usr/lib/system/libcorecrypto.dylib
0x00007fff6dfc6000 	/usr/lib/system/libdispatch.dylib
0x00007fff6e007000 	/usr/lib/system/libdyld.dylib
0x00007fff6e03e000 	/usr/lib/system/libkeymgr.dylib
0x00007fff6e04c000 	/usr/lib/system/liblaunch.dylib
0x00007fff6e04d000 	/usr/lib/system/libmacho.dylib
0x00007fff6e053000 	/usr/lib/system/libquarantine.dylib
0x00007fff6e056000 	/usr/lib/system/libremovefile.dylib
0x00007fff6e058000 	/usr/lib/system/libsystem_asl.dylib
0x00007fff6e070000 	/usr/lib/system/libsystem_blocks.dylib
0x00007fff6e071000 	/usr/lib/system/libsystem_c.dylib
0x00007fff6e0f9000 	/usr/lib/system/libsystem_configuration.dylib
0x00007fff6e0fd000 	/usr/lib/system/libsystem_coreservices.dylib
0x00007fff6e101000 	/usr/lib/system/libsystem_darwin.dylib
0x00007fff6e10a000 	/usr/lib/system/libsystem_dnssd.dylib
0x00007fff6e112000 	/usr/lib/system/libsystem_featureflags.dylib
0x00007fff6e114000 	/usr/lib/system/libsystem_info.dylib
0x00007fff6e18f000 	/usr/lib/system/libsystem_m.dylib
0x00007fff6e1d7000 	/usr/lib/system/libsystem_malloc.dylib
0x00007fff6e1ff000 	/usr/lib/system/libsystem_networkextension.dylib
0x00007fff6e20d000 	/usr/lib/system/libsystem_notify.dylib
0x00007fff6e22b000 	/usr/lib/system/libsystem_sandbox.dylib
0x00007fff6e230000 	/usr/lib/system/libsystem_secinit.dylib
0x00007fff6e162000 	/usr/lib/system/libsystem_kernel.dylib
0x00007fff6e217000 	/usr/lib/system/libsystem_platform.dylib
0x00007fff6e220000 	/usr/lib/system/libsystem_pthread.dylib
0x00007fff6e233000 	/usr/lib/system/libsystem_symptoms.dylib
0x00007fff6e23b000 	/usr/lib/system/libsystem_trace.dylib
0x00007fff6e253000 	/usr/lib/system/libunwind.dylib
0x00007fff6e259000 	/usr/lib/system/libxpc.dylib
0x00007fff6ce67000 	/usr/lib/libobjc.A.dylib
0x00007fff6b340000 	/usr/lib/libc++abi.dylib
0x00007fff6b2ed000 	/usr/lib/libc++.1.dylib
0x00007fff341f0000 	/System/Library/Frameworks/CoreFoundation.framework/Versions/A/CoreFoundation
0x00007fff368a6000 	/System/Library/Frameworks/Foundation.framework/Versions/C/Foundation
0x00007fff314b0000 	/System/Library/Frameworks/AppKit.framework/Versions/C/AppKit
0x00007fff33cd9000 	/System/Library/Frameworks/CoreData.framework/Versions/A/CoreData
0x00007fff65028000 	/System/Library/PrivateFrameworks/UIFoundation.framework/Versions/A/UIFoundation
0x00007fff600d6000 	/System/Library/PrivateFrameworks/RemoteViewServices.framework/Versions/A/RemoteViewServices
0x00007fff67b7c000 	/System/Library/PrivateFrameworks/XCTTargetBootstrap.framework/Versions/A/XCTTargetBootstrap
0x00007fff340c4000 	/System/Library/Frameworks/CoreDisplay.framework/Versions/A/CoreDisplay
0x00007fff3975f000 	/System/Library/Frameworks/Metal.framework/Versions/A/Metal
0x00007fff4e145000 	/System/Library/PrivateFrameworks/DesktopServicesPriv.framework/Versions/A/DesktopServicesPriv
0x00007fff6c144000 	/usr/lib/liblangid.dylib
0x00007fff4d3de000 	/System/Library/PrivateFrameworks/CoreSVG.framework/Versions/A/CoreSVG
0x00007fff6322c000 	/System/Library/PrivateFrameworks/SkyLight.framework/Versions/A/SkyLight
0x00007fff34671000 	/System/Library/Frameworks/CoreGraphics.framework/Versions/A/CoreGraphics
0x00007fff2fe84000 	/System/Library/Frameworks/Accelerate.framework/Versions/A/Accelerate
0x00007fff6d434000 	/usr/lib/libxml2.2.dylib
0x00007fff59088000 	/System/Library/PrivateFrameworks/IconServices.framework/Versions/A/IconServices
0x00007fff37085000 	/System/Library/Frameworks/IOSurface.framework/Versions/A/IOSurface
0x00007fff6ab31000 	/usr/lib/libDiagnosticMessagesClient.dylib
0x00007fff4df9f000 	/System/Library/PrivateFrameworks/DFRFoundation.framework/Versions/A/DFRFoundation
0x00007fff6bed3000 	/usr/lib/libicucore.A.dylib
0x00007fff325f1000 	/System/Library/Frameworks/AudioToolbox.framework/Versions/A/AudioToolbox
0x00007fff326d4000 	/System/Library/Frameworks/AudioUnit.framework/Versions/A/AudioUnit
0x00007fff6b209000 	/usr/lib/libauto.dylib
0x00007fff4e041000 	/System/Library/PrivateFrameworks/DataDetectorsCore.framework/Versions/A/DataDetectorsCore
0x00007fff32e76000 	/System/Library/Frameworks/Carbon.framework/Versions/A/Frameworks/HIToolbox.framework/Versions/A/HIToolbox
0x00007fff3fd2f000 	/System/Library/Frameworks/QuartzCore.framework/Versions/A/QuartzCore
0x00007fff331b5000 	/System/Library/Frameworks/Carbon.framework/Versions/A/Frameworks/SpeechRecognition.framework/Versions/A/SpeechRecognition
0x00007fff4dab6000 	/System/Library/PrivateFrameworks/CoreUI.framework/Versions/A/CoreUI
0x00007fff33744000 	/System/Library/Frameworks/CoreAudio.framework/Versions/A/CoreAudio
0x00007fff3656b000 	/System/Library/Frameworks/DiskArbitration.framework/Versions/A/DiskArbitration
0x00007fff5b0d5000 	/System/Library/PrivateFrameworks/MultitouchSupport.framework/Versions/A/MultitouchSupport
0x00007fff6bd9a000 	/usr/lib/libenergytrace.dylib
0x00007fff36fdf000 	/System/Library/Frameworks/IOKit.framework/Versions/A/IOKit
0x00007fff355d8000 	/System/Library/Frameworks/CoreServices.framework/Versions/A/CoreServices
0x00007fff5d26c000 	/System/Library/PrivateFrameworks/PerformanceAnalysis.framework/Versions/A/PerformanceAnalysis
0x00007fff3ed62000 	/System/Library/Frameworks/OpenGL.framework/Versions/A/OpenGL
0x00007fff33363000 	/System/Library/Frameworks/ColorSync.framework/Versions/A/ColorSync
0x00007fff34cf3000 	/System/Library/Frameworks/CoreImage.framework/Versions/A/CoreImage
0x00007fff3604a000 	/System/Library/Frameworks/CoreText.framework/Versions/A/CoreText
0x00007fff37115000 	/System/Library/Frameworks/ImageIO.framework/Versions/A/ImageIO
0x00007fff6b369000 	/usr/lib/libcompression.dylib
0x00007fff6ae75000 	/usr/lib/libMobileGestalt.dylib
0x00007fff64da1000 	/System/Library/PrivateFrameworks/TextureIO.framework/Versions/A/TextureIO
0x00007fff6b16c000 	/usr/lib/libate.dylib
0x00007fff59291000 	/System/Library/PrivateFrameworks/InternationalSupport.framework/Versions/A/InternationalSupport
0x00007fff6c146000 	/usr/lib/liblzma.5.dylib
0x00007fff6bdc1000 	/usr/lib/libfakelink.dylib
0x00007fff6b0f9000 	/usr/lib/libarchive.2.dylib
0x00007fff41be2000 	/System/Library/Frameworks/SystemConfiguration.framework/Versions/A/SystemConfiguration
0x00007fff6aa64000 	/usr/lib/libCRFSuite.dylib
0x00007fff32a67000 	/System/Library/Frameworks/CFNetwork.framework/Versions/A/CFNetwork
0x00007fff6b2cf000 	/usr/lib/libbsm.0.dylib
0x00007fff6e03f000 	/usr/lib/system/libkxld.dylib
0x00007fff47974000 	/System/Library/PrivateFrameworks/AppleFSCompression.framework/Versions/A/AppleFSCompression
0x00007fff6b65a000 	/usr/lib/libcoretls.dylib
0x00007fff6b671000 	/usr/lib/libcoretls_cfhelpers.dylib
0x00007fff6cead000 	/usr/lib/libpam.2.dylib
0x00007fff6cfe2000 	/usr/lib/libsqlite3.dylib
0x00007fff6d421000 	/usr/lib/libxar.1.dylib
0x00007fff6b2e0000 	/usr/lib/libbz2.1.0.dylib
0x00007fff6bde2000 	/usr/lib/libiconv.2.dylib
0x00007fff6b356000 	/usr/lib/libcharset.1.dylib
0x00007fff6c94c000 	/usr/lib/libnetwork.dylib
0x00007fff6ceb4000 	/usr/lib/libpcap.A.dylib
0x00007fff6b0ae000 	/usr/lib/libapple_nghttp2.dylib
0x00007fff3598f000 	/System/Library/Frameworks/CoreServices.framework/Versions/A/Frameworks/FSEvents.framework/Versions/A/FSEvents
0x00007fff3565f000 	/System/Library/Frameworks/CoreServices.framework/Versions/A/Frameworks/CarbonCore.framework/Versions/A/CarbonCore
0x00007fff35bd2000 	/System/Library/Frameworks/CoreServices.framework/Versions/A/Frameworks/Metadata.framework/Versions/A/Metadata
0x00007fff35c6b000 	/System/Library/Frameworks/CoreServices.framework/Versions/A/Frameworks/OSServices.framework/Versions/A/OSServices
0x00007fff35c99000 	/System/Library/Frameworks/CoreServices.framework/Versions/A/Frameworks/SearchKit.framework/Versions/A/SearchKit
0x00007fff355d9000 	/System/Library/Frameworks/CoreServices.framework/Versions/A/Frameworks/AE.framework/Versions/A/AE
0x00007fff35998000 	/System/Library/Frameworks/CoreServices.framework/Versions/A/Frameworks/LaunchServices.framework/Versions/A/LaunchServices
0x00007fff35941000 	/System/Library/Frameworks/CoreServices.framework/Versions/A/Frameworks/DictionaryServices.framework/Versions/A/DictionaryServices
0x00007fff35d01000 	/System/Library/Frameworks/CoreServices.framework/Versions/A/Frameworks/SharedFileList.framework/Versions/A/SharedFileList
0x00007fff3ab82000 	/System/Library/Frameworks/NetFS.framework/Versions/A/NetFS
0x00007fff5b604000 	/System/Library/PrivateFrameworks/NetAuth.framework/Versions/A/NetAuth
0x00007fff67f49000 	/System/Library/PrivateFrameworks/login.framework/Versions/A/Frameworks/loginsupport.framework/Versions/A/loginsupport
0x00007fff6486e000 	/System/Library/PrivateFrameworks/TCC.framework/Versions/A/TCC
0x00007fff4c551000 	/System/Library/PrivateFrameworks/CoreNLP.framework/Versions/A/CoreNLP
0x00007fff5ab03000 	/System/Library/PrivateFrameworks/MetadataUtilities.framework/Versions/A/MetadataUtilities
0x00007fff6c21e000 	/usr/lib/libmecabra.dylib
0x00007fff6c176000 	/usr/lib/libmecab.dylib
0x00007fff6bdd2000 	/usr/lib/libgermantok.dylib
0x00007fff6b095000 	/usr/lib/libThaiTokenizer.dylib
0x00007fff6aa9b000 	/usr/lib/libChineseTokenizer.dylib
0x00007fff2fe9c000 	/System/Library/Frameworks/Accelerate.framework/Versions/A/Frameworks/vImage.framework/Versions/A/vImage
0x00007fff31306000 	/System/Library/Frameworks/Accelerate.framework/Versions/A/Frameworks/vecLib.framework/Versions/A/vecLib
0x00007fff31243000 	/System/Library/Frameworks/Accelerate.framework/Versions/A/Frameworks/vecLib.framework/Versions/A/libvMisc.dylib
0x00007fff3106b000 	/System/Library/Frameworks/Accelerate.framework/Versions/A/Frameworks/vecLib.framework/Versions/A/libvDSP.dylib
0x00007fff304f3000 	/System/Library/Frameworks/Accelerate.framework/Versions/A/Frameworks/vecLib.framework/Versions/A/libBLAS.dylib
0x00007fff30c2f000 	/System/Library/Frameworks/Accelerate.framework/Versions/A/Frameworks/vecLib.framework/Versions/A/libLAPACK.dylib
0x00007fff30fcb000 	/System/Library/Frameworks/Accelerate.framework/Versions/A/Frameworks/vecLib.framework/Versions/A/libLinearAlgebra.dylib
0x00007fff31058000 	/System/Library/Frameworks/Accelerate.framework/Versions/A/Frameworks/vecLib.framework/Versions/A/libSparseBLAS.dylib
0x00007fff30fe1000 	/System/Library/Frameworks/Accelerate.framework/Versions/A/Frameworks/vecLib.framework/Versions/A/libQuadrature.dylib
0x00007fff3075b000 	/System/Library/Frameworks/Accelerate.framework/Versions/A/Frameworks/vecLib.framework/Versions/A/libBNNS.dylib
0x00007fff30fe7000 	/System/Library/Frameworks/Accelerate.framework/Versions/A/Frameworks/vecLib.framework/Versions/A/libSparse.dylib
0x00007fff59679000 	/System/Library/PrivateFrameworks/LanguageModeling.framework/Versions/A/LanguageModeling
0x00007fff4bf01000 	/System/Library/PrivateFrameworks/CoreEmoji.framework/Versions/A/CoreEmoji
0x00007fff59797000 	/System/Library/PrivateFrameworks/LinguisticData.framework/Versions/A/LinguisticData
0x00007fff59748000 	/System/Library/PrivateFrameworks/Lexicon.framework/Versions/A/Lexicon
0x00007fff6b357000 	/usr/lib/libcmph.dylib
0x00007fff3d770000 	/System/Library/Frameworks/OpenDirectory.framework/Versions/A/Frameworks/CFOpenDirectory.framework/Versions/A/CFOpenDirectory
0x00007fff3d78d000 	/System/Library/Frameworks/OpenDirectory.framework/Versions/A/OpenDirectory
0x00007fff45bad000 	/System/Library/PrivateFrameworks/APFS.framework/Versions/A/APFS
0x00007fff40e7c000 	/System/Library/Frameworks/SecurityFoundation.framework/Versions/A/SecurityFoundation
0x00007fff6d41d000 	/usr/lib/libutil.dylib
0x00007fff4d436000 	/System/Library/PrivateFrameworks/CoreServicesStore.framework/Versions/A/CoreServicesStore
0x00007fff40f33000 	/System/Library/Frameworks/ServiceManagement.framework/Versions/A/ServiceManagement
0x00007fff49142000 	/System/Library/PrivateFrameworks/BackgroundTaskManagement.framework/Versions/A/BackgroundTaskManagement
0x00007fff6d51a000 	/usr/lib/libxslt.1.dylib
0x00007fff47fe6000 	/System/Library/PrivateFrameworks/AppleSystemInfo.framework/Versions/A/AppleSystemInfo
0x00007fff37330000 	/System/Library/Frameworks/ImageIO.framework/Versions/A/Resources/libJPEG.dylib
0x00007fff375ec000 	/System/Library/Frameworks/ImageIO.framework/Versions/A/Resources/libTIFF.dylib
0x00007fff375cf000 	/System/Library/Frameworks/ImageIO.framework/Versions/A/Resources/libPng.dylib
0x00007fff37272000 	/System/Library/Frameworks/ImageIO.framework/Versions/A/Resources/libGIF.dylib
0x00007fff37276000 	/System/Library/Frameworks/ImageIO.framework/Versions/A/Resources/libJP2.dylib
0x00007fff375ea000 	/System/Library/Frameworks/ImageIO.framework/Versions/A/Resources/libRadiance.dylib
0x00007fff6bd9b000 	/usr/lib/libexpat.1.dylib
0x00007fff47acf000 	/System/Library/PrivateFrameworks/AppleJPEG.framework/Versions/A/AppleJPEG
0x00007fff506fb000 	/System/Library/PrivateFrameworks/FontServices.framework/libFontParser.dylib
0x00007fff66f4f000 	/System/Library/PrivateFrameworks/WatchdogClient.framework/Versions/A/WatchdogClient
0x00007fff58cd5000 	/System/Library/PrivateFrameworks/IOAccelerator.framework/Versions/A/IOAccelerator
0x00007fff39afa000 	/System/Library/Frameworks/MetalPerformanceShaders.framework/Versions/A/MetalPerformanceShaders
0x00007fff5546e000 	/System/Library/PrivateFrameworks/GPUWrangler.framework/Versions/A/GPUWrangler
0x00007fff58cea000 	/System/Library/PrivateFrameworks/IOPresentment.framework/Versions/A/IOPresentment
0x00007fff4dfb2000 	/System/Library/PrivateFrameworks/DSExternalDisplay.framework/Versions/A/DSExternalDisplay
0x00007fff3e101000 	/System/Library/Frameworks/OpenGL.framework/Versions/A/Libraries/libCoreFSCache.dylib
0x00007fff39846000 	/System/Library/Frameworks/MetalPerformanceShaders.framework/Frameworks/MPSCore.framework/Versions/A/MPSCore
0x00007fff39884000 	/System/Library/Frameworks/MetalPerformanceShaders.framework/Frameworks/MPSImage.framework/Versions/A/MPSImage
0x00007fff3994b000 	/System/Library/Frameworks/MetalPerformanceShaders.framework/Frameworks/MPSNeuralNetwork.framework/Versions/A/MPSNeuralNetwork
0x00007fff3990f000 	/System/Library/Frameworks/MetalPerformanceShaders.framework/Frameworks/MPSMatrix.framework/Versions/A/MPSMatrix
0x00007fff39aaa000 	/System/Library/Frameworks/MetalPerformanceShaders.framework/Frameworks/MPSRayIntersector.framework/Versions/A/MPSRayIntersector
0x00007fff39935000 	/System/Library/Frameworks/MetalPerformanceShaders.framework/Frameworks/MPSNDArray.framework/Versions/A/MPSNDArray
0x00007fff5ab50000 	/System/Library/PrivateFrameworks/MetalTools.framework/Versions/A/MetalTools
0x00007fff46d7f000 	/System/Library/PrivateFrameworks/AggregateDictionary.framework/Versions/A/AggregateDictionary
0x00007fff4b95b000 	/System/Library/PrivateFrameworks/CoreAnalytics.framework/Versions/A/CoreAnalytics
0x00007fff47f05000 	/System/Library/PrivateFrameworks/AppleSauce.framework/Versions/A/AppleSauce
0x00007fff6ad57000 	/usr/lib/libIOReport.dylib
0x00007fff36202000 	/System/Library/Frameworks/CoreVideo.framework/Versions/A/CoreVideo
0x00007fff568e8000 	/System/Library/PrivateFrameworks/GraphVisualizer.framework/Versions/A/GraphVisualizer
0x00007fff4fc4f000 	/System/Library/PrivateFrameworks/FaceCore.framework/Versions/A/FaceCore
0x00007fff3d717000 	/System/Library/Frameworks/OpenCL.framework/Versions/A/OpenCL
0x00007fff6ab79000 	/usr/lib/libFosl_dynamic.dylib
0x00007fff5c019000 	/System/Library/PrivateFrameworks/OTSVG.framework/Versions/A/OTSVG
0x00007fff323c4000 	/System/Library/Frameworks/ApplicationServices.framework/Versions/A/Frameworks/ATS.framework/Versions/A/Resources/libFontRegistry.dylib
0x00007fff508cc000 	/System/Library/PrivateFrameworks/FontServices.framework/libhvf.dylib
0x00007fff3e10c000 	/System/Library/Frameworks/OpenGL.framework/Versions/A/Libraries/libGFXShared.dylib
0x00007fff3e2ea000 	/System/Library/Frameworks/OpenGL.framework/Versions/A/Libraries/libGLU.dylib
0x00007fff3e115000 	/System/Library/Frameworks/OpenGL.framework/Versions/A/Libraries/libGL.dylib
0x00007fff3e120000 	/System/Library/Frameworks/OpenGL.framework/Versions/A/Libraries/libGLImage.dylib
0x00007fff3e0fe000 	/System/Library/Frameworks/OpenGL.framework/Versions/A/Libraries/libCVMSPluginSupport.dylib
0x00007fff3e107000 	/System/Library/Frameworks/OpenGL.framework/Versions/A/Libraries/libCoreVMClient.dylib
0x00007fff6c7ed000 	/usr/lib/libncurses.5.4.dylib
0x00007fff322c0000 	/System/Library/Frameworks/ApplicationServices.framework/Versions/A/Frameworks/ATS.framework/Versions/A/ATS
0x00007fff3248d000 	/System/Library/Frameworks/ApplicationServices.framework/Versions/A/Frameworks/ColorSyncLegacy.framework/Versions/A/ColorSyncLegacy
0x00007fff3252b000 	/System/Library/Frameworks/ApplicationServices.framework/Versions/A/Frameworks/HIServices.framework/Versions/A/HIServices
0x00007fff32583000 	/System/Library/Frameworks/ApplicationServices.framework/Versions/A/Frameworks/LangAnalysis.framework/Versions/A/LangAnalysis
0x00007fff32592000 	/System/Library/Frameworks/ApplicationServices.framework/Versions/A/Frameworks/PrintCore.framework/Versions/A/PrintCore
0x00007fff325d8000 	/System/Library/Frameworks/ApplicationServices.framework/Versions/A/Frameworks/QD.framework/Versions/A/QD
0x00007fff325e3000 	/System/Library/Frameworks/ApplicationServices.framework/Versions/A/Frameworks/SpeechSynthesis.framework/Versions/A/SpeechSynthesis
0x00007fff3245d000 	/System/Library/Frameworks/ApplicationServices.framework/Versions/A/Frameworks/ATSUI.framework/Versions/A/ATSUI
0x00007fff6bc2f000 	/usr/lib/libcups.2.dylib
0x00007fff38b97000 	/System/Library/Frameworks/Kerberos.framework/Versions/A/Kerberos
0x00007fff36cd8000 	/System/Library/Frameworks/GSS.framework/Versions/A/GSS
0x00007fff6cf6e000 	/usr/lib/libresolv.9.dylib
0x00007fff56a96000 	/System/Library/PrivateFrameworks/Heimdal.framework/Versions/A/Heimdal
0x00007fff38baa000 	/System/Library/Frameworks/Kerberos.framework/Versions/A/Libraries/libHeimdalProxy.dylib
0x00007fff6bdd8000 	/usr/lib/libheimdal-asn1.dylib
0x00007fff4adf4000 	/System/Library/PrivateFrameworks/CommonAuth.framework/Versions/A/CommonAuth
0x00007fff48083000 	/System/Library/PrivateFrameworks/AssertionServices.framework/Versions/A/AssertionServices
0x00007fff48c25000 	/System/Library/PrivateFrameworks/AudioToolboxCore.framework/Versions/A/AudioToolboxCore
0x00007fff67bf9000 	/System/Library/PrivateFrameworks/caulk.framework/Versions/A/caulk
0x00007fff491ee000 	/System/Library/PrivateFrameworks/BaseBoard.framework/Versions/A/BaseBoard
0x00007fff60264000 	/System/Library/PrivateFrameworks/RunningBoardServices.framework/Versions/A/RunningBoardServices
0x00007fff5d278000 	/System/Library/PrivateFrameworks/PersistentConnection.framework/Versions/A/PersistentConnection
0x00007fff5fc5e000 	/System/Library/PrivateFrameworks/ProtocolBuffer.framework/Versions/A/ProtocolBuffer
0x00007fff4ae18000 	/System/Library/PrivateFrameworks/CommonUtilities.framework/Versions/A/CommonUtilities
0x00007fff4937c000 	/System/Library/PrivateFrameworks/Bom.framework/Versions/A/Bom
0x00007fff6aa2a000 	/usr/lib/libAudioToolboxUtility.dylib
0x00007fff4914c000 	/System/Library/PrivateFrameworks/Backup.framework/Versions/A/Backup
0x00007fff4ded3000 	/System/Library/PrivateFrameworks/CrashReporterSupport.framework/Versions/A/CrashReporterSupport
0x00007fff61cf2000 	/System/Library/PrivateFrameworks/Sharing.framework/Versions/A/Sharing
0x00007fff47692000 	/System/Library/PrivateFrameworks/Apple80211.framework/Versions/A/Apple80211
0x00007fff48e69000 	/System/Library/PrivateFrameworks/AuthKit.framework/Versions/A/AuthKit
0x00007fff4dbe3000 	/System/Library/PrivateFrameworks/CoreUtils.framework/Versions/A/CoreUtils
0x00007fff36247000 	/System/Library/Frameworks/CoreWLAN.framework/Versions/A/CoreWLAN
0x00007fff36e65000 	/System/Library/Frameworks/IOBluetooth.framework/Versions/A/IOBluetooth
0x00007fff5ae54000 	/System/Library/PrivateFrameworks/MobileKeyBag.framework/Versions/A/MobileKeyBag
0x00007fff4c9e9000 	/System/Library/PrivateFrameworks/CorePhoneNumbers.framework/Versions/A/CorePhoneNumbers
0x00007fff47a82000 	/System/Library/PrivateFrameworks/AppleIDAuthSupport.framework/Versions/A/AppleIDAuthSupport
0x00007fff3ab8f000 	/System/Library/Frameworks/Network.framework/Versions/A/Network
0x00007fff59525000 	/System/Library/PrivateFrameworks/KeychainCircle.framework/Versions/A/KeychainCircle
0x00007fff33ca0000 	/System/Library/Frameworks/CoreBluetooth.framework/Versions/A/CoreBluetooth
0x00007fff63d6f000 	/System/Library/PrivateFrameworks/SpeechRecognitionCore.framework/Versions/A/SpeechRecognitionCore
0x0000000110800000 	/Users/dgoptsii/Downloads/jdk-14.0.1.jdk/Contents/Home/lib/server/libjvm.dylib
0x000000010ffb0000 	/Users/dgoptsii/Downloads/jdk-14.0.1.jdk/Contents/Home/lib/libjimage.dylib
0x000000010ffbd000 	/Users/dgoptsii/Downloads/jdk-14.0.1.jdk/Contents/Home/lib/libinstrument.dylib
0x000000010ffcd000 	/Users/dgoptsii/Downloads/jdk-14.0.1.jdk/Contents/Home/lib/libjava.dylib
0x00000001115fb000 	/Users/dgoptsii/Downloads/jdk-14.0.1.jdk/Contents/Home/lib/libzip.dylib
0x0000000132a2a000 	/Users/dgoptsii/Downloads/jdk-14.0.1.jdk/Contents/Home/lib/libnio.dylib
0x0000000132a3d000 	/Users/dgoptsii/Downloads/jdk-14.0.1.jdk/Contents/Home/lib/libnet.dylib
0x0000000132add000 	/Users/dgoptsii/Downloads/jdk-14.0.1.jdk/Contents/Home/lib/libverify.dylib
0x000000011d4ec000 	/Users/dgoptsii/Downloads/jdk-14.0.1.jdk/Contents/Home/lib/libextnet.dylib
0x0000000132aec000 	/Users/dgoptsii/Downloads/jdk-14.0.1.jdk/Contents/Home/lib/libawt.dylib
0x0000000132b88000 	/Users/dgoptsii/Downloads/jdk-14.0.1.jdk/Contents/Home/lib/libmlib_image.dylib
0x00007fff38b80000 	/System/Library/Frameworks/JavaVM.framework/Versions/A/Frameworks/JavaNativeFoundation.framework/Versions/A/JavaNativeFoundation
0x00007fff38b89000 	/System/Library/Frameworks/JavaVM.framework/Versions/A/Frameworks/JavaRuntimeSupport.framework/Versions/A/JavaRuntimeSupport
0x00007fff38b92000 	/System/Library/Frameworks/JavaVM.framework/Versions/A/JavaVM
0x00007fff5933c000 	/System/Library/PrivateFrameworks/JavaLaunching.framework/Versions/A/JavaLaunching
0x00007fff32e71000 	/System/Library/Frameworks/Carbon.framework/Versions/A/Carbon
0x00007fff4d988000 	/System/Library/PrivateFrameworks/CoreSymbolication.framework/Versions/A/CoreSymbolication
0x00007fff32e72000 	/System/Library/Frameworks/Carbon.framework/Versions/A/Frameworks/CommonPanels.framework/Versions/A/CommonPanels
0x00007fff3316b000 	/System/Library/Frameworks/Carbon.framework/Versions/A/Frameworks/Help.framework/Versions/A/Help
0x00007fff3316f000 	/System/Library/Frameworks/Carbon.framework/Versions/A/Frameworks/ImageCapture.framework/Versions/A/ImageCapture
0x00007fff33176000 	/System/Library/Frameworks/Carbon.framework/Versions/A/Frameworks/OpenScripting.framework/Versions/A/OpenScripting
0x00007fff33175000 	/System/Library/Frameworks/Carbon.framework/Versions/A/Frameworks/Ink.framework/Versions/A/Ink
0x00007fff331b1000 	/System/Library/Frameworks/Carbon.framework/Versions/A/Frameworks/Print.framework/Versions/A/Print
0x00007fff331b2000 	/System/Library/Frameworks/Carbon.framework/Versions/A/Frameworks/SecurityHI.framework/Versions/A/SecurityHI
0x00007fff4e107000 	/System/Library/PrivateFrameworks/DebugSymbols.framework/Versions/A/DebugSymbols
0x0000000132bf4000 	/Users/dgoptsii/Downloads/jdk-14.0.1.jdk/Contents/Home/lib/libawt_lwawt.dylib
0x0000000132ca6000 	/Users/dgoptsii/Downloads/jdk-14.0.1.jdk/Contents/Home/lib/libosxapp.dylib
0x00007fff36744000 	/System/Library/Frameworks/ExceptionHandling.framework/Versions/A/ExceptionHandling
0x0000000132ccd000 	/Users/dgoptsii/Downloads/jdk-14.0.1.jdk/Contents/Home/lib/libfontmanager.dylib
0x0000000132dd3000 	/Users/dgoptsii/Downloads/jdk-14.0.1.jdk/Contents/Home/lib/libfreetype.dylib
0x00007fff4d402000 	/System/Library/PrivateFrameworks/CoreServicesInternal.framework/Versions/A/CoreServicesInternal
0x00007fff36763000 	/System/Library/Frameworks/FileProvider.framework/Versions/A/FileProvider
0x00007fff31307000 	/System/Library/Frameworks/Accounts.framework/Versions/A/Accounts
0x00007fff55793000 	/System/Library/PrivateFrameworks/GenerationalStorage.framework/Versions/A/GenerationalStorage
0x00007fff645af000 	/System/Library/PrivateFrameworks/SymptomDiagnosticReporter.framework/Versions/A/SymptomDiagnosticReporter
0x00007fff47197000 	/System/Library/PrivateFrameworks/AppContainer.framework/Versions/A/AppContainer
0x00007fff6cf88000 	/usr/lib/libsandbox.1.dylib
0x00007fff65ef3000 	/System/Library/PrivateFrameworks/UserManagement.framework/Versions/A/UserManagement
0x00007fff49f34000 	/System/Library/PrivateFrameworks/ChunkingLibrary.framework/Versions/A/ChunkingLibrary
0x00007fff47209000 	/System/Library/PrivateFrameworks/AppSandbox.framework/Versions/A/AppSandbox
0x00007fff61b7c000 	/System/Library/PrivateFrameworks/SecCodeWrapper.framework/Versions/A/SecCodeWrapper
0x00007fff6ae3f000 	/usr/lib/libMatch.1.dylib
0x00007fff27270000 	/System/Library/CoreServices/RawCamera.bundle/Contents/MacOS/RawCamera
0x00007fff5ac7e000 	/System/Library/PrivateFrameworks/MobileAsset.framework/Versions/A/MobileAsset
0x00007fff64457000 	/System/Library/PrivateFrameworks/StreamingZip.framework/Versions/A/StreamingZip
0x00007fff39012000 	/System/Library/Frameworks/MediaToolbox.framework/Versions/A/MediaToolbox
0x00007fff4b90b000 	/System/Library/PrivateFrameworks/CoreAVCHD.framework/Versions/A/CoreAVCHD
0x00007fff38f3c000 	/System/Library/Frameworks/MediaAccessibility.framework/Versions/A/MediaAccessibility
0x00007fff5a034000 	/System/Library/PrivateFrameworks/Mangrove.framework/Versions/A/Mangrove
0x00007fff3540f000 	/System/Library/Frameworks/CoreMedia.framework/Versions/A/CoreMedia
0x00007fff5a2a0000 	/System/Library/PrivateFrameworks/MediaExperience.framework/Versions/A/MediaExperience
0x00007fff41ecf000 	/System/Library/Frameworks/VideoToolbox.framework/Versions/A/VideoToolbox
0x00007fff4b535000 	/System/Library/PrivateFrameworks/CoreAUC.framework/Versions/A/CoreAUC
0x00007fff6cfe0000 	/usr/lib/libspindump.dylib
0x00007fff485d4000 	/System/Library/PrivateFrameworks/AudioResourceArbitration.framework/Versions/A/AudioResourceArbitration
0x00007fff47fea000 	/System/Library/PrivateFrameworks/AppleVA.framework/Versions/A/AppleVA
0x00007fff2fe85000 	/System/Library/Frameworks/Accelerate.framework/Versions/A/Frameworks/vImage.framework/Versions/A/Libraries/libCGInterfaces.dylib
0x0000000134acf000 	/usr/lib/libobjc-trampolines.dylib
0x00007fff50833000 	/System/Library/PrivateFrameworks/FontServices.framework/libTrueTypeScaler.dylib
0x00007fff299f7000 	/System/Library/Extensions/AppleIntelBDWGraphicsMTLDriver.bundle/Contents/MacOS/AppleIntelBDWGraphicsMTLDriver
0x00007fff53dbd000 	/System/Library/PrivateFrameworks/GPUCompiler.framework/Versions/3902/Libraries/libmetal_timestamp.dylib
0x00007fff66cbf000 	/System/Library/PrivateFrameworks/ViewBridge.framework/Versions/A/ViewBridge
0x0000000135b9d000 	/Users/dgoptsii/Game/natives/liblwjgl.dylib
0x0000000135c1f000 	/Users/dgoptsii/Downloads/jdk-14.0.1.jdk/Contents/Home/lib/libjawt.dylib
0x00007fff3ed72000 	/System/Library/Frameworks/OpenGL.framework/Versions/A/Resources/GLEngine.bundle/GLEngine
0x00007fff3e155000 	/System/Library/Frameworks/OpenGL.framework/Versions/A/Libraries/libGLProgrammability.dylib
0x00007fff294f2000 	/System/Library/Extensions/AppleIntelBDWGraphicsGLDriver.bundle/Contents/MacOS/AppleIntelBDWGraphicsGLDriver
0x00007fff55462000 	/System/Library/PrivateFrameworks/GPUSupport.framework/Versions/A/Libraries/libGPUSupportMercury.dylib
0x00007fff3eeec000 	/System/Library/Frameworks/OpenGL.framework/Versions/A/Resources/GLRendererFloat.bundle/GLRendererFloat
0x00007fff3d70e000 	/System/Library/Frameworks/OpenCL.framework/Versions/A/Libraries/libcldcpuengine.dylib
0x00007fff67f4c000 	/System/Library/PrivateFrameworks/login.framework/Versions/A/login


VM Arguments:
jvm_args: -Djava.library.path=/Users/dgoptsii/Game/natives:/Users/dgoptsii/Game/Libary -javaagent:/Applications/IntelliJ IDEA CE.app/Contents/lib/idea_rt.jar=65048:/Applications/IntelliJ IDEA CE.app/Contents/bin -Dfile.encoding=UTF-8 
java_command: Game.SetupGame
java_class_path (initial): /Users/dgoptsii/Game/out/production/GAME:/Users/dgoptsii/Game/Libary/Pack200Task.jar:/Users/dgoptsii/Game/libs/ibxm.jar:/Users/dgoptsii/Game/libs/jnlp.jar:/Users/dgoptsii/Game/libs/lwjgl.jar:/Users/dgoptsii/Game/libs/slick.jar:/Users/dgoptsii/Game/libs/jinput.jar:/Users/dgoptsii/Game/libs/jogg-0.0.7.jar:/Users/dgoptsii/Game/libs/lwjgl_util.jar:/Users/dgoptsii/Game/libs/tinylinepp.jar:/Users/dgoptsii/Game/libs/natives-mac.jar:/Users/dgoptsii/Game/libs/jorbis-0.0.15.jar:/Users/dgoptsii/Game/libs/natives-linux.jar:/Users/dgoptsii/Game/libs/slick-examples.jar:/Users/dgoptsii/Game/libs/natives-windows.jar:/Users/dgoptsii/Game/libs/lwjgl_util_applet.jar
Launcher Type: SUN_STANDARD

[Global flags]
     intx CICompilerCount                          = 3                                         {product} {ergonomic}
     uint ConcGCThreads                            = 1                                         {product} {ergonomic}
     uint G1ConcRefinementThreads                  = 4                                         {product} {ergonomic}
   size_t G1HeapRegionSize                         = 1048576                                   {product} {ergonomic}
    uintx GCDrainStackTargetSize                   = 64                                        {product} {ergonomic}
   size_t InitialHeapSize                          = 134217728                                 {product} {ergonomic}
   size_t MarkStackSize                            = 4194304                                   {product} {ergonomic}
   size_t MaxHeapSize                              = 2147483648                                {product} {ergonomic}
   size_t MaxNewSize                               = 1287651328                                {product} {ergonomic}
   size_t MinHeapDeltaBytes                        = 1048576                                   {product} {ergonomic}
   size_t MinHeapSize                              = 8388608                                   {product} {ergonomic}
    uintx NonNMethodCodeHeapSize                   = 5832780                                {pd product} {ergonomic}
    uintx NonProfiledCodeHeapSize                  = 122912730                              {pd product} {ergonomic}
    uintx ProfiledCodeHeapSize                     = 122912730                              {pd product} {ergonomic}
    uintx ReservedCodeCacheSize                    = 251658240                              {pd product} {ergonomic}
     bool SegmentedCodeCache                       = true                                      {product} {ergonomic}
   size_t SoftMaxHeapSize                          = 2147483648                             {manageable} {ergonomic}
     bool UseCompressedClassPointers               = true                                 {lp64_product} {ergonomic}
     bool UseCompressedOops                        = true                                 {lp64_product} {ergonomic}
     bool UseG1GC                                  = true                                      {product} {ergonomic}

Logging:
Log output configuration:
 #0: stdout all=warning uptime,level,tags
 #1: stderr all=off uptime,level,tags

Environment Variables:
PATH=/usr/local/bin:/usr/bin:/bin:/usr/sbin:/sbin
SHELL=/bin/bash

Signal Handlers:
SIGSEGV: [libjvm.dylib+0x741580], sa_mask[0]=11111111011111110111111111111111, sa_flags=SA_ONSTACK|SA_RESTART|SA_SIGINFO
SIGBUS: [libjvm.dylib+0x741580], sa_mask[0]=11111111011111110111111111111111, sa_flags=SA_RESTART|SA_SIGINFO
SIGFPE: [libjvm.dylib+0x741580], sa_mask[0]=11111111011111110111111111111111, sa_flags=SA_RESTART|SA_SIGINFO
SIGPIPE: [libjvm.dylib+0x5eb3a3], sa_mask[0]=11111111011111110111111111111111, sa_flags=SA_RESTART|SA_SIGINFO
SIGXFSZ: [libjvm.dylib+0x5eb3a3], sa_mask[0]=11111111011111110111111111111111, sa_flags=SA_RESTART|SA_SIGINFO
SIGILL: [libjvm.dylib+0x741580], sa_mask[0]=11111111011111110111111111111111, sa_flags=SA_RESTART|SA_SIGINFO
SIGUSR2: [libjvm.dylib+0x5eb975], sa_mask[0]=00100000000000000000000000000000, sa_flags=SA_RESTART|SA_SIGINFO
SIGHUP: [libjvm.dylib+0x5ea9d7], sa_mask[0]=11111111011111110111111111111111, sa_flags=SA_RESTART|SA_SIGINFO
SIGINT: [libjvm.dylib+0x5ea9d7], sa_mask[0]=11111111011111110111111111111111, sa_flags=SA_RESTART|SA_SIGINFO
SIGTERM: [libjvm.dylib+0x5ea9d7], sa_mask[0]=11111111011111110111111111111111, sa_flags=SA_RESTART|SA_SIGINFO
SIGQUIT: [libjvm.dylib+0x5ea9d7], sa_mask[0]=11111111011111110111111111111111, sa_flags=SA_RESTART|SA_SIGINFO


---------------  S Y S T E M  ---------------

OS:uname:Darwin 19.4.0 Darwin Kernel Version 19.4.0: Wed Mar  4 22:28:40 PST 2020; root:xnu-6153.101.6~15/RELEASE_X86_64 x86_64
OS uptime: 3 days 0:58 hours
rlimit: STACK 8192k, CORE 0k, NPROC 1392, NOFILE 10240, AS infinity, DATA infinity, FSIZE infinity
load average:2.85 2.53 2.72

CPU:total 4 (initial active 4) (2 cores per cpu, 2 threads per core) family 6 model 61 stepping 4, cmov, cx8, fxsr, mmx, sse, sse2, sse3, ssse3, sse4.1, sse4.2, popcnt, avx, avx2, aes, clmul, erms, 3dnowpref, lzcnt, ht, tsc, tscinvbit, bmi1, bmi2, adx, fma

Memory: 4k page, physical 8388608k(247200k free), swap 7340032k(1501696k free)

vm_info: OpenJDK 64-Bit Server VM (14.0.1+7) for bsd-amd64 JRE (14.0.1+7), built on Mar  5 2020 10:34:43 by "mach5one" with clang 4.2.1 Compatible Apple LLVM 10.0.0 (clang-1000.11.45.5)

END.
